/home/vincentq/scratch/ET_BIDS***/home/vincentq/scratch/ET_fmriprep_anat_20.1.1***/home/vincentq/scratch/src/ET_fmriprep_preopt.list******/home/vincentq/scratch/container_images/fmriprep_v20.1.1.simg***ET
Processing: sub-1120
Running task 33
Commandline: singularity run -B /home/vincentq:/home/fmriprep --home /home/fmriprep --cleanenv -B /home/vincentq/scratch/ET_BIDS:/data:ro -B /home/vincentq/scratch/ET_fmriprep_anat_20.1.1:/output -B /home/vincentq/scratch/src:/codes -B /home/vincentq/scratch/templateflow:/templateflow -B /home/vincentq/scratch/ET_fmriprep_anat_work:/work -B /home/vincentq/scratch/ET_fmriprep_anat_20.1.1/freesurfer-6.0.1:/fsdir /home/vincentq/scratch/container_images/fmriprep_v20.1.1.simg /data /output participant --participant-label 1120 -w /work --output-spaces MNI152NLin2009cAsym:res-2 anat fsnative fsaverage5 --anat-only --bids-filter-file /codes/pre_opt.json --fs-subjects-dir /fsdir --fs-license-file /home/fmriprep/.freesurfer/license.txt --cifti-out 91k --return-all-components --write-graph --skip_bids_validation --notrack --resource-monitor
200813-22:46:25,137 nipype.workflow IMPORTANT:
	 
    Running fMRIPREP version 20.1.1:
      * BIDS dataset path: /data.
      * Participant list: ['1120'].
      * Run identifier: 20200813-224451_ed47b5ce-c3f3-428e-97ab-361f008209d4.
      * Output spaces: MNI152NLin2009cAsym:res-2 anat fsnative fsaverage:den-10k.
      * Pre-run FreeSurfer's SUBJECTS_DIR: /fsdir.
200813-22:50:58,95 nipype.workflow INFO:
	 fMRIPrep workflow graph with 149 nodes built successfully.
200813-22:51:35,808 nipype.workflow IMPORTANT:
	 fMRIPrep started!
200813-22:51:45,11 nipype.workflow INFO:
	 [Node] Setting-up "fmriprep_wf.single_subject_1120_wf.anat_preproc_wf.brain_extraction_wf.lap_tmpl" in "/work/fmriprep_wf/single_subject_1120_wf/anat_preproc_wf/brain_extraction_wf/lap_tmpl".
200813-22:51:45,68 nipype.workflow INFO:
	 [Node] Setting-up "fmriprep_wf.single_subject_1120_wf.anat_preproc_wf.brain_extraction_wf.res_tmpl" in "/work/fmriprep_wf/single_subject_1120_wf/anat_preproc_wf/brain_extraction_wf/res_tmpl".
200813-22:51:45,86 nipype.workflow INFO:
	 [Node] Running "lap_tmpl" ("niworkflows.interfaces.ants.ImageMath"), a CommandLine Interface with command:
ImageMath 3 tpl-OASIS30ANTs_res-01_T1w_maths.nii.gz Laplacian /templateflow/tpl-OASIS30ANTs/tpl-OASIS30ANTs_res-01_T1w.nii.gz 1.5 1
200813-22:51:45,139 nipype.workflow INFO:
	 [Node] Running "res_tmpl" ("niworkflows.interfaces.ants.ResampleImageBySpacing"), a CommandLine Interface with command:
ResampleImageBySpacing 3 /templateflow/tpl-OASIS30ANTs/tpl-OASIS30ANTs_res-01_T1w.nii.gz tpl-OASIS30ANTs_res-01_T1w_resampled.nii.gz 4 4 4 1
200813-22:51:45,217 nipype.workflow INFO:
	 [Node] Setting-up "fmriprep_wf.single_subject_1120_wf.bidssrc" in "/work/fmriprep_wf/single_subject_1120_wf/bidssrc".
200813-22:51:46,158 nipype.workflow INFO:
	 [Node] Running "bidssrc" ("niworkflows.interfaces.bids.BIDSDataGrabber")
200813-22:51:46,160 nipype.interface INFO:
	 No "flair" images found for sub-1120
200813-22:51:46,160 nipype.interface INFO:
	 No "sbref" images found for sub-1120
200813-22:51:46,160 nipype.interface INFO:
	 No "roi" images found for sub-1120
200813-22:51:46,172 nipype.workflow INFO:
	 [Node] Finished "fmriprep_wf.single_subject_1120_wf.bidssrc".
200813-22:51:48,618 nipype.workflow INFO:
	 [Node] Setting-up "fmriprep_wf.single_subject_1120_wf.anat_preproc_wf.anat_template_wf.t1w_ref_dimensions" in "/work/fmriprep_wf/single_subject_1120_wf/anat_preproc_wf/anat_template_wf/t1w_ref_dimensions".
200813-22:51:49,311 nipype.workflow INFO:
	 [Node] Setting-up "fmriprep_wf.single_subject_1120_wf.bids_info" in "/work/fmriprep_wf/single_subject_1120_wf/bids_info".
200813-22:51:49,572 nipype.workflow INFO:
	 [Node] Running "bids_info" ("niworkflows.interfaces.bids.BIDSInfo")
200813-22:51:49,802 nipype.workflow INFO:
	 [Node] Running "t1w_ref_dimensions" ("niworkflows.interfaces.images.TemplateDimensions")
200813-22:51:50,44 nipype.workflow INFO:
	 [Node] Finished "fmriprep_wf.single_subject_1120_wf.bids_info".
200813-22:51:50,112 nipype.workflow INFO:
	 [Node] Finished "fmriprep_wf.single_subject_1120_wf.anat_preproc_wf.brain_extraction_wf.res_tmpl".
200813-22:51:51,247 nipype.workflow INFO:
	 [Node] Finished "fmriprep_wf.single_subject_1120_wf.anat_preproc_wf.anat_template_wf.t1w_ref_dimensions".
200813-22:51:53,32 nipype.workflow INFO:
	 [Node] Setting-up "fmriprep_wf.single_subject_1120_wf.anat_preproc_wf.anat_derivatives_wf.raw_sources" in "/work/fmriprep_wf/single_subject_1120_wf/anat_preproc_wf/anat_derivatives_wf/raw_sources".
200813-22:51:54,105 nipype.workflow INFO:
	 [Node] Running "raw_sources" ("nipype.interfaces.utility.wrappers.Function")
200813-22:51:54,117 nipype.workflow INFO:
	 [Node] Finished "fmriprep_wf.single_subject_1120_wf.anat_preproc_wf.anat_derivatives_wf.raw_sources".
200813-22:51:55,58 nipype.workflow INFO:
	 [Node] Setting-up "fmriprep_wf.single_subject_1120_wf.anat_preproc_wf.anat_template_wf.t1w_conform" in "/work/fmriprep_wf/single_subject_1120_wf/anat_preproc_wf/anat_template_wf/t1w_conform".
200813-22:51:55,72 nipype.workflow INFO:
	 [Node] Setting-up "_t1w_conform0" in "/work/fmriprep_wf/single_subject_1120_wf/anat_preproc_wf/anat_template_wf/t1w_conform/mapflow/_t1w_conform0".
200813-22:51:55,132 nipype.workflow INFO:
	 [Node] Running "_t1w_conform0" ("niworkflows.interfaces.images.Conform")
200813-22:51:55,225 nipype.workflow INFO:
	 [Node] Finished "_t1w_conform0".
200813-22:51:55,283 nipype.workflow INFO:
	 [Node] Finished "fmriprep_wf.single_subject_1120_wf.anat_preproc_wf.anat_template_wf.t1w_conform".
200813-22:51:57,12 nipype.workflow INFO:
	 [Node] Setting-up "fmriprep_wf.single_subject_1120_wf.anat_preproc_wf.anat_template_wf.get1st" in "/work/fmriprep_wf/single_subject_1120_wf/anat_preproc_wf/anat_template_wf/get1st".
200813-22:51:58,112 nipype.workflow INFO:
	 [Node] Running "get1st" ("nipype.interfaces.utility.base.Select")
200813-22:51:58,157 nipype.workflow INFO:
	 [Node] Finished "fmriprep_wf.single_subject_1120_wf.anat_preproc_wf.anat_template_wf.get1st".
200813-22:52:01,8 nipype.workflow INFO:
	 [Node] Setting-up "fmriprep_wf.single_subject_1120_wf.anat_preproc_wf.surface_recon_wf.fov_check" in "/work/fmriprep_wf/single_subject_1120_wf/anat_preproc_wf/surface_recon_wf/fov_check".
200813-22:52:01,64 nipype.workflow INFO:
	 [Node] Running "fov_check" ("nipype.interfaces.utility.wrappers.Function")
200813-22:52:01,177 nipype.workflow INFO:
	 [Node] Finished "fmriprep_wf.single_subject_1120_wf.anat_preproc_wf.brain_extraction_wf.lap_tmpl".
200813-22:52:01,458 nipype.workflow INFO:
	 [Node] Finished "fmriprep_wf.single_subject_1120_wf.anat_preproc_wf.surface_recon_wf.fov_check".
200813-22:52:02,81 nipype.workflow INFO:
	 [Node] Setting-up "fmriprep_wf.single_subject_1120_wf.anat_preproc_wf.brain_extraction_wf.truncate_images" in "/work/fmriprep_wf/single_subject_1120_wf/anat_preproc_wf/brain_extraction_wf/truncate_images".
200813-22:52:02,148 nipype.workflow INFO:
	 [Node] Setting-up "fmriprep_wf.single_subject_1120_wf.anat_preproc_wf.surface_recon_wf.recon_config" in "/work/fmriprep_wf/single_subject_1120_wf/anat_preproc_wf/surface_recon_wf/recon_config".
200813-22:52:02,151 nipype.workflow INFO:
	 [Node] Setting-up "_truncate_images0" in "/work/fmriprep_wf/single_subject_1120_wf/anat_preproc_wf/brain_extraction_wf/truncate_images/mapflow/_truncate_images0".
200813-22:52:02,211 nipype.workflow INFO:
	 [Node] Running "_truncate_images0" ("niworkflows.interfaces.ants.ImageMath"), a CommandLine Interface with command:
ImageMath 3 sub-1120_run-1_T1w_maths.nii.gz TruncateImageIntensity /data/sub-1120/ses-1/anat/sub-1120_run-1_T1w.nii.gz 0.01 0.999 256
200813-22:52:02,401 nipype.workflow INFO:
	 [Node] Running "recon_config" ("niworkflows.interfaces.freesurfer.FSDetectInputs")
200813-22:52:02,809 nipype.workflow INFO:
	 [Node] Finished "fmriprep_wf.single_subject_1120_wf.anat_preproc_wf.surface_recon_wf.recon_config".
200813-22:52:03,20 nipype.workflow INFO:
	 [Node] Setting-up "fmriprep_wf.single_subject_1120_wf.anat_preproc_wf.brain_extraction_wf.mrg_tmpl" in "/work/fmriprep_wf/single_subject_1120_wf/anat_preproc_wf/brain_extraction_wf/mrg_tmpl".
200813-22:52:03,178 nipype.workflow INFO:
	 [Node] Setting-up "fmriprep_wf.single_subject_1120_wf.anat_preproc_wf.surface_recon_wf.autorecon1" in "/work/fmriprep_wf/single_subject_1120_wf/anat_preproc_wf/surface_recon_wf/autorecon1".
200813-22:52:03,505 nipype.workflow INFO:
	 [Node] Running "mrg_tmpl" ("nipype.interfaces.utility.base.Merge")
200813-22:52:03,520 nipype.workflow INFO:
	 [Node] Finished "fmriprep_wf.single_subject_1120_wf.anat_preproc_wf.brain_extraction_wf.mrg_tmpl".
200813-22:52:04,282 nipype.workflow INFO:
	 [Node] Running "autorecon1" ("smriprep.interfaces.freesurfer.ReconAll"), a CommandLine Interface with command:
recon-all -autorecon1 -i /data/sub-1120/ses-1/anat/sub-1120_run-1_T1w.nii.gz -T2 /data/sub-1120/ses-1/anat/sub-1120_run-1_T2w.nii.gz -noskullstrip -openmp 8 -subjid sub-1120 -sd /fsdir
200813-22:52:11,162 nipype.workflow INFO:
	 [Node] Finished "_truncate_images0".
200813-22:52:11,169 nipype.workflow INFO:
	 [Node] Finished "fmriprep_wf.single_subject_1120_wf.anat_preproc_wf.brain_extraction_wf.truncate_images".
200813-22:52:13,22 nipype.workflow INFO:
	 [Node] Setting-up "fmriprep_wf.single_subject_1120_wf.anat_preproc_wf.brain_extraction_wf.inu_n4" in "/work/fmriprep_wf/single_subject_1120_wf/anat_preproc_wf/brain_extraction_wf/inu_n4".
200813-22:52:13,53 nipype.workflow INFO:
	 [Node] Setting-up "_inu_n40" in "/work/fmriprep_wf/single_subject_1120_wf/anat_preproc_wf/brain_extraction_wf/inu_n4/mapflow/_inu_n40".
200813-22:52:13,370 nipype.workflow INFO:
	 [Node] Running "_inu_n40" ("nipype.interfaces.ants.segmentation.N4BiasFieldCorrection"), a CommandLine Interface with command:
N4BiasFieldCorrection --bspline-fitting [ 200 ] -d 3 --input-image /work/fmriprep_wf/single_subject_1120_wf/anat_preproc_wf/brain_extraction_wf/truncate_images/mapflow/_truncate_images0/sub-1120_run-1_T1w_maths.nii.gz --convergence [ 50x50x50x50, 1e-07 ] --output sub-1120_run-1_T1w_maths_corrected.nii.gz --shrink-factor 4
200813-22:53:48,802 nipype.workflow INFO:
	 [Node] Finished "_inu_n40".
200813-22:53:48,810 nipype.workflow INFO:
	 [Node] Finished "fmriprep_wf.single_subject_1120_wf.anat_preproc_wf.brain_extraction_wf.inu_n4".
200813-22:53:50,207 nipype.workflow INFO:
	 [Node] Setting-up "fmriprep_wf.single_subject_1120_wf.anat_preproc_wf.brain_extraction_wf.res_target" in "/work/fmriprep_wf/single_subject_1120_wf/anat_preproc_wf/brain_extraction_wf/res_target".
200813-22:53:50,207 nipype.workflow INFO:
	 [Node] Setting-up "fmriprep_wf.single_subject_1120_wf.anat_preproc_wf.brain_extraction_wf.lap_target" in "/work/fmriprep_wf/single_subject_1120_wf/anat_preproc_wf/brain_extraction_wf/lap_target".
200813-22:53:50,222 nipype.workflow INFO:
	 [Node] Running "lap_target" ("niworkflows.interfaces.ants.ImageMath"), a CommandLine Interface with command:
ImageMath 3 sub-1120_run-1_T1w_maths_corrected_maths.nii.gz Laplacian /work/fmriprep_wf/single_subject_1120_wf/anat_preproc_wf/brain_extraction_wf/inu_n4/mapflow/_inu_n40/sub-1120_run-1_T1w_maths_corrected.nii.gz 1.5 1
200813-22:53:50,434 nipype.workflow INFO:
	 [Node] Running "res_target" ("niworkflows.interfaces.ants.ResampleImageBySpacing"), a CommandLine Interface with command:
ResampleImageBySpacing 3 /work/fmriprep_wf/single_subject_1120_wf/anat_preproc_wf/brain_extraction_wf/inu_n4/mapflow/_inu_n40/sub-1120_run-1_T1w_maths_corrected.nii.gz sub-1120_run-1_T1w_maths_corrected_resampled.nii.gz 4 4 4 1
200813-22:53:53,405 nipype.workflow INFO:
	 [Node] Finished "fmriprep_wf.single_subject_1120_wf.anat_preproc_wf.brain_extraction_wf.res_target".
200813-22:53:56,235 nipype.workflow INFO:
	 [Node] Setting-up "fmriprep_wf.single_subject_1120_wf.anat_preproc_wf.brain_extraction_wf.init_aff" in "/work/fmriprep_wf/single_subject_1120_wf/anat_preproc_wf/brain_extraction_wf/init_aff".
200813-22:53:56,260 nipype.workflow INFO:
	 [Node] Running "init_aff" ("niworkflows.interfaces.ants.AI"), a CommandLine Interface with command:
antsAI -c [10,0.000001,10] -d 3 -x /templateflow/tpl-OASIS30ANTs/tpl-OASIS30ANTs_res-01_desc-BrainCerebellumExtraction_mask.nii.gz -m Mattes[/work/fmriprep_wf/single_subject_1120_wf/anat_preproc_wf/brain_extraction_wf/res_tmpl/tpl-OASIS30ANTs_res-01_T1w_resampled.nii.gz,/work/fmriprep_wf/single_subject_1120_wf/anat_preproc_wf/brain_extraction_wf/res_target/sub-1120_run-1_T1w_maths_corrected_resampled.nii.gz,32,Regular,0.250000] -o initialization.mat -p 0 -s [15.000000,0.100000] -t Affine[0.100000] -v 1
200813-22:53:59,883 nipype.workflow INFO:
	 [Node] Finished "fmriprep_wf.single_subject_1120_wf.anat_preproc_wf.brain_extraction_wf.init_aff".
200813-22:54:06,498 nipype.workflow INFO:
	 [Node] Finished "fmriprep_wf.single_subject_1120_wf.anat_preproc_wf.brain_extraction_wf.lap_target".
200813-22:54:07,161 nipype.workflow INFO:
	 [Node] Setting-up "fmriprep_wf.single_subject_1120_wf.anat_preproc_wf.brain_extraction_wf.mrg_target" in "/work/fmriprep_wf/single_subject_1120_wf/anat_preproc_wf/brain_extraction_wf/mrg_target".
200813-22:54:08,274 nipype.workflow INFO:
	 [Node] Running "mrg_target" ("nipype.interfaces.utility.base.Merge")
200813-22:54:08,288 nipype.workflow INFO:
	 [Node] Finished "fmriprep_wf.single_subject_1120_wf.anat_preproc_wf.brain_extraction_wf.mrg_target".
200813-22:54:10,198 nipype.workflow INFO:
	 [Node] Setting-up "fmriprep_wf.single_subject_1120_wf.anat_preproc_wf.brain_extraction_wf.norm" in "/work/fmriprep_wf/single_subject_1120_wf/anat_preproc_wf/brain_extraction_wf/norm".
200813-22:54:10,263 nipype.workflow INFO:
	 [Node] Running "norm" ("niworkflows.interfaces.fixes.FixHeaderRegistration"), a CommandLine Interface with command:
antsRegistration --collapse-output-transforms 1 --dimensionality 3 --float 1 --initial-moving-transform [ /work/fmriprep_wf/single_subject_1120_wf/anat_preproc_wf/brain_extraction_wf/init_aff/initialization.mat, 0 ] --initialize-transforms-per-stage 0 --interpolation LanczosWindowedSinc --output [ anat_to_template, anat_to_template_Warped.nii.gz ] --transform Rigid[ 0.1 ] --metric MI[ /templateflow/tpl-OASIS30ANTs/tpl-OASIS30ANTs_res-01_T1w.nii.gz, /work/fmriprep_wf/single_subject_1120_wf/anat_preproc_wf/brain_extraction_wf/inu_n4/mapflow/_inu_n40/sub-1120_run-1_T1w_maths_corrected.nii.gz, 1, 32, Regular, 0.25 ] --convergence [ 1000x500x250x100, 1e-08, 10 ] --smoothing-sigmas 4.0x2.0x1.0x0.0vox --shrink-factors 8x4x2x1 --use-histogram-matching 1 --masks [ /templateflow/tpl-OASIS30ANTs/tpl-OASIS30ANTs_res-01_desc-BrainCerebellumExtraction_mask.nii.gz, NULL ] --transform Affine[ 0.1 ] --metric MI[ /templateflow/tpl-OASIS30ANTs/tpl-OASIS30ANTs_res-01_T1w.nii.gz, /work/fmriprep_wf/single_subject_1120_wf/anat_preproc_wf/brain_extraction_wf/inu_n4/mapflow/_inu_n40/sub-1120_run-1_T1w_maths_corrected.nii.gz, 1, 32, Regular, 0.25 ] --convergence [ 1000x500x250x100, 1e-08, 10 ] --smoothing-sigmas 4.0x2.0x1.0x0.0vox --shrink-factors 8x4x2x1 --use-histogram-matching 1 --masks [ /templateflow/tpl-OASIS30ANTs/tpl-OASIS30ANTs_res-01_desc-BrainCerebellumExtraction_mask.nii.gz, NULL ] --transform SyN[ 0.1, 3.0, 0.0 ] --metric CC[ /templateflow/tpl-OASIS30ANTs/tpl-OASIS30ANTs_res-01_T1w.nii.gz, /work/fmriprep_wf/single_subject_1120_wf/anat_preproc_wf/brain_extraction_wf/inu_n4/mapflow/_inu_n40/sub-1120_run-1_T1w_maths_corrected.nii.gz, 0.5, 4, None, 1 ] --metric CC[ /work/fmriprep_wf/single_subject_1120_wf/anat_preproc_wf/brain_extraction_wf/lap_tmpl/tpl-OASIS30ANTs_res-01_T1w_maths.nii.gz, /work/fmriprep_wf/single_subject_1120_wf/anat_preproc_wf/brain_extraction_wf/lap_target/sub-1120_run-1_T1w_maths_corrected_maths.nii.gz, 0.5, 4, None, 1 ] --convergence [ 50x10x0, 1e-09, 15 ] --smoothing-sigmas 2.0x1.0x0.0vox --shrink-factors 4x2x1 --use-histogram-matching 1 --masks [ /templateflow/tpl-OASIS30ANTs/tpl-OASIS30ANTs_res-01_desc-BrainCerebellumExtraction_mask.nii.gz, NULL ] -v --winsorize-image-intensities [ 0.025, 0.975 ]  --write-composite-transform 0
200813-22:58:02,289 nipype.workflow INFO:
	 [Node] Finished "fmriprep_wf.single_subject_1120_wf.anat_preproc_wf.surface_recon_wf.autorecon1".
200813-22:58:04,643 nipype.workflow INFO:
	 [Node] Setting-up "fmriprep_wf.single_subject_1120_wf.anat_preproc_wf.surface_recon_wf.fsnative2t1w_xfm" in "/work/fmriprep_wf/single_subject_1120_wf/anat_preproc_wf/surface_recon_wf/fsnative2t1w_xfm".
200813-22:58:05,231 nipype.workflow INFO:
	 [Node] Running "fsnative2t1w_xfm" ("niworkflows.interfaces.freesurfer.PatchedRobustRegister"), a CommandLine Interface with command:
mri_robust_register --satit --iscale --lta /work/fmriprep_wf/single_subject_1120_wf/anat_preproc_wf/surface_recon_wf/fsnative2t1w_xfm/T1_robustreg.lta --mov /fsdir/sub-1120/mri/T1.mgz --dst /data/sub-1120/ses-1/anat/sub-1120_run-1_T1w.nii.gz
200813-22:59:04,121 nipype.workflow INFO:
	 [Node] Finished "fmriprep_wf.single_subject_1120_wf.anat_preproc_wf.surface_recon_wf.fsnative2t1w_xfm".
200813-22:59:07,853 nipype.workflow INFO:
	 [Node] Setting-up "fmriprep_wf.single_subject_1120_wf.anat_preproc_wf.surface_recon_wf.t1w2fsnative_xfm" in "/work/fmriprep_wf/single_subject_1120_wf/anat_preproc_wf/surface_recon_wf/t1w2fsnative_xfm".
200813-22:59:08,97 nipype.workflow INFO:
	 [Node] Running "t1w2fsnative_xfm" ("niworkflows.interfaces.freesurfer.PatchedLTAConvert"), a CommandLine Interface with command:
lta_convert --inlta /work/fmriprep_wf/single_subject_1120_wf/anat_preproc_wf/surface_recon_wf/fsnative2t1w_xfm/T1_robustreg.lta --invert --outlta /work/fmriprep_wf/single_subject_1120_wf/anat_preproc_wf/surface_recon_wf/t1w2fsnative_xfm/out.lta
200813-22:59:08,257 nipype.workflow INFO:
	 [Node] Finished "fmriprep_wf.single_subject_1120_wf.anat_preproc_wf.surface_recon_wf.t1w2fsnative_xfm".
200813-23:13:27,62 nipype.workflow INFO:
	 [Node] Finished "fmriprep_wf.single_subject_1120_wf.anat_preproc_wf.brain_extraction_wf.norm".
200813-23:13:29,716 nipype.workflow INFO:
	 [Node] Setting-up "fmriprep_wf.single_subject_1120_wf.anat_preproc_wf.brain_extraction_wf.map_brainmask" in "/work/fmriprep_wf/single_subject_1120_wf/anat_preproc_wf/brain_extraction_wf/map_brainmask".
200813-23:13:29,775 nipype.workflow INFO:
	 [Node] Running "map_brainmask" ("niworkflows.interfaces.fixes.FixHeaderApplyTransforms"), a CommandLine Interface with command:
antsApplyTransforms --default-value 0 --float 1 --input /templateflow/tpl-OASIS30ANTs/tpl-OASIS30ANTs_res-01_label-brain_probseg.nii.gz --interpolation Gaussian --output tpl-OASIS30ANTs_res-01_label-brain_probseg_trans.nii.gz --reference-image /data/sub-1120/ses-1/anat/sub-1120_run-1_T1w.nii.gz --transform [ /work/fmriprep_wf/single_subject_1120_wf/anat_preproc_wf/brain_extraction_wf/norm/anat_to_template0GenericAffine.mat, 1 ] --transform [ /work/fmriprep_wf/single_subject_1120_wf/anat_preproc_wf/brain_extraction_wf/norm/anat_to_template1InverseWarp.nii.gz, 0 ]
200813-23:14:13,487 nipype.workflow INFO:
	 [Node] Finished "fmriprep_wf.single_subject_1120_wf.anat_preproc_wf.brain_extraction_wf.map_brainmask".
200813-23:14:15,810 nipype.workflow INFO:
	 [Node] Setting-up "fmriprep_wf.single_subject_1120_wf.anat_preproc_wf.brain_extraction_wf.thr_brainmask" in "/work/fmriprep_wf/single_subject_1120_wf/anat_preproc_wf/brain_extraction_wf/thr_brainmask".
200813-23:14:15,947 nipype.workflow INFO:
	 [Node] Running "thr_brainmask" ("niworkflows.interfaces.ants.ThresholdImage"), a CommandLine Interface with command:
ThresholdImage 3 /work/fmriprep_wf/single_subject_1120_wf/anat_preproc_wf/brain_extraction_wf/map_brainmask/tpl-OASIS30ANTs_res-01_label-brain_probseg_trans.nii.gz tpl-OASIS30ANTs_res-01_label-brain_probseg_trans_resampled.nii.gz 0.500000 1.000000 1.000000 0.000000
200813-23:14:17,296 nipype.workflow INFO:
	 [Node] Finished "fmriprep_wf.single_subject_1120_wf.anat_preproc_wf.brain_extraction_wf.thr_brainmask".
200813-23:14:19,837 nipype.workflow INFO:
	 [Node] Setting-up "fmriprep_wf.single_subject_1120_wf.anat_preproc_wf.brain_extraction_wf.atropos_wf.03_pad_mask" in "/work/fmriprep_wf/single_subject_1120_wf/anat_preproc_wf/brain_extraction_wf/atropos_wf/03_pad_mask".
200813-23:14:19,837 nipype.workflow INFO:
	 [Node] Setting-up "fmriprep_wf.single_subject_1120_wf.anat_preproc_wf.brain_extraction_wf.dil_brainmask" in "/work/fmriprep_wf/single_subject_1120_wf/anat_preproc_wf/brain_extraction_wf/dil_brainmask".
200813-23:14:19,876 nipype.workflow INFO:
	 [Node] Running "dil_brainmask" ("niworkflows.interfaces.ants.ImageMath"), a CommandLine Interface with command:
ImageMath 3 tpl-OASIS30ANTs_res-01_label-brain_probseg_trans_resampled_maths.nii.gz MD /work/fmriprep_wf/single_subject_1120_wf/anat_preproc_wf/brain_extraction_wf/thr_brainmask/tpl-OASIS30ANTs_res-01_label-brain_probseg_trans_resampled.nii.gz 2
200813-23:14:20,20 nipype.workflow INFO:
	 [Node] Running "03_pad_mask" ("niworkflows.interfaces.ants.ImageMath"), a CommandLine Interface with command:
ImageMath 3 tpl-OASIS30ANTs_res-01_label-brain_probseg_trans_resampled_maths.nii.gz PadImage /work/fmriprep_wf/single_subject_1120_wf/anat_preproc_wf/brain_extraction_wf/thr_brainmask/tpl-OASIS30ANTs_res-01_label-brain_probseg_trans_resampled.nii.gz 10
200813-23:14:21,530 nipype.workflow INFO:
	 [Node] Finished "fmriprep_wf.single_subject_1120_wf.anat_preproc_wf.brain_extraction_wf.atropos_wf.03_pad_mask".
200813-23:14:21,904 nipype.workflow INFO:
	 [Node] Finished "fmriprep_wf.single_subject_1120_wf.anat_preproc_wf.brain_extraction_wf.dil_brainmask".
200813-23:14:23,818 nipype.workflow INFO:
	 [Node] Setting-up "fmriprep_wf.single_subject_1120_wf.anat_preproc_wf.brain_extraction_wf.get_brainmask" in "/work/fmriprep_wf/single_subject_1120_wf/anat_preproc_wf/brain_extraction_wf/get_brainmask".
200813-23:14:23,874 nipype.workflow INFO:
	 [Node] Running "get_brainmask" ("niworkflows.interfaces.ants.ImageMath"), a CommandLine Interface with command:
ImageMath 3 tpl-OASIS30ANTs_res-01_label-brain_probseg_trans_resampled_maths_maths.nii.gz GetLargestComponent /work/fmriprep_wf/single_subject_1120_wf/anat_preproc_wf/brain_extraction_wf/dil_brainmask/tpl-OASIS30ANTs_res-01_label-brain_probseg_trans_resampled_maths.nii.gz
200813-23:14:26,138 nipype.workflow INFO:
	 [Node] Finished "fmriprep_wf.single_subject_1120_wf.anat_preproc_wf.brain_extraction_wf.get_brainmask".
200813-23:14:26,875 nipype.workflow INFO:
	 [Node] Setting-up "fmriprep_wf.single_subject_1120_wf.anat_preproc_wf.brain_extraction_wf.atropos_wf.01_atropos" in "/work/fmriprep_wf/single_subject_1120_wf/anat_preproc_wf/brain_extraction_wf/atropos_wf/01_atropos".
200813-23:14:27,824 nipype.workflow INFO:
	 [Node] Running "01_atropos" ("nipype.interfaces.ants.segmentation.Atropos"), a CommandLine Interface with command:
Atropos --image-dimensionality 3 --initialization KMeans[3] --intensity-image /work/fmriprep_wf/single_subject_1120_wf/anat_preproc_wf/brain_extraction_wf/inu_n4/mapflow/_inu_n40/sub-1120_run-1_T1w_maths_corrected.nii.gz --likelihood-model Gaussian --mask-image /work/fmriprep_wf/single_subject_1120_wf/anat_preproc_wf/brain_extraction_wf/get_brainmask/tpl-OASIS30ANTs_res-01_label-brain_probseg_trans_resampled_maths_maths.nii.gz --mrf [0.1,1x1x1] --convergence [3,0] --output [sub-1120_run-1_T1w_maths_corrected_labeled.nii.gz] --use-random-seed 1
200813-23:15:36,845 nipype.workflow INFO:
	 [Node] Finished "fmriprep_wf.single_subject_1120_wf.anat_preproc_wf.brain_extraction_wf.atropos_wf.01_atropos".
200813-23:15:39,930 nipype.workflow INFO:
	 [Node] Setting-up "fmriprep_wf.single_subject_1120_wf.anat_preproc_wf.brain_extraction_wf.atropos_wf.02_pad_segm" in "/work/fmriprep_wf/single_subject_1120_wf/anat_preproc_wf/brain_extraction_wf/atropos_wf/02_pad_segm".
200813-23:15:39,944 nipype.workflow INFO:
	 [Node] Running "02_pad_segm" ("niworkflows.interfaces.ants.ImageMath"), a CommandLine Interface with command:
ImageMath 3 sub-1120_run-1_T1w_maths_corrected_labeled_maths.nii.gz PadImage /work/fmriprep_wf/single_subject_1120_wf/anat_preproc_wf/brain_extraction_wf/atropos_wf/01_atropos/sub-1120_run-1_T1w_maths_corrected_labeled.nii.gz 10
200813-23:15:41,919 nipype.workflow INFO:
	 [Node] Finished "fmriprep_wf.single_subject_1120_wf.anat_preproc_wf.brain_extraction_wf.atropos_wf.02_pad_segm".
200813-23:15:42,906 nipype.workflow INFO:
	 [Node] Setting-up "fmriprep_wf.single_subject_1120_wf.anat_preproc_wf.brain_extraction_wf.atropos_wf.04_sel_labels" in "/work/fmriprep_wf/single_subject_1120_wf/anat_preproc_wf/brain_extraction_wf/atropos_wf/04_sel_labels".
200813-23:15:44,36 nipype.workflow INFO:
	 [Node] Running "04_sel_labels" ("nipype.interfaces.utility.wrappers.Function")
200813-23:15:44,457 nipype.workflow INFO:
	 [Node] Finished "fmriprep_wf.single_subject_1120_wf.anat_preproc_wf.brain_extraction_wf.atropos_wf.04_sel_labels".
200813-23:15:45,986 nipype.workflow INFO:
	 [Node] Setting-up "fmriprep_wf.single_subject_1120_wf.anat_preproc_wf.brain_extraction_wf.atropos_wf.06_get_gm" in "/work/fmriprep_wf/single_subject_1120_wf/anat_preproc_wf/brain_extraction_wf/atropos_wf/06_get_gm".
200813-23:15:45,986 nipype.workflow INFO:
	 [Node] Setting-up "fmriprep_wf.single_subject_1120_wf.anat_preproc_wf.brain_extraction_wf.atropos_wf.27_depad_csf" in "/work/fmriprep_wf/single_subject_1120_wf/anat_preproc_wf/brain_extraction_wf/atropos_wf/27_depad_csf".
200813-23:15:45,986 nipype.workflow INFO:
	 [Node] Setting-up "fmriprep_wf.single_subject_1120_wf.anat_preproc_wf.brain_extraction_wf.atropos_wf.05_get_wm" in "/work/fmriprep_wf/single_subject_1120_wf/anat_preproc_wf/brain_extraction_wf/atropos_wf/05_get_wm".
200813-23:15:45,987 nipype.workflow INFO:
	 [Node] Setting-up "fmriprep_wf.single_subject_1120_wf.anat_preproc_wf.brain_extraction_wf.atropos_wf.10_me_csf" in "/work/fmriprep_wf/single_subject_1120_wf/anat_preproc_wf/brain_extraction_wf/atropos_wf/10_me_csf".
200813-23:15:46,2 nipype.workflow INFO:
	 [Node] Running "06_get_gm" ("niworkflows.interfaces.ants.ImageMath"), a CommandLine Interface with command:
ImageMath 3 sub-1120_run-1_T1w_maths_corrected_labeled_maths_class-02_maths.nii.gz GetLargestComponent /work/fmriprep_wf/single_subject_1120_wf/anat_preproc_wf/brain_extraction_wf/atropos_wf/04_sel_labels/sub-1120_run-1_T1w_maths_corrected_labeled_maths_class-02.nii.gz
200813-23:15:46,2 nipype.workflow INFO:
	 [Node] Running "05_get_wm" ("niworkflows.interfaces.ants.ImageMath"), a CommandLine Interface with command:
ImageMath 3 sub-1120_run-1_T1w_maths_corrected_labeled_maths_class-03_maths.nii.gz GetLargestComponent /work/fmriprep_wf/single_subject_1120_wf/anat_preproc_wf/brain_extraction_wf/atropos_wf/04_sel_labels/sub-1120_run-1_T1w_maths_corrected_labeled_maths_class-03.nii.gz
200813-23:15:46,56 nipype.workflow INFO:
	 [Node] Running "10_me_csf" ("niworkflows.interfaces.ants.ImageMath"), a CommandLine Interface with command:
ImageMath 3 sub-1120_run-1_T1w_maths_corrected_labeled_maths_class-01_maths.nii.gz ME /work/fmriprep_wf/single_subject_1120_wf/anat_preproc_wf/brain_extraction_wf/atropos_wf/04_sel_labels/sub-1120_run-1_T1w_maths_corrected_labeled_maths_class-01.nii.gz 10
200813-23:15:46,229 nipype.workflow INFO:
	 [Node] Running "27_depad_csf" ("niworkflows.interfaces.ants.ImageMath"), a CommandLine Interface with command:
ImageMath 3 sub-1120_run-1_T1w_maths_corrected_labeled_maths_class-01_maths.nii.gz PadImage /work/fmriprep_wf/single_subject_1120_wf/anat_preproc_wf/brain_extraction_wf/atropos_wf/04_sel_labels/sub-1120_run-1_T1w_maths_corrected_labeled_maths_class-01.nii.gz -10
200813-23:15:47,521 nipype.workflow INFO:
	 [Node] Finished "fmriprep_wf.single_subject_1120_wf.anat_preproc_wf.brain_extraction_wf.atropos_wf.27_depad_csf".
200813-23:15:48,124 nipype.workflow INFO:
	 [Node] Finished "fmriprep_wf.single_subject_1120_wf.anat_preproc_wf.brain_extraction_wf.atropos_wf.05_get_wm".
200813-23:15:48,326 nipype.workflow INFO:
	 [Node] Finished "fmriprep_wf.single_subject_1120_wf.anat_preproc_wf.brain_extraction_wf.atropos_wf.06_get_gm".
200813-23:15:49,13 nipype.workflow INFO:
	 [Node] Setting-up "fmriprep_wf.single_subject_1120_wf.anat_preproc_wf.brain_extraction_wf.atropos_wf.09_relabel_wm" in "/work/fmriprep_wf/single_subject_1120_wf/anat_preproc_wf/brain_extraction_wf/atropos_wf/09_relabel_wm".
200813-23:15:49,970 nipype.workflow INFO:
	 [Node] Setting-up "fmriprep_wf.single_subject_1120_wf.anat_preproc_wf.brain_extraction_wf.atropos_wf.07_fill_gm" in "/work/fmriprep_wf/single_subject_1120_wf/anat_preproc_wf/brain_extraction_wf/atropos_wf/07_fill_gm".
200813-23:15:49,980 nipype.workflow INFO:
	 [Node] Running "09_relabel_wm" ("nipype.interfaces.ants.utils.MultiplyImages"), a CommandLine Interface with command:
MultiplyImages 3 /work/fmriprep_wf/single_subject_1120_wf/anat_preproc_wf/brain_extraction_wf/atropos_wf/05_get_wm/sub-1120_run-1_T1w_maths_corrected_labeled_maths_class-03_maths.nii.gz 3.0 09_relabel_wm.nii.gz
200813-23:15:50,131 nipype.workflow INFO:
	 [Node] Running "07_fill_gm" ("niworkflows.interfaces.ants.ImageMath"), a CommandLine Interface with command:
ImageMath 3 sub-1120_run-1_T1w_maths_corrected_labeled_maths_class-02_maths_maths.nii.gz FillHoles /work/fmriprep_wf/single_subject_1120_wf/anat_preproc_wf/brain_extraction_wf/atropos_wf/06_get_gm/sub-1120_run-1_T1w_maths_corrected_labeled_maths_class-02_maths.nii.gz 2
200813-23:15:51,380 nipype.workflow INFO:
	 [Node] Finished "fmriprep_wf.single_subject_1120_wf.anat_preproc_wf.brain_extraction_wf.atropos_wf.09_relabel_wm".
200813-23:15:52,577 nipype.workflow INFO:
	 [Node] Finished "fmriprep_wf.single_subject_1120_wf.anat_preproc_wf.brain_extraction_wf.atropos_wf.10_me_csf".
200813-23:15:53,955 nipype.workflow INFO:
	 [Node] Setting-up "fmriprep_wf.single_subject_1120_wf.anat_preproc_wf.brain_extraction_wf.atropos_wf.26_depad_wm" in "/work/fmriprep_wf/single_subject_1120_wf/anat_preproc_wf/brain_extraction_wf/atropos_wf/26_depad_wm".
200813-23:15:53,969 nipype.workflow INFO:
	 [Node] Running "26_depad_wm" ("niworkflows.interfaces.ants.ImageMath"), a CommandLine Interface with command:
ImageMath 3 09_relabel_wm_maths.nii.gz PadImage /work/fmriprep_wf/single_subject_1120_wf/anat_preproc_wf/brain_extraction_wf/atropos_wf/09_relabel_wm/09_relabel_wm.nii.gz -10
200813-23:15:55,470 nipype.workflow INFO:
	 [Node] Finished "fmriprep_wf.single_subject_1120_wf.anat_preproc_wf.brain_extraction_wf.atropos_wf.26_depad_wm".
200813-23:16:00,358 nipype.workflow INFO:
	 [Node] Finished "fmriprep_wf.single_subject_1120_wf.anat_preproc_wf.brain_extraction_wf.atropos_wf.07_fill_gm".
200813-23:16:01,26 nipype.workflow INFO:
	 [Node] Setting-up "fmriprep_wf.single_subject_1120_wf.anat_preproc_wf.brain_extraction_wf.atropos_wf.08_mult_gm" in "/work/fmriprep_wf/single_subject_1120_wf/anat_preproc_wf/brain_extraction_wf/atropos_wf/08_mult_gm".
200813-23:16:02,87 nipype.workflow INFO:
	 [Node] Running "08_mult_gm" ("nipype.interfaces.ants.utils.MultiplyImages"), a CommandLine Interface with command:
MultiplyImages 3 /work/fmriprep_wf/single_subject_1120_wf/anat_preproc_wf/brain_extraction_wf/atropos_wf/06_get_gm/sub-1120_run-1_T1w_maths_corrected_labeled_maths_class-02_maths.nii.gz /work/fmriprep_wf/single_subject_1120_wf/anat_preproc_wf/brain_extraction_wf/atropos_wf/07_fill_gm/sub-1120_run-1_T1w_maths_corrected_labeled_maths_class-02_maths_maths.nii.gz 08_mult_gm.nii.gz
200813-23:16:03,647 nipype.workflow INFO:
	 [Node] Finished "fmriprep_wf.single_subject_1120_wf.anat_preproc_wf.brain_extraction_wf.atropos_wf.08_mult_gm".
200813-23:16:05,963 nipype.workflow INFO:
	 [Node] Setting-up "fmriprep_wf.single_subject_1120_wf.anat_preproc_wf.brain_extraction_wf.atropos_wf.11_add_gm" in "/work/fmriprep_wf/single_subject_1120_wf/anat_preproc_wf/brain_extraction_wf/atropos_wf/11_add_gm".
200813-23:16:05,985 nipype.workflow INFO:
	 [Node] Running "11_add_gm" ("niworkflows.interfaces.ants.ImageMath"), a CommandLine Interface with command:
ImageMath 3 08_mult_gm_maths.nii.gz addtozero /work/fmriprep_wf/single_subject_1120_wf/anat_preproc_wf/brain_extraction_wf/atropos_wf/08_mult_gm/08_mult_gm.nii.gz /work/fmriprep_wf/single_subject_1120_wf/anat_preproc_wf/brain_extraction_wf/atropos_wf/10_me_csf/sub-1120_run-1_T1w_maths_corrected_labeled_maths_class-01_maths.nii.gz
200813-23:16:11,715 nipype.workflow INFO:
	 [Node] Finished "fmriprep_wf.single_subject_1120_wf.anat_preproc_wf.brain_extraction_wf.atropos_wf.11_add_gm".
200813-23:16:13,47 nipype.workflow INFO:
	 [Node] Setting-up "fmriprep_wf.single_subject_1120_wf.anat_preproc_wf.brain_extraction_wf.atropos_wf.12_relabel_gm" in "/work/fmriprep_wf/single_subject_1120_wf/anat_preproc_wf/brain_extraction_wf/atropos_wf/12_relabel_gm".
200813-23:16:14,55 nipype.workflow INFO:
	 [Node] Running "12_relabel_gm" ("nipype.interfaces.ants.utils.MultiplyImages"), a CommandLine Interface with command:
MultiplyImages 3 /work/fmriprep_wf/single_subject_1120_wf/anat_preproc_wf/brain_extraction_wf/atropos_wf/11_add_gm/08_mult_gm_maths.nii.gz 2.0 12_relabel_gm.nii.gz
200813-23:16:15,456 nipype.workflow INFO:
	 [Node] Finished "fmriprep_wf.single_subject_1120_wf.anat_preproc_wf.brain_extraction_wf.atropos_wf.12_relabel_gm".
200813-23:16:17,984 nipype.workflow INFO:
	 [Node] Setting-up "fmriprep_wf.single_subject_1120_wf.anat_preproc_wf.brain_extraction_wf.atropos_wf.25_depad_gm" in "/work/fmriprep_wf/single_subject_1120_wf/anat_preproc_wf/brain_extraction_wf/atropos_wf/25_depad_gm".
200813-23:16:17,985 nipype.workflow INFO:
	 [Node] Setting-up "fmriprep_wf.single_subject_1120_wf.anat_preproc_wf.brain_extraction_wf.atropos_wf.13_add_gm_wm" in "/work/fmriprep_wf/single_subject_1120_wf/anat_preproc_wf/brain_extraction_wf/atropos_wf/13_add_gm_wm".
200813-23:16:18,194 nipype.workflow INFO:
	 [Node] Running "25_depad_gm" ("niworkflows.interfaces.ants.ImageMath"), a CommandLine Interface with command:
ImageMath 3 12_relabel_gm_maths.nii.gz PadImage /work/fmriprep_wf/single_subject_1120_wf/anat_preproc_wf/brain_extraction_wf/atropos_wf/12_relabel_gm/12_relabel_gm.nii.gz -10
200813-23:16:18,310 nipype.workflow INFO:
	 [Node] Running "13_add_gm_wm" ("niworkflows.interfaces.ants.ImageMath"), a CommandLine Interface with command:
ImageMath 3 09_relabel_wm_maths.nii.gz addtozero /work/fmriprep_wf/single_subject_1120_wf/anat_preproc_wf/brain_extraction_wf/atropos_wf/09_relabel_wm/09_relabel_wm.nii.gz /work/fmriprep_wf/single_subject_1120_wf/anat_preproc_wf/brain_extraction_wf/atropos_wf/12_relabel_gm/12_relabel_gm.nii.gz
200813-23:16:19,842 nipype.workflow INFO:
	 [Node] Finished "fmriprep_wf.single_subject_1120_wf.anat_preproc_wf.brain_extraction_wf.atropos_wf.25_depad_gm".
200813-23:16:20,963 nipype.workflow INFO:
	 [Node] Setting-up "fmriprep_wf.single_subject_1120_wf.anat_preproc_wf.brain_extraction_wf.atropos_wf.merge_tpms" in "/work/fmriprep_wf/single_subject_1120_wf/anat_preproc_wf/brain_extraction_wf/atropos_wf/merge_tpms".
200813-23:16:22,27 nipype.workflow INFO:
	 [Node] Running "merge_tpms" ("nipype.interfaces.utility.base.Merge")
200813-23:16:22,40 nipype.workflow INFO:
	 [Node] Finished "fmriprep_wf.single_subject_1120_wf.anat_preproc_wf.brain_extraction_wf.atropos_wf.merge_tpms".
200813-23:16:24,241 nipype.workflow INFO:
	 [Node] Finished "fmriprep_wf.single_subject_1120_wf.anat_preproc_wf.brain_extraction_wf.atropos_wf.13_add_gm_wm".
200813-23:16:24,963 nipype.workflow INFO:
	 [Node] Setting-up "fmriprep_wf.single_subject_1120_wf.anat_preproc_wf.brain_extraction_wf.atropos_wf.14_sel_labels2" in "/work/fmriprep_wf/single_subject_1120_wf/anat_preproc_wf/brain_extraction_wf/atropos_wf/14_sel_labels2".
200813-23:16:25,993 nipype.workflow INFO:
	 [Node] Setting-up "fmriprep_wf.single_subject_1120_wf.anat_preproc_wf.brain_extraction_wf.atropos_wf.24_depad_segm" in "/work/fmriprep_wf/single_subject_1120_wf/anat_preproc_wf/brain_extraction_wf/atropos_wf/24_depad_segm".
200813-23:16:26,83 nipype.workflow INFO:
	 [Node] Running "14_sel_labels2" ("nipype.interfaces.utility.wrappers.Function")
200813-23:16:26,336 nipype.workflow INFO:
	 [Node] Running "24_depad_segm" ("niworkflows.interfaces.ants.ImageMath"), a CommandLine Interface with command:
ImageMath 3 09_relabel_wm_maths_maths.nii.gz PadImage /work/fmriprep_wf/single_subject_1120_wf/anat_preproc_wf/brain_extraction_wf/atropos_wf/13_add_gm_wm/09_relabel_wm_maths.nii.gz -10
200813-23:16:26,384 nipype.workflow INFO:
	 [Node] Finished "fmriprep_wf.single_subject_1120_wf.anat_preproc_wf.brain_extraction_wf.atropos_wf.14_sel_labels2".
200813-23:16:26,970 nipype.workflow INFO:
	 [Node] Setting-up "fmriprep_wf.single_subject_1120_wf.anat_preproc_wf.brain_extraction_wf.atropos_wf.15_add_7" in "/work/fmriprep_wf/single_subject_1120_wf/anat_preproc_wf/brain_extraction_wf/atropos_wf/15_add_7".
200813-23:16:26,984 nipype.workflow INFO:
	 [Node] Running "15_add_7" ("niworkflows.interfaces.ants.ImageMath"), a CommandLine Interface with command:
ImageMath 3 09_relabel_wm_maths_class-03_maths.nii.gz addtozero /work/fmriprep_wf/single_subject_1120_wf/anat_preproc_wf/brain_extraction_wf/atropos_wf/14_sel_labels2/09_relabel_wm_maths_class-03.nii.gz /work/fmriprep_wf/single_subject_1120_wf/anat_preproc_wf/brain_extraction_wf/atropos_wf/14_sel_labels2/09_relabel_wm_maths_class-02.nii.gz
200813-23:16:27,895 nipype.workflow INFO:
	 [Node] Finished "fmriprep_wf.single_subject_1120_wf.anat_preproc_wf.brain_extraction_wf.atropos_wf.24_depad_segm".
200813-23:16:32,381 nipype.workflow INFO:
	 [Node] Finished "fmriprep_wf.single_subject_1120_wf.anat_preproc_wf.brain_extraction_wf.atropos_wf.15_add_7".
200813-23:16:32,980 nipype.workflow INFO:
	 [Node] Setting-up "fmriprep_wf.single_subject_1120_wf.anat_preproc_wf.brain_extraction_wf.atropos_wf.16_me_7" in "/work/fmriprep_wf/single_subject_1120_wf/anat_preproc_wf/brain_extraction_wf/atropos_wf/16_me_7".
200813-23:16:33,12 nipype.workflow INFO:
	 [Node] Running "16_me_7" ("niworkflows.interfaces.ants.ImageMath"), a CommandLine Interface with command:
ImageMath 3 09_relabel_wm_maths_class-03_maths_maths.nii.gz ME /work/fmriprep_wf/single_subject_1120_wf/anat_preproc_wf/brain_extraction_wf/atropos_wf/15_add_7/09_relabel_wm_maths_class-03_maths.nii.gz 2
200813-23:16:37,530 nipype.workflow INFO:
	 [Node] Finished "fmriprep_wf.single_subject_1120_wf.anat_preproc_wf.brain_extraction_wf.atropos_wf.16_me_7".
200813-23:16:38,992 nipype.workflow INFO:
	 [Node] Setting-up "fmriprep_wf.single_subject_1120_wf.anat_preproc_wf.brain_extraction_wf.atropos_wf.17_comp_7" in "/work/fmriprep_wf/single_subject_1120_wf/anat_preproc_wf/brain_extraction_wf/atropos_wf/17_comp_7".
200813-23:16:39,101 nipype.workflow INFO:
	 [Node] Running "17_comp_7" ("niworkflows.interfaces.ants.ImageMath"), a CommandLine Interface with command:
ImageMath 3 09_relabel_wm_maths_class-03_maths_maths_maths.nii.gz GetLargestComponent /work/fmriprep_wf/single_subject_1120_wf/anat_preproc_wf/brain_extraction_wf/atropos_wf/16_me_7/09_relabel_wm_maths_class-03_maths_maths.nii.gz
200813-23:16:41,288 nipype.workflow INFO:
	 [Node] Finished "fmriprep_wf.single_subject_1120_wf.anat_preproc_wf.brain_extraction_wf.atropos_wf.17_comp_7".
200813-23:16:42,995 nipype.workflow INFO:
	 [Node] Setting-up "fmriprep_wf.single_subject_1120_wf.anat_preproc_wf.brain_extraction_wf.atropos_wf.18_md_7" in "/work/fmriprep_wf/single_subject_1120_wf/anat_preproc_wf/brain_extraction_wf/atropos_wf/18_md_7".
200813-23:16:43,22 nipype.workflow INFO:
	 [Node] Running "18_md_7" ("niworkflows.interfaces.ants.ImageMath"), a CommandLine Interface with command:
ImageMath 3 09_relabel_wm_maths_class-03_maths_maths_maths_maths.nii.gz MD /work/fmriprep_wf/single_subject_1120_wf/anat_preproc_wf/brain_extraction_wf/atropos_wf/17_comp_7/09_relabel_wm_maths_class-03_maths_maths_maths.nii.gz 4
200813-23:16:45,266 nipype.workflow INFO:
	 [Node] Finished "fmriprep_wf.single_subject_1120_wf.anat_preproc_wf.brain_extraction_wf.atropos_wf.18_md_7".
200813-23:16:47,6 nipype.workflow INFO:
	 [Node] Setting-up "fmriprep_wf.single_subject_1120_wf.anat_preproc_wf.brain_extraction_wf.atropos_wf.19_fill_7" in "/work/fmriprep_wf/single_subject_1120_wf/anat_preproc_wf/brain_extraction_wf/atropos_wf/19_fill_7".
200813-23:17:15,763 nipype.workflow INFO:
	 [Node] Running "19_fill_7" ("niworkflows.interfaces.ants.ImageMath"), a CommandLine Interface with command:
ImageMath 3 09_relabel_wm_maths_class-03_maths_maths_maths_maths_maths.nii.gz FillHoles /work/fmriprep_wf/single_subject_1120_wf/anat_preproc_wf/brain_extraction_wf/atropos_wf/18_md_7/09_relabel_wm_maths_class-03_maths_maths_maths_maths.nii.gz 2
200813-23:17:25,539 nipype.workflow INFO:
	 [Node] Finished "fmriprep_wf.single_subject_1120_wf.anat_preproc_wf.brain_extraction_wf.atropos_wf.19_fill_7".
200813-23:17:27,76 nipype.workflow INFO:
	 [Node] Setting-up "fmriprep_wf.single_subject_1120_wf.anat_preproc_wf.brain_extraction_wf.atropos_wf.20_add_7_2" in "/work/fmriprep_wf/single_subject_1120_wf/anat_preproc_wf/brain_extraction_wf/atropos_wf/20_add_7_2".
200813-23:17:27,106 nipype.workflow INFO:
	 [Node] Running "20_add_7_2" ("niworkflows.interfaces.ants.ImageMath"), a CommandLine Interface with command:
ImageMath 3 09_relabel_wm_maths_class-03_maths_maths_maths_maths_maths_maths.nii.gz addtozero /work/fmriprep_wf/single_subject_1120_wf/anat_preproc_wf/brain_extraction_wf/atropos_wf/19_fill_7/09_relabel_wm_maths_class-03_maths_maths_maths_maths_maths.nii.gz /work/fmriprep_wf/single_subject_1120_wf/anat_preproc_wf/brain_extraction_wf/atropos_wf/03_pad_mask/tpl-OASIS30ANTs_res-01_label-brain_probseg_trans_resampled_maths.nii.gz
200813-23:17:42,61 nipype.workflow INFO:
	 [Node] Finished "fmriprep_wf.single_subject_1120_wf.anat_preproc_wf.brain_extraction_wf.atropos_wf.20_add_7_2".
200813-23:17:43,107 nipype.workflow INFO:
	 [Node] Setting-up "fmriprep_wf.single_subject_1120_wf.anat_preproc_wf.brain_extraction_wf.atropos_wf.21_md_7_2" in "/work/fmriprep_wf/single_subject_1120_wf/anat_preproc_wf/brain_extraction_wf/atropos_wf/21_md_7_2".
200813-23:17:43,139 nipype.workflow INFO:
	 [Node] Running "21_md_7_2" ("niworkflows.interfaces.ants.ImageMath"), a CommandLine Interface with command:
ImageMath 3 09_relabel_wm_maths_class-03_maths_maths_maths_maths_maths_maths_maths.nii.gz MD /work/fmriprep_wf/single_subject_1120_wf/anat_preproc_wf/brain_extraction_wf/atropos_wf/20_add_7_2/09_relabel_wm_maths_class-03_maths_maths_maths_maths_maths_maths.nii.gz 5
200813-23:17:45,525 nipype.workflow INFO:
	 [Node] Finished "fmriprep_wf.single_subject_1120_wf.anat_preproc_wf.brain_extraction_wf.atropos_wf.21_md_7_2".
200813-23:17:47,112 nipype.workflow INFO:
	 [Node] Setting-up "fmriprep_wf.single_subject_1120_wf.anat_preproc_wf.brain_extraction_wf.atropos_wf.22_me_7_2" in "/work/fmriprep_wf/single_subject_1120_wf/anat_preproc_wf/brain_extraction_wf/atropos_wf/22_me_7_2".
200813-23:17:47,127 nipype.workflow INFO:
	 [Node] Running "22_me_7_2" ("niworkflows.interfaces.ants.ImageMath"), a CommandLine Interface with command:
ImageMath 3 09_relabel_wm_maths_class-03_maths_maths_maths_maths_maths_maths_maths_maths.nii.gz ME /work/fmriprep_wf/single_subject_1120_wf/anat_preproc_wf/brain_extraction_wf/atropos_wf/21_md_7_2/09_relabel_wm_maths_class-03_maths_maths_maths_maths_maths_maths_maths.nii.gz 5
200813-23:17:51,560 nipype.workflow INFO:
	 [Node] Finished "fmriprep_wf.single_subject_1120_wf.anat_preproc_wf.brain_extraction_wf.atropos_wf.22_me_7_2".
200813-23:17:53,129 nipype.workflow INFO:
	 [Node] Setting-up "fmriprep_wf.single_subject_1120_wf.anat_preproc_wf.brain_extraction_wf.atropos_wf.23_depad_mask" in "/work/fmriprep_wf/single_subject_1120_wf/anat_preproc_wf/brain_extraction_wf/atropos_wf/23_depad_mask".
200813-23:17:53,158 nipype.workflow INFO:
	 [Node] Running "23_depad_mask" ("niworkflows.interfaces.ants.ImageMath"), a CommandLine Interface with command:
ImageMath 3 09_relabel_wm_maths_class-03_maths_maths_maths_maths_maths_maths_maths_maths_maths.nii.gz PadImage /work/fmriprep_wf/single_subject_1120_wf/anat_preproc_wf/brain_extraction_wf/atropos_wf/22_me_7_2/09_relabel_wm_maths_class-03_maths_maths_maths_maths_maths_maths_maths_maths.nii.gz -10
200813-23:17:54,396 nipype.workflow INFO:
	 [Node] Finished "fmriprep_wf.single_subject_1120_wf.anat_preproc_wf.brain_extraction_wf.atropos_wf.23_depad_mask".
200813-23:17:55,126 nipype.workflow INFO:
	 [Node] Setting-up "fmriprep_wf.single_subject_1120_wf.anat_preproc_wf.brain_extraction_wf.atropos_wf.msk_conform" in "/work/fmriprep_wf/single_subject_1120_wf/anat_preproc_wf/brain_extraction_wf/atropos_wf/msk_conform".
200813-23:17:55,140 nipype.workflow INFO:
	 [Node] Running "msk_conform" ("nipype.interfaces.utility.wrappers.Function")
200813-23:17:55,371 nipype.workflow INFO:
	 [Node] Finished "fmriprep_wf.single_subject_1120_wf.anat_preproc_wf.brain_extraction_wf.atropos_wf.msk_conform".
200813-23:18:01,136 nipype.workflow INFO:
	 [Node] Setting-up "fmriprep_wf.single_subject_1120_wf.anat_preproc_wf.brain_extraction_wf.inu_n4_final" in "/work/fmriprep_wf/single_subject_1120_wf/anat_preproc_wf/brain_extraction_wf/inu_n4_final".
200813-23:18:01,166 nipype.workflow INFO:
	 [Node] Setting-up "_inu_n4_final0" in "/work/fmriprep_wf/single_subject_1120_wf/anat_preproc_wf/brain_extraction_wf/inu_n4_final/mapflow/_inu_n4_final0".
200813-23:18:01,179 nipype.workflow INFO:
	 [Node] Running "_inu_n4_final0" ("nipype.interfaces.ants.segmentation.N4BiasFieldCorrection"), a CommandLine Interface with command:
N4BiasFieldCorrection --bspline-fitting [ 200 ] -d 3 --input-image /data/sub-1120/ses-1/anat/sub-1120_run-1_T1w.nii.gz --convergence [ 50x50x50x50x50, 1e-07 ] --output [ sub-1120_run-1_T1w_corrected.nii.gz, sub-1120_run-1_T1w_bias.nii.gz ] -r --shrink-factor 4 --weight-image /work/fmriprep_wf/single_subject_1120_wf/anat_preproc_wf/brain_extraction_wf/atropos_wf/copy_xform/09_relabel_wm_maths_xform.nii.gz
200813-23:18:40,450 nipype.workflow INFO:
	 [Node] Finished "_inu_n4_final0".
200813-23:18:40,457 nipype.workflow INFO:
	 [Node] Finished "fmriprep_wf.single_subject_1120_wf.anat_preproc_wf.brain_extraction_wf.inu_n4_final".
200813-23:18:41,241 nipype.workflow INFO:
	 [Node] Setting-up "fmriprep_wf.single_subject_1120_wf.anat_preproc_wf.brain_extraction_wf.apply_mask" in "/work/fmriprep_wf/single_subject_1120_wf/anat_preproc_wf/brain_extraction_wf/apply_mask".
200813-23:18:41,507 nipype.workflow INFO:
	 [Node] Setting-up "_apply_mask0" in "/work/fmriprep_wf/single_subject_1120_wf/anat_preproc_wf/brain_extraction_wf/apply_mask/mapflow/_apply_mask0".
200813-23:18:41,614 nipype.workflow INFO:
	 [Node] Running "_apply_mask0" ("nipype.interfaces.fsl.maths.ApplyMask"), a CommandLine Interface with command:
fslmaths /work/fmriprep_wf/single_subject_1120_wf/anat_preproc_wf/brain_extraction_wf/inu_n4_final/mapflow/_inu_n4_final0/sub-1120_run-1_T1w_corrected.nii.gz -mas /work/fmriprep_wf/single_subject_1120_wf/anat_preproc_wf/brain_extraction_wf/atropos_wf/copy_xform/09_relabel_wm_mask_xform.nii.gz /work/fmriprep_wf/single_subject_1120_wf/anat_preproc_wf/brain_extraction_wf/apply_mask/mapflow/_apply_mask0/sub-1120_run-1_T1w_corrected_masked.nii.gz
200813-23:18:43,273 nipype.workflow INFO:
	 [Node] Finished "_apply_mask0".
200813-23:18:43,279 nipype.workflow INFO:
	 [Node] Finished "fmriprep_wf.single_subject_1120_wf.anat_preproc_wf.brain_extraction_wf.apply_mask".
200813-23:18:51,414 nipype.workflow INFO:
	 [Node] Setting-up "fmriprep_wf.single_subject_1120_wf.anat_preproc_wf.anat_norm_wf.trunc_mov" in "/work/fmriprep_wf/single_subject_1120_wf/anat_preproc_wf/anat_norm_wf/_template_MNI152NLin2009cAsym/trunc_mov".
200813-23:18:51,415 nipype.workflow INFO:
	 [Node] Setting-up "fmriprep_wf.single_subject_1120_wf.anat_preproc_wf.anat_norm_wf.trunc_mov" in "/work/fmriprep_wf/single_subject_1120_wf/anat_preproc_wf/anat_norm_wf/_template_MNI152NLin6Asym/trunc_mov".
200813-23:18:51,433 nipype.workflow INFO:
	 [Node] Running "trunc_mov" ("niworkflows.interfaces.ants.ImageMath"), a CommandLine Interface with command:
ImageMath 3 sub-1120_run-1_T1w_corrected_xform_maths.nii.gz TruncateImageIntensity /work/fmriprep_wf/single_subject_1120_wf/anat_preproc_wf/brain_extraction_wf/copy_xform/sub-1120_run-1_T1w_corrected_xform.nii.gz 0.01 0.999 256
200813-23:18:51,435 nipype.workflow INFO:
	 [Node] Running "trunc_mov" ("niworkflows.interfaces.ants.ImageMath"), a CommandLine Interface with command:
ImageMath 3 sub-1120_run-1_T1w_corrected_xform_maths.nii.gz TruncateImageIntensity /work/fmriprep_wf/single_subject_1120_wf/anat_preproc_wf/brain_extraction_wf/copy_xform/sub-1120_run-1_T1w_corrected_xform.nii.gz 0.01 0.999 256
200813-23:18:55,774 nipype.workflow INFO:
	 [Node] Setting-up "fmriprep_wf.single_subject_1120_wf.anat_preproc_wf.surface_recon_wf.skull_strip_extern" in "/work/fmriprep_wf/single_subject_1120_wf/anat_preproc_wf/surface_recon_wf/skull_strip_extern".
200813-23:18:55,788 nipype.workflow INFO:
	 [Node] Running "skull_strip_extern" ("niworkflows.interfaces.freesurfer.FSInjectBrainExtracted")
200813-23:18:57,343 nipype.workflow INFO:
	 [Node] Finished "fmriprep_wf.single_subject_1120_wf.anat_preproc_wf.anat_norm_wf.trunc_mov".
200813-23:18:57,470 nipype.workflow INFO:
	 [Node] Finished "fmriprep_wf.single_subject_1120_wf.anat_preproc_wf.anat_norm_wf.trunc_mov".
200813-23:18:57,797 nipype.workflow INFO:
	 [Node] Finished "fmriprep_wf.single_subject_1120_wf.anat_preproc_wf.surface_recon_wf.skull_strip_extern".
200813-23:18:59,937 nipype.workflow INFO:
	 [Node] Setting-up "fmriprep_wf.single_subject_1120_wf.anat_preproc_wf.surface_recon_wf.autorecon_resume_wf.autorecon2_vol" in "/work/fmriprep_wf/single_subject_1120_wf/anat_preproc_wf/surface_recon_wf/autorecon_resume_wf/autorecon2_vol".
200813-23:18:59,953 nipype.interface INFO:
	 resume recon-all : recon-all -autorecon2-volonly -openmp 8 -subjid sub-1120 -sd /fsdir 
200813-23:18:59,955 nipype.workflow INFO:
	 [Node] Running "autorecon2_vol" ("smriprep.interfaces.freesurfer.ReconAll"), a CommandLine Interface with command:
recon-all -autorecon2-volonly -openmp 8 -subjid sub-1120 -sd /fsdir 
200813-23:18:59,957 nipype.interface INFO:
	 resume recon-all : recon-all -autorecon2-volonly -openmp 8 -subjid sub-1120 -sd /fsdir 
200814-01:46:41,870 nipype.workflow INFO:
	 [Node] Finished "fmriprep_wf.single_subject_1120_wf.anat_preproc_wf.surface_recon_wf.autorecon_resume_wf.autorecon2_vol".
200814-01:46:46,47 nipype.workflow INFO:
	 [Node] Setting-up "_autorecon_surfs1" in "/work/fmriprep_wf/single_subject_1120_wf/anat_preproc_wf/surface_recon_wf/autorecon_resume_wf/autorecon_surfs/mapflow/_autorecon_surfs1".
200814-01:46:46,56 nipype.workflow INFO:
	 [Node] Setting-up "_autorecon_surfs0" in "/work/fmriprep_wf/single_subject_1120_wf/anat_preproc_wf/surface_recon_wf/autorecon_resume_wf/autorecon_surfs/mapflow/_autorecon_surfs0".
200814-01:46:46,63 nipype.interface INFO:
	 resume recon-all : recon-all -autorecon-hemi rh -noparcstats -noparcstats2 -noparcstats3 -nohyporelabel -nobalabels -openmp 8 -subjid sub-1120 -sd /fsdir 
200814-01:46:46,64 nipype.workflow INFO:
	 [Node] Running "_autorecon_surfs1" ("smriprep.interfaces.freesurfer.ReconAll"), a CommandLine Interface with command:
recon-all -autorecon-hemi rh -noparcstats -noparcstats2 -noparcstats3 -nohyporelabel -nobalabels -openmp 8 -subjid sub-1120 -sd /fsdir 
200814-01:46:46,66 nipype.interface INFO:
	 resume recon-all : recon-all -autorecon-hemi rh -noparcstats -noparcstats2 -noparcstats3 -nohyporelabel -nobalabels -openmp 8 -subjid sub-1120 -sd /fsdir 
200814-01:46:46,71 nipype.interface INFO:
	 resume recon-all : recon-all -autorecon-hemi lh -noparcstats -noparcstats2 -noparcstats3 -nohyporelabel -nobalabels -openmp 8 -subjid sub-1120 -sd /fsdir 
200814-01:46:46,73 nipype.workflow INFO:
	 [Node] Running "_autorecon_surfs0" ("smriprep.interfaces.freesurfer.ReconAll"), a CommandLine Interface with command:
recon-all -autorecon-hemi lh -noparcstats -noparcstats2 -noparcstats3 -nohyporelabel -nobalabels -openmp 8 -subjid sub-1120 -sd /fsdir 
200814-01:46:46,75 nipype.interface INFO:
	 resume recon-all : recon-all -autorecon-hemi lh -noparcstats -noparcstats2 -noparcstats3 -nohyporelabel -nobalabels -openmp 8 -subjid sub-1120 -sd /fsdir 
