/home/vincentq/scratch/ET_BIDS***/home/vincentq/scratch/ET_fmriprep_anat_20.1.1***/home/vincentq/scratch/src/ET_fmriprep_preopt.list******/home/vincentq/scratch/container_images/fmriprep_v20.1.1.simg***ET
Processing: sub-4700
Running task 34
Commandline: singularity run -B /home/vincentq:/home/fmriprep --home /home/fmriprep --cleanenv -B /home/vincentq/scratch/ET_BIDS:/data:ro -B /home/vincentq/scratch/ET_fmriprep_anat_20.1.1:/output -B /home/vincentq/scratch/src:/codes -B /home/vincentq/scratch/templateflow:/templateflow -B /home/vincentq/scratch/ET_fmriprep_anat_work:/work -B /home/vincentq/scratch/ET_fmriprep_anat_20.1.1/freesurfer-6.0.1:/fsdir /home/vincentq/scratch/container_images/fmriprep_v20.1.1.simg /data /output participant --participant-label 4700 -w /work --output-spaces MNI152NLin2009cAsym:res-2 anat fsnative fsaverage5 --anat-only --bids-filter-file /codes/pre_opt.json --fs-subjects-dir /fsdir --fs-license-file /home/fmriprep/.freesurfer/license.txt --cifti-out 91k --return-all-components --write-graph --skip_bids_validation --notrack --resource-monitor
200813-22:46:25,113 nipype.workflow IMPORTANT:
	 
    Running fMRIPREP version 20.1.1:
      * BIDS dataset path: /data.
      * Participant list: ['4700'].
      * Run identifier: 20200813-224453_1b1ef875-f6cb-40d5-b0ea-45339a078ca4.
      * Output spaces: MNI152NLin2009cAsym:res-2 anat fsnative fsaverage:den-10k.
      * Pre-run FreeSurfer's SUBJECTS_DIR: /fsdir.
200813-22:51:13,46 nipype.workflow INFO:
	 fMRIPrep workflow graph with 149 nodes built successfully.
200813-22:51:49,631 nipype.workflow IMPORTANT:
	 fMRIPrep started!
200813-22:51:58,968 nipype.workflow INFO:
	 [Node] Setting-up "fmriprep_wf.single_subject_4700_wf.anat_preproc_wf.brain_extraction_wf.lap_tmpl" in "/work/fmriprep_wf/single_subject_4700_wf/anat_preproc_wf/brain_extraction_wf/lap_tmpl".
200813-22:51:58,992 nipype.workflow INFO:
	 [Node] Setting-up "fmriprep_wf.single_subject_4700_wf.anat_preproc_wf.brain_extraction_wf.res_tmpl" in "/work/fmriprep_wf/single_subject_4700_wf/anat_preproc_wf/brain_extraction_wf/res_tmpl".
200813-22:51:59,28 nipype.workflow INFO:
	 [Node] Running "res_tmpl" ("niworkflows.interfaces.ants.ResampleImageBySpacing"), a CommandLine Interface with command:
ResampleImageBySpacing 3 /templateflow/tpl-OASIS30ANTs/tpl-OASIS30ANTs_res-01_T1w.nii.gz tpl-OASIS30ANTs_res-01_T1w_resampled.nii.gz 4 4 4 1
200813-22:51:59,47 nipype.workflow INFO:
	 [Node] Running "lap_tmpl" ("niworkflows.interfaces.ants.ImageMath"), a CommandLine Interface with command:
ImageMath 3 tpl-OASIS30ANTs_res-01_T1w_maths.nii.gz Laplacian /templateflow/tpl-OASIS30ANTs/tpl-OASIS30ANTs_res-01_T1w.nii.gz 1.5 1
200813-22:51:59,185 nipype.workflow INFO:
	 [Node] Setting-up "fmriprep_wf.single_subject_4700_wf.bidssrc" in "/work/fmriprep_wf/single_subject_4700_wf/bidssrc".
200813-22:52:01,92 nipype.workflow INFO:
	 [Node] Running "bidssrc" ("niworkflows.interfaces.bids.BIDSDataGrabber")
200813-22:52:01,94 nipype.interface INFO:
	 No "flair" images found for sub-4700
200813-22:52:01,94 nipype.interface INFO:
	 No "sbref" images found for sub-4700
200813-22:52:01,95 nipype.interface INFO:
	 No "roi" images found for sub-4700
200813-22:52:01,106 nipype.workflow INFO:
	 [Node] Finished "fmriprep_wf.single_subject_4700_wf.bidssrc".
200813-22:52:01,353 nipype.workflow INFO:
	 [Node] Finished "fmriprep_wf.single_subject_4700_wf.anat_preproc_wf.brain_extraction_wf.res_tmpl".
200813-22:52:05,208 nipype.workflow INFO:
	 [Node] Setting-up "fmriprep_wf.single_subject_4700_wf.anat_preproc_wf.anat_template_wf.t1w_ref_dimensions" in "/work/fmriprep_wf/single_subject_4700_wf/anat_preproc_wf/anat_template_wf/t1w_ref_dimensions".
200813-22:52:06,324 nipype.workflow INFO:
	 [Node] Running "t1w_ref_dimensions" ("niworkflows.interfaces.images.TemplateDimensions")
200813-22:52:06,442 nipype.workflow INFO:
	 [Node] Setting-up "fmriprep_wf.single_subject_4700_wf.bids_info" in "/work/fmriprep_wf/single_subject_4700_wf/bids_info".
200813-22:52:06,735 nipype.workflow INFO:
	 [Node] Running "bids_info" ("niworkflows.interfaces.bids.BIDSInfo")
200813-22:52:06,778 nipype.workflow INFO:
	 [Node] Finished "fmriprep_wf.single_subject_4700_wf.bids_info".
200813-22:52:06,781 nipype.workflow INFO:
	 [Node] Finished "fmriprep_wf.single_subject_4700_wf.anat_preproc_wf.anat_template_wf.t1w_ref_dimensions".
200813-22:52:07,619 nipype.workflow INFO:
	 [Node] Setting-up "fmriprep_wf.single_subject_4700_wf.anat_preproc_wf.anat_derivatives_wf.raw_sources" in "/work/fmriprep_wf/single_subject_4700_wf/anat_preproc_wf/anat_derivatives_wf/raw_sources".
200813-22:52:08,722 nipype.workflow INFO:
	 [Node] Running "raw_sources" ("nipype.interfaces.utility.wrappers.Function")
200813-22:52:08,735 nipype.workflow INFO:
	 [Node] Finished "fmriprep_wf.single_subject_4700_wf.anat_preproc_wf.anat_derivatives_wf.raw_sources".
200813-22:52:09,461 nipype.workflow INFO:
	 [Node] Setting-up "fmriprep_wf.single_subject_4700_wf.anat_preproc_wf.anat_template_wf.t1w_conform" in "/work/fmriprep_wf/single_subject_4700_wf/anat_preproc_wf/anat_template_wf/t1w_conform".
200813-22:52:09,476 nipype.workflow INFO:
	 [Node] Setting-up "_t1w_conform0" in "/work/fmriprep_wf/single_subject_4700_wf/anat_preproc_wf/anat_template_wf/t1w_conform/mapflow/_t1w_conform0".
200813-22:52:09,944 nipype.workflow INFO:
	 [Node] Running "_t1w_conform0" ("niworkflows.interfaces.images.Conform")
200813-22:52:10,19 nipype.workflow INFO:
	 [Node] Finished "_t1w_conform0".
200813-22:52:10,26 nipype.workflow INFO:
	 [Node] Finished "fmriprep_wf.single_subject_4700_wf.anat_preproc_wf.anat_template_wf.t1w_conform".
200813-22:52:11,624 nipype.workflow INFO:
	 [Node] Setting-up "fmriprep_wf.single_subject_4700_wf.anat_preproc_wf.anat_template_wf.get1st" in "/work/fmriprep_wf/single_subject_4700_wf/anat_preproc_wf/anat_template_wf/get1st".
200813-22:52:12,824 nipype.workflow INFO:
	 [Node] Running "get1st" ("nipype.interfaces.utility.base.Select")
200813-22:52:12,836 nipype.workflow INFO:
	 [Node] Finished "fmriprep_wf.single_subject_4700_wf.anat_preproc_wf.anat_template_wf.get1st".
200813-22:52:14,839 nipype.workflow INFO:
	 [Node] Finished "fmriprep_wf.single_subject_4700_wf.anat_preproc_wf.brain_extraction_wf.lap_tmpl".
200813-22:52:15,635 nipype.workflow INFO:
	 [Node] Setting-up "fmriprep_wf.single_subject_4700_wf.anat_preproc_wf.surface_recon_wf.fov_check" in "/work/fmriprep_wf/single_subject_4700_wf/anat_preproc_wf/surface_recon_wf/fov_check".
200813-22:52:15,634 nipype.workflow INFO:
	 [Node] Setting-up "fmriprep_wf.single_subject_4700_wf.anat_preproc_wf.brain_extraction_wf.mrg_tmpl" in "/work/fmriprep_wf/single_subject_4700_wf/anat_preproc_wf/brain_extraction_wf/mrg_tmpl".
200813-22:52:15,639 nipype.workflow INFO:
	 [Node] Setting-up "fmriprep_wf.single_subject_4700_wf.anat_preproc_wf.brain_extraction_wf.truncate_images" in "/work/fmriprep_wf/single_subject_4700_wf/anat_preproc_wf/brain_extraction_wf/truncate_images".
200813-22:52:15,660 nipype.workflow INFO:
	 [Node] Setting-up "_truncate_images0" in "/work/fmriprep_wf/single_subject_4700_wf/anat_preproc_wf/brain_extraction_wf/truncate_images/mapflow/_truncate_images0".
200813-22:52:15,934 nipype.workflow INFO:
	 [Node] Running "fov_check" ("nipype.interfaces.utility.wrappers.Function")
200813-22:52:15,941 nipype.workflow INFO:
	 [Node] Running "_truncate_images0" ("niworkflows.interfaces.ants.ImageMath"), a CommandLine Interface with command:
ImageMath 3 sub-4700_run-1_T1w_maths.nii.gz TruncateImageIntensity /data/sub-4700/ses-1/anat/sub-4700_run-1_T1w.nii.gz 0.01 0.999 256
200813-22:52:16,264 nipype.workflow INFO:
	 [Node] Finished "fmriprep_wf.single_subject_4700_wf.anat_preproc_wf.surface_recon_wf.fov_check".
200813-22:52:16,746 nipype.workflow INFO:
	 [Node] Setting-up "fmriprep_wf.single_subject_4700_wf.anat_preproc_wf.surface_recon_wf.recon_config" in "/work/fmriprep_wf/single_subject_4700_wf/anat_preproc_wf/surface_recon_wf/recon_config".
200813-22:52:16,920 nipype.workflow INFO:
	 [Node] Running "mrg_tmpl" ("nipype.interfaces.utility.base.Merge")
200813-22:52:16,933 nipype.workflow INFO:
	 [Node] Finished "fmriprep_wf.single_subject_4700_wf.anat_preproc_wf.brain_extraction_wf.mrg_tmpl".
200813-22:52:18,248 nipype.workflow INFO:
	 [Node] Running "recon_config" ("niworkflows.interfaces.freesurfer.FSDetectInputs")
200813-22:52:18,445 nipype.workflow INFO:
	 [Node] Finished "fmriprep_wf.single_subject_4700_wf.anat_preproc_wf.surface_recon_wf.recon_config".
200813-22:52:20,802 nipype.workflow INFO:
	 [Node] Setting-up "fmriprep_wf.single_subject_4700_wf.anat_preproc_wf.surface_recon_wf.autorecon1" in "/work/fmriprep_wf/single_subject_4700_wf/anat_preproc_wf/surface_recon_wf/autorecon1".
200813-22:52:21,39 nipype.workflow INFO:
	 [Node] Running "autorecon1" ("smriprep.interfaces.freesurfer.ReconAll"), a CommandLine Interface with command:
recon-all -autorecon1 -i /data/sub-4700/ses-1/anat/sub-4700_run-1_T1w.nii.gz -T2 /data/sub-4700/ses-1/anat/sub-4700_run-1_T2w.nii.gz -noskullstrip -openmp 8 -subjid sub-4700 -sd /fsdir
200813-22:52:23,864 nipype.workflow INFO:
	 [Node] Finished "_truncate_images0".
200813-22:52:23,920 nipype.workflow INFO:
	 [Node] Finished "fmriprep_wf.single_subject_4700_wf.anat_preproc_wf.brain_extraction_wf.truncate_images".
200813-22:52:25,743 nipype.workflow INFO:
	 [Node] Setting-up "fmriprep_wf.single_subject_4700_wf.anat_preproc_wf.brain_extraction_wf.inu_n4" in "/work/fmriprep_wf/single_subject_4700_wf/anat_preproc_wf/brain_extraction_wf/inu_n4".
200813-22:52:25,853 nipype.workflow INFO:
	 [Node] Setting-up "_inu_n40" in "/work/fmriprep_wf/single_subject_4700_wf/anat_preproc_wf/brain_extraction_wf/inu_n4/mapflow/_inu_n40".
200813-22:52:25,883 nipype.workflow INFO:
	 [Node] Running "_inu_n40" ("nipype.interfaces.ants.segmentation.N4BiasFieldCorrection"), a CommandLine Interface with command:
N4BiasFieldCorrection --bspline-fitting [ 200 ] -d 3 --input-image /work/fmriprep_wf/single_subject_4700_wf/anat_preproc_wf/brain_extraction_wf/truncate_images/mapflow/_truncate_images0/sub-4700_run-1_T1w_maths.nii.gz --convergence [ 50x50x50x50, 1e-07 ] --output sub-4700_run-1_T1w_maths_corrected.nii.gz --shrink-factor 4
200813-22:53:54,57 nipype.workflow INFO:
	 [Node] Finished "_inu_n40".
200813-22:53:54,64 nipype.workflow INFO:
	 [Node] Finished "fmriprep_wf.single_subject_4700_wf.anat_preproc_wf.brain_extraction_wf.inu_n4".
200813-22:53:56,835 nipype.workflow INFO:
	 [Node] Setting-up "fmriprep_wf.single_subject_4700_wf.anat_preproc_wf.brain_extraction_wf.res_target" in "/work/fmriprep_wf/single_subject_4700_wf/anat_preproc_wf/brain_extraction_wf/res_target".
200813-22:53:56,836 nipype.workflow INFO:
	 [Node] Setting-up "fmriprep_wf.single_subject_4700_wf.anat_preproc_wf.brain_extraction_wf.lap_target" in "/work/fmriprep_wf/single_subject_4700_wf/anat_preproc_wf/brain_extraction_wf/lap_target".
200813-22:53:56,850 nipype.workflow INFO:
	 [Node] Running "lap_target" ("niworkflows.interfaces.ants.ImageMath"), a CommandLine Interface with command:
ImageMath 3 sub-4700_run-1_T1w_maths_corrected_maths.nii.gz Laplacian /work/fmriprep_wf/single_subject_4700_wf/anat_preproc_wf/brain_extraction_wf/inu_n4/mapflow/_inu_n40/sub-4700_run-1_T1w_maths_corrected.nii.gz 1.5 1
200813-22:53:56,850 nipype.workflow INFO:
	 [Node] Running "res_target" ("niworkflows.interfaces.ants.ResampleImageBySpacing"), a CommandLine Interface with command:
ResampleImageBySpacing 3 /work/fmriprep_wf/single_subject_4700_wf/anat_preproc_wf/brain_extraction_wf/inu_n4/mapflow/_inu_n40/sub-4700_run-1_T1w_maths_corrected.nii.gz sub-4700_run-1_T1w_maths_corrected_resampled.nii.gz 4 4 4 1
200813-22:53:58,867 nipype.workflow INFO:
	 [Node] Finished "fmriprep_wf.single_subject_4700_wf.anat_preproc_wf.brain_extraction_wf.res_target".
200813-22:54:00,840 nipype.workflow INFO:
	 [Node] Setting-up "fmriprep_wf.single_subject_4700_wf.anat_preproc_wf.brain_extraction_wf.init_aff" in "/work/fmriprep_wf/single_subject_4700_wf/anat_preproc_wf/brain_extraction_wf/init_aff".
200813-22:54:00,856 nipype.workflow INFO:
	 [Node] Running "init_aff" ("niworkflows.interfaces.ants.AI"), a CommandLine Interface with command:
antsAI -c [10,0.000001,10] -d 3 -x /templateflow/tpl-OASIS30ANTs/tpl-OASIS30ANTs_res-01_desc-BrainCerebellumExtraction_mask.nii.gz -m Mattes[/work/fmriprep_wf/single_subject_4700_wf/anat_preproc_wf/brain_extraction_wf/res_tmpl/tpl-OASIS30ANTs_res-01_T1w_resampled.nii.gz,/work/fmriprep_wf/single_subject_4700_wf/anat_preproc_wf/brain_extraction_wf/res_target/sub-4700_run-1_T1w_maths_corrected_resampled.nii.gz,32,Regular,0.250000] -o initialization.mat -p 0 -s [15.000000,0.100000] -t Affine[0.100000] -v 1
200813-22:54:03,914 nipype.workflow INFO:
	 [Node] Finished "fmriprep_wf.single_subject_4700_wf.anat_preproc_wf.brain_extraction_wf.init_aff".
200813-22:54:09,370 nipype.workflow INFO:
	 [Node] Finished "fmriprep_wf.single_subject_4700_wf.anat_preproc_wf.brain_extraction_wf.lap_target".
200813-22:54:09,785 nipype.workflow INFO:
	 [Node] Setting-up "fmriprep_wf.single_subject_4700_wf.anat_preproc_wf.brain_extraction_wf.mrg_target" in "/work/fmriprep_wf/single_subject_4700_wf/anat_preproc_wf/brain_extraction_wf/mrg_target".
200813-22:54:10,835 nipype.workflow INFO:
	 [Node] Running "mrg_target" ("nipype.interfaces.utility.base.Merge")
200813-22:54:10,851 nipype.workflow INFO:
	 [Node] Finished "fmriprep_wf.single_subject_4700_wf.anat_preproc_wf.brain_extraction_wf.mrg_target".
200813-22:54:12,841 nipype.workflow INFO:
	 [Node] Setting-up "fmriprep_wf.single_subject_4700_wf.anat_preproc_wf.brain_extraction_wf.norm" in "/work/fmriprep_wf/single_subject_4700_wf/anat_preproc_wf/brain_extraction_wf/norm".
200813-22:54:12,885 nipype.workflow INFO:
	 [Node] Running "norm" ("niworkflows.interfaces.fixes.FixHeaderRegistration"), a CommandLine Interface with command:
antsRegistration --collapse-output-transforms 1 --dimensionality 3 --float 1 --initial-moving-transform [ /work/fmriprep_wf/single_subject_4700_wf/anat_preproc_wf/brain_extraction_wf/init_aff/initialization.mat, 0 ] --initialize-transforms-per-stage 0 --interpolation LanczosWindowedSinc --output [ anat_to_template, anat_to_template_Warped.nii.gz ] --transform Rigid[ 0.1 ] --metric MI[ /templateflow/tpl-OASIS30ANTs/tpl-OASIS30ANTs_res-01_T1w.nii.gz, /work/fmriprep_wf/single_subject_4700_wf/anat_preproc_wf/brain_extraction_wf/inu_n4/mapflow/_inu_n40/sub-4700_run-1_T1w_maths_corrected.nii.gz, 1, 32, Regular, 0.25 ] --convergence [ 1000x500x250x100, 1e-08, 10 ] --smoothing-sigmas 4.0x2.0x1.0x0.0vox --shrink-factors 8x4x2x1 --use-histogram-matching 1 --masks [ /templateflow/tpl-OASIS30ANTs/tpl-OASIS30ANTs_res-01_desc-BrainCerebellumExtraction_mask.nii.gz, NULL ] --transform Affine[ 0.1 ] --metric MI[ /templateflow/tpl-OASIS30ANTs/tpl-OASIS30ANTs_res-01_T1w.nii.gz, /work/fmriprep_wf/single_subject_4700_wf/anat_preproc_wf/brain_extraction_wf/inu_n4/mapflow/_inu_n40/sub-4700_run-1_T1w_maths_corrected.nii.gz, 1, 32, Regular, 0.25 ] --convergence [ 1000x500x250x100, 1e-08, 10 ] --smoothing-sigmas 4.0x2.0x1.0x0.0vox --shrink-factors 8x4x2x1 --use-histogram-matching 1 --masks [ /templateflow/tpl-OASIS30ANTs/tpl-OASIS30ANTs_res-01_desc-BrainCerebellumExtraction_mask.nii.gz, NULL ] --transform SyN[ 0.1, 3.0, 0.0 ] --metric CC[ /templateflow/tpl-OASIS30ANTs/tpl-OASIS30ANTs_res-01_T1w.nii.gz, /work/fmriprep_wf/single_subject_4700_wf/anat_preproc_wf/brain_extraction_wf/inu_n4/mapflow/_inu_n40/sub-4700_run-1_T1w_maths_corrected.nii.gz, 0.5, 4, None, 1 ] --metric CC[ /work/fmriprep_wf/single_subject_4700_wf/anat_preproc_wf/brain_extraction_wf/lap_tmpl/tpl-OASIS30ANTs_res-01_T1w_maths.nii.gz, /work/fmriprep_wf/single_subject_4700_wf/anat_preproc_wf/brain_extraction_wf/lap_target/sub-4700_run-1_T1w_maths_corrected_maths.nii.gz, 0.5, 4, None, 1 ] --convergence [ 50x10x0, 1e-09, 15 ] --smoothing-sigmas 2.0x1.0x0.0vox --shrink-factors 4x2x1 --use-histogram-matching 1 --masks [ /templateflow/tpl-OASIS30ANTs/tpl-OASIS30ANTs_res-01_desc-BrainCerebellumExtraction_mask.nii.gz, NULL ] -v --winsorize-image-intensities [ 0.025, 0.975 ]  --write-composite-transform 0
200813-22:58:24,774 nipype.workflow INFO:
	 [Node] Finished "fmriprep_wf.single_subject_4700_wf.anat_preproc_wf.surface_recon_wf.autorecon1".
200813-22:58:27,377 nipype.workflow INFO:
	 [Node] Setting-up "fmriprep_wf.single_subject_4700_wf.anat_preproc_wf.surface_recon_wf.fsnative2t1w_xfm" in "/work/fmriprep_wf/single_subject_4700_wf/anat_preproc_wf/surface_recon_wf/fsnative2t1w_xfm".
200813-22:58:27,706 nipype.workflow INFO:
	 [Node] Running "fsnative2t1w_xfm" ("niworkflows.interfaces.freesurfer.PatchedRobustRegister"), a CommandLine Interface with command:
mri_robust_register --satit --iscale --lta /work/fmriprep_wf/single_subject_4700_wf/anat_preproc_wf/surface_recon_wf/fsnative2t1w_xfm/T1_robustreg.lta --mov /fsdir/sub-4700/mri/T1.mgz --dst /data/sub-4700/ses-1/anat/sub-4700_run-1_T1w.nii.gz
200813-22:59:26,529 nipype.workflow INFO:
	 [Node] Finished "fmriprep_wf.single_subject_4700_wf.anat_preproc_wf.surface_recon_wf.fsnative2t1w_xfm".
200813-22:59:29,875 nipype.workflow INFO:
	 [Node] Setting-up "fmriprep_wf.single_subject_4700_wf.anat_preproc_wf.surface_recon_wf.t1w2fsnative_xfm" in "/work/fmriprep_wf/single_subject_4700_wf/anat_preproc_wf/surface_recon_wf/t1w2fsnative_xfm".
200813-22:59:29,925 nipype.workflow INFO:
	 [Node] Running "t1w2fsnative_xfm" ("niworkflows.interfaces.freesurfer.PatchedLTAConvert"), a CommandLine Interface with command:
lta_convert --inlta /work/fmriprep_wf/single_subject_4700_wf/anat_preproc_wf/surface_recon_wf/fsnative2t1w_xfm/T1_robustreg.lta --invert --outlta /work/fmriprep_wf/single_subject_4700_wf/anat_preproc_wf/surface_recon_wf/t1w2fsnative_xfm/out.lta
200813-22:59:30,133 nipype.workflow INFO:
	 [Node] Finished "fmriprep_wf.single_subject_4700_wf.anat_preproc_wf.surface_recon_wf.t1w2fsnative_xfm".
200813-23:13:21,91 nipype.workflow INFO:
	 [Node] Finished "fmriprep_wf.single_subject_4700_wf.anat_preproc_wf.brain_extraction_wf.norm".
200813-23:13:22,336 nipype.workflow INFO:
	 [Node] Setting-up "fmriprep_wf.single_subject_4700_wf.anat_preproc_wf.brain_extraction_wf.map_brainmask" in "/work/fmriprep_wf/single_subject_4700_wf/anat_preproc_wf/brain_extraction_wf/map_brainmask".
200813-23:13:22,391 nipype.workflow INFO:
	 [Node] Running "map_brainmask" ("niworkflows.interfaces.fixes.FixHeaderApplyTransforms"), a CommandLine Interface with command:
antsApplyTransforms --default-value 0 --float 1 --input /templateflow/tpl-OASIS30ANTs/tpl-OASIS30ANTs_res-01_label-brain_probseg.nii.gz --interpolation Gaussian --output tpl-OASIS30ANTs_res-01_label-brain_probseg_trans.nii.gz --reference-image /data/sub-4700/ses-1/anat/sub-4700_run-1_T1w.nii.gz --transform [ /work/fmriprep_wf/single_subject_4700_wf/anat_preproc_wf/brain_extraction_wf/norm/anat_to_template0GenericAffine.mat, 1 ] --transform [ /work/fmriprep_wf/single_subject_4700_wf/anat_preproc_wf/brain_extraction_wf/norm/anat_to_template1InverseWarp.nii.gz, 0 ]
200813-23:14:03,794 nipype.workflow INFO:
	 [Node] Finished "fmriprep_wf.single_subject_4700_wf.anat_preproc_wf.brain_extraction_wf.map_brainmask".
200813-23:14:06,383 nipype.workflow INFO:
	 [Node] Setting-up "fmriprep_wf.single_subject_4700_wf.anat_preproc_wf.brain_extraction_wf.thr_brainmask" in "/work/fmriprep_wf/single_subject_4700_wf/anat_preproc_wf/brain_extraction_wf/thr_brainmask".
200813-23:14:06,527 nipype.workflow INFO:
	 [Node] Running "thr_brainmask" ("niworkflows.interfaces.ants.ThresholdImage"), a CommandLine Interface with command:
ThresholdImage 3 /work/fmriprep_wf/single_subject_4700_wf/anat_preproc_wf/brain_extraction_wf/map_brainmask/tpl-OASIS30ANTs_res-01_label-brain_probseg_trans.nii.gz tpl-OASIS30ANTs_res-01_label-brain_probseg_trans_resampled.nii.gz 0.500000 1.000000 1.000000 0.000000
200813-23:14:07,784 nipype.workflow INFO:
	 [Node] Finished "fmriprep_wf.single_subject_4700_wf.anat_preproc_wf.brain_extraction_wf.thr_brainmask".
200813-23:14:10,407 nipype.workflow INFO:
	 [Node] Setting-up "fmriprep_wf.single_subject_4700_wf.anat_preproc_wf.brain_extraction_wf.atropos_wf.03_pad_mask" in "/work/fmriprep_wf/single_subject_4700_wf/anat_preproc_wf/brain_extraction_wf/atropos_wf/03_pad_mask".
200813-23:14:10,407 nipype.workflow INFO:
	 [Node] Setting-up "fmriprep_wf.single_subject_4700_wf.anat_preproc_wf.brain_extraction_wf.dil_brainmask" in "/work/fmriprep_wf/single_subject_4700_wf/anat_preproc_wf/brain_extraction_wf/dil_brainmask".
200813-23:14:10,423 nipype.workflow INFO:
	 [Node] Running "dil_brainmask" ("niworkflows.interfaces.ants.ImageMath"), a CommandLine Interface with command:
ImageMath 3 tpl-OASIS30ANTs_res-01_label-brain_probseg_trans_resampled_maths.nii.gz MD /work/fmriprep_wf/single_subject_4700_wf/anat_preproc_wf/brain_extraction_wf/thr_brainmask/tpl-OASIS30ANTs_res-01_label-brain_probseg_trans_resampled.nii.gz 2
200813-23:14:10,473 nipype.workflow INFO:
	 [Node] Running "03_pad_mask" ("niworkflows.interfaces.ants.ImageMath"), a CommandLine Interface with command:
ImageMath 3 tpl-OASIS30ANTs_res-01_label-brain_probseg_trans_resampled_maths.nii.gz PadImage /work/fmriprep_wf/single_subject_4700_wf/anat_preproc_wf/brain_extraction_wf/thr_brainmask/tpl-OASIS30ANTs_res-01_label-brain_probseg_trans_resampled.nii.gz 10
200813-23:14:11,960 nipype.workflow INFO:
	 [Node] Finished "fmriprep_wf.single_subject_4700_wf.anat_preproc_wf.brain_extraction_wf.atropos_wf.03_pad_mask".
200813-23:14:12,355 nipype.workflow INFO:
	 [Node] Finished "fmriprep_wf.single_subject_4700_wf.anat_preproc_wf.brain_extraction_wf.dil_brainmask".
200813-23:14:14,400 nipype.workflow INFO:
	 [Node] Setting-up "fmriprep_wf.single_subject_4700_wf.anat_preproc_wf.brain_extraction_wf.get_brainmask" in "/work/fmriprep_wf/single_subject_4700_wf/anat_preproc_wf/brain_extraction_wf/get_brainmask".
200813-23:14:14,451 nipype.workflow INFO:
	 [Node] Running "get_brainmask" ("niworkflows.interfaces.ants.ImageMath"), a CommandLine Interface with command:
ImageMath 3 tpl-OASIS30ANTs_res-01_label-brain_probseg_trans_resampled_maths_maths.nii.gz GetLargestComponent /work/fmriprep_wf/single_subject_4700_wf/anat_preproc_wf/brain_extraction_wf/dil_brainmask/tpl-OASIS30ANTs_res-01_label-brain_probseg_trans_resampled_maths.nii.gz
200813-23:14:16,180 nipype.workflow INFO:
	 [Node] Finished "fmriprep_wf.single_subject_4700_wf.anat_preproc_wf.brain_extraction_wf.get_brainmask".
200813-23:14:17,477 nipype.workflow INFO:
	 [Node] Setting-up "fmriprep_wf.single_subject_4700_wf.anat_preproc_wf.brain_extraction_wf.atropos_wf.01_atropos" in "/work/fmriprep_wf/single_subject_4700_wf/anat_preproc_wf/brain_extraction_wf/atropos_wf/01_atropos".
200813-23:14:18,437 nipype.workflow INFO:
	 [Node] Running "01_atropos" ("nipype.interfaces.ants.segmentation.Atropos"), a CommandLine Interface with command:
Atropos --image-dimensionality 3 --initialization KMeans[3] --intensity-image /work/fmriprep_wf/single_subject_4700_wf/anat_preproc_wf/brain_extraction_wf/inu_n4/mapflow/_inu_n40/sub-4700_run-1_T1w_maths_corrected.nii.gz --likelihood-model Gaussian --mask-image /work/fmriprep_wf/single_subject_4700_wf/anat_preproc_wf/brain_extraction_wf/get_brainmask/tpl-OASIS30ANTs_res-01_label-brain_probseg_trans_resampled_maths_maths.nii.gz --mrf [0.1,1x1x1] --convergence [3,0] --output [sub-4700_run-1_T1w_maths_corrected_labeled.nii.gz] --use-random-seed 1
200813-23:15:31,817 nipype.workflow INFO:
	 [Node] Finished "fmriprep_wf.single_subject_4700_wf.anat_preproc_wf.brain_extraction_wf.atropos_wf.01_atropos".
200813-23:15:34,590 nipype.workflow INFO:
	 [Node] Setting-up "fmriprep_wf.single_subject_4700_wf.anat_preproc_wf.brain_extraction_wf.atropos_wf.02_pad_segm" in "/work/fmriprep_wf/single_subject_4700_wf/anat_preproc_wf/brain_extraction_wf/atropos_wf/02_pad_segm".
200813-23:15:34,900 nipype.workflow INFO:
	 [Node] Running "02_pad_segm" ("niworkflows.interfaces.ants.ImageMath"), a CommandLine Interface with command:
ImageMath 3 sub-4700_run-1_T1w_maths_corrected_labeled_maths.nii.gz PadImage /work/fmriprep_wf/single_subject_4700_wf/anat_preproc_wf/brain_extraction_wf/atropos_wf/01_atropos/sub-4700_run-1_T1w_maths_corrected_labeled.nii.gz 10
200813-23:15:36,651 nipype.workflow INFO:
	 [Node] Finished "fmriprep_wf.single_subject_4700_wf.anat_preproc_wf.brain_extraction_wf.atropos_wf.02_pad_segm".
200813-23:15:37,578 nipype.workflow INFO:
	 [Node] Setting-up "fmriprep_wf.single_subject_4700_wf.anat_preproc_wf.brain_extraction_wf.atropos_wf.04_sel_labels" in "/work/fmriprep_wf/single_subject_4700_wf/anat_preproc_wf/brain_extraction_wf/atropos_wf/04_sel_labels".
200813-23:15:38,605 nipype.workflow INFO:
	 [Node] Running "04_sel_labels" ("nipype.interfaces.utility.wrappers.Function")
200813-23:15:39,31 nipype.workflow INFO:
	 [Node] Finished "fmriprep_wf.single_subject_4700_wf.anat_preproc_wf.brain_extraction_wf.atropos_wf.04_sel_labels".
200813-23:15:39,587 nipype.workflow INFO:
	 [Node] Setting-up "fmriprep_wf.single_subject_4700_wf.anat_preproc_wf.brain_extraction_wf.atropos_wf.10_me_csf" in "/work/fmriprep_wf/single_subject_4700_wf/anat_preproc_wf/brain_extraction_wf/atropos_wf/10_me_csf".
200813-23:15:39,588 nipype.workflow INFO:
	 [Node] Setting-up "fmriprep_wf.single_subject_4700_wf.anat_preproc_wf.brain_extraction_wf.atropos_wf.06_get_gm" in "/work/fmriprep_wf/single_subject_4700_wf/anat_preproc_wf/brain_extraction_wf/atropos_wf/06_get_gm".
200813-23:15:39,617 nipype.workflow INFO:
	 [Node] Running "06_get_gm" ("niworkflows.interfaces.ants.ImageMath"), a CommandLine Interface with command:
ImageMath 3 sub-4700_run-1_T1w_maths_corrected_labeled_maths_class-02_maths.nii.gz GetLargestComponent /work/fmriprep_wf/single_subject_4700_wf/anat_preproc_wf/brain_extraction_wf/atropos_wf/04_sel_labels/sub-4700_run-1_T1w_maths_corrected_labeled_maths_class-02.nii.gz
200813-23:15:39,898 nipype.workflow INFO:
	 [Node] Running "10_me_csf" ("niworkflows.interfaces.ants.ImageMath"), a CommandLine Interface with command:
ImageMath 3 sub-4700_run-1_T1w_maths_corrected_labeled_maths_class-01_maths.nii.gz ME /work/fmriprep_wf/single_subject_4700_wf/anat_preproc_wf/brain_extraction_wf/atropos_wf/04_sel_labels/sub-4700_run-1_T1w_maths_corrected_labeled_maths_class-01.nii.gz 10
200813-23:15:40,650 nipype.workflow INFO:
	 [Node] Setting-up "fmriprep_wf.single_subject_4700_wf.anat_preproc_wf.brain_extraction_wf.atropos_wf.27_depad_csf" in "/work/fmriprep_wf/single_subject_4700_wf/anat_preproc_wf/brain_extraction_wf/atropos_wf/27_depad_csf".
200813-23:15:40,650 nipype.workflow INFO:
	 [Node] Setting-up "fmriprep_wf.single_subject_4700_wf.anat_preproc_wf.brain_extraction_wf.atropos_wf.05_get_wm" in "/work/fmriprep_wf/single_subject_4700_wf/anat_preproc_wf/brain_extraction_wf/atropos_wf/05_get_wm".
200813-23:15:40,750 nipype.workflow INFO:
	 [Node] Running "27_depad_csf" ("niworkflows.interfaces.ants.ImageMath"), a CommandLine Interface with command:
ImageMath 3 sub-4700_run-1_T1w_maths_corrected_labeled_maths_class-01_maths.nii.gz PadImage /work/fmriprep_wf/single_subject_4700_wf/anat_preproc_wf/brain_extraction_wf/atropos_wf/04_sel_labels/sub-4700_run-1_T1w_maths_corrected_labeled_maths_class-01.nii.gz -10
200813-23:15:40,974 nipype.workflow INFO:
	 [Node] Running "05_get_wm" ("niworkflows.interfaces.ants.ImageMath"), a CommandLine Interface with command:
ImageMath 3 sub-4700_run-1_T1w_maths_corrected_labeled_maths_class-03_maths.nii.gz GetLargestComponent /work/fmriprep_wf/single_subject_4700_wf/anat_preproc_wf/brain_extraction_wf/atropos_wf/04_sel_labels/sub-4700_run-1_T1w_maths_corrected_labeled_maths_class-03.nii.gz
200813-23:15:41,819 nipype.workflow INFO:
	 [Node] Finished "fmriprep_wf.single_subject_4700_wf.anat_preproc_wf.brain_extraction_wf.atropos_wf.06_get_gm".
200813-23:15:41,932 nipype.workflow INFO:
	 [Node] Finished "fmriprep_wf.single_subject_4700_wf.anat_preproc_wf.brain_extraction_wf.atropos_wf.27_depad_csf".
200813-23:15:42,970 nipype.workflow INFO:
	 [Node] Finished "fmriprep_wf.single_subject_4700_wf.anat_preproc_wf.brain_extraction_wf.atropos_wf.05_get_wm".
200813-23:15:43,680 nipype.workflow INFO:
	 [Node] Setting-up "fmriprep_wf.single_subject_4700_wf.anat_preproc_wf.brain_extraction_wf.atropos_wf.09_relabel_wm" in "/work/fmriprep_wf/single_subject_4700_wf/anat_preproc_wf/brain_extraction_wf/atropos_wf/09_relabel_wm".
200813-23:15:44,632 nipype.workflow INFO:
	 [Node] Setting-up "fmriprep_wf.single_subject_4700_wf.anat_preproc_wf.brain_extraction_wf.atropos_wf.07_fill_gm" in "/work/fmriprep_wf/single_subject_4700_wf/anat_preproc_wf/brain_extraction_wf/atropos_wf/07_fill_gm".
200813-23:15:44,648 nipype.workflow INFO:
	 [Node] Running "07_fill_gm" ("niworkflows.interfaces.ants.ImageMath"), a CommandLine Interface with command:
ImageMath 3 sub-4700_run-1_T1w_maths_corrected_labeled_maths_class-02_maths_maths.nii.gz FillHoles /work/fmriprep_wf/single_subject_4700_wf/anat_preproc_wf/brain_extraction_wf/atropos_wf/06_get_gm/sub-4700_run-1_T1w_maths_corrected_labeled_maths_class-02_maths.nii.gz 2
200813-23:15:44,883 nipype.workflow INFO:
	 [Node] Running "09_relabel_wm" ("nipype.interfaces.ants.utils.MultiplyImages"), a CommandLine Interface with command:
MultiplyImages 3 /work/fmriprep_wf/single_subject_4700_wf/anat_preproc_wf/brain_extraction_wf/atropos_wf/05_get_wm/sub-4700_run-1_T1w_maths_corrected_labeled_maths_class-03_maths.nii.gz 3.0 09_relabel_wm.nii.gz
200813-23:15:46,156 nipype.workflow INFO:
	 [Node] Finished "fmriprep_wf.single_subject_4700_wf.anat_preproc_wf.brain_extraction_wf.atropos_wf.10_me_csf".
200813-23:15:46,320 nipype.workflow INFO:
	 [Node] Finished "fmriprep_wf.single_subject_4700_wf.anat_preproc_wf.brain_extraction_wf.atropos_wf.09_relabel_wm".
200813-23:15:48,624 nipype.workflow INFO:
	 [Node] Setting-up "fmriprep_wf.single_subject_4700_wf.anat_preproc_wf.brain_extraction_wf.atropos_wf.26_depad_wm" in "/work/fmriprep_wf/single_subject_4700_wf/anat_preproc_wf/brain_extraction_wf/atropos_wf/26_depad_wm".
200813-23:15:48,807 nipype.workflow INFO:
	 [Node] Running "26_depad_wm" ("niworkflows.interfaces.ants.ImageMath"), a CommandLine Interface with command:
ImageMath 3 09_relabel_wm_maths.nii.gz PadImage /work/fmriprep_wf/single_subject_4700_wf/anat_preproc_wf/brain_extraction_wf/atropos_wf/09_relabel_wm/09_relabel_wm.nii.gz -10
200813-23:15:50,245 nipype.workflow INFO:
	 [Node] Finished "fmriprep_wf.single_subject_4700_wf.anat_preproc_wf.brain_extraction_wf.atropos_wf.26_depad_wm".
200813-23:15:54,104 nipype.workflow INFO:
	 [Node] Finished "fmriprep_wf.single_subject_4700_wf.anat_preproc_wf.brain_extraction_wf.atropos_wf.07_fill_gm".
200813-23:15:55,689 nipype.workflow INFO:
	 [Node] Setting-up "fmriprep_wf.single_subject_4700_wf.anat_preproc_wf.brain_extraction_wf.atropos_wf.08_mult_gm" in "/work/fmriprep_wf/single_subject_4700_wf/anat_preproc_wf/brain_extraction_wf/atropos_wf/08_mult_gm".
200813-23:15:56,917 nipype.workflow INFO:
	 [Node] Running "08_mult_gm" ("nipype.interfaces.ants.utils.MultiplyImages"), a CommandLine Interface with command:
MultiplyImages 3 /work/fmriprep_wf/single_subject_4700_wf/anat_preproc_wf/brain_extraction_wf/atropos_wf/06_get_gm/sub-4700_run-1_T1w_maths_corrected_labeled_maths_class-02_maths.nii.gz /work/fmriprep_wf/single_subject_4700_wf/anat_preproc_wf/brain_extraction_wf/atropos_wf/07_fill_gm/sub-4700_run-1_T1w_maths_corrected_labeled_maths_class-02_maths_maths.nii.gz 08_mult_gm.nii.gz
200813-23:15:58,385 nipype.workflow INFO:
	 [Node] Finished "fmriprep_wf.single_subject_4700_wf.anat_preproc_wf.brain_extraction_wf.atropos_wf.08_mult_gm".
200813-23:16:00,625 nipype.workflow INFO:
	 [Node] Setting-up "fmriprep_wf.single_subject_4700_wf.anat_preproc_wf.brain_extraction_wf.atropos_wf.11_add_gm" in "/work/fmriprep_wf/single_subject_4700_wf/anat_preproc_wf/brain_extraction_wf/atropos_wf/11_add_gm".
200813-23:16:00,645 nipype.workflow INFO:
	 [Node] Running "11_add_gm" ("niworkflows.interfaces.ants.ImageMath"), a CommandLine Interface with command:
ImageMath 3 08_mult_gm_maths.nii.gz addtozero /work/fmriprep_wf/single_subject_4700_wf/anat_preproc_wf/brain_extraction_wf/atropos_wf/08_mult_gm/08_mult_gm.nii.gz /work/fmriprep_wf/single_subject_4700_wf/anat_preproc_wf/brain_extraction_wf/atropos_wf/10_me_csf/sub-4700_run-1_T1w_maths_corrected_labeled_maths_class-01_maths.nii.gz
200813-23:16:05,994 nipype.workflow INFO:
	 [Node] Finished "fmriprep_wf.single_subject_4700_wf.anat_preproc_wf.brain_extraction_wf.atropos_wf.11_add_gm".
200813-23:16:07,703 nipype.workflow INFO:
	 [Node] Setting-up "fmriprep_wf.single_subject_4700_wf.anat_preproc_wf.brain_extraction_wf.atropos_wf.12_relabel_gm" in "/work/fmriprep_wf/single_subject_4700_wf/anat_preproc_wf/brain_extraction_wf/atropos_wf/12_relabel_gm".
200813-23:16:08,645 nipype.workflow INFO:
	 [Node] Running "12_relabel_gm" ("nipype.interfaces.ants.utils.MultiplyImages"), a CommandLine Interface with command:
MultiplyImages 3 /work/fmriprep_wf/single_subject_4700_wf/anat_preproc_wf/brain_extraction_wf/atropos_wf/11_add_gm/08_mult_gm_maths.nii.gz 2.0 12_relabel_gm.nii.gz
200813-23:16:09,769 nipype.workflow INFO:
	 [Node] Finished "fmriprep_wf.single_subject_4700_wf.anat_preproc_wf.brain_extraction_wf.atropos_wf.12_relabel_gm".
200813-23:16:12,660 nipype.workflow INFO:
	 [Node] Setting-up "fmriprep_wf.single_subject_4700_wf.anat_preproc_wf.brain_extraction_wf.atropos_wf.25_depad_gm" in "/work/fmriprep_wf/single_subject_4700_wf/anat_preproc_wf/brain_extraction_wf/atropos_wf/25_depad_gm".
200813-23:16:12,660 nipype.workflow INFO:
	 [Node] Setting-up "fmriprep_wf.single_subject_4700_wf.anat_preproc_wf.brain_extraction_wf.atropos_wf.13_add_gm_wm" in "/work/fmriprep_wf/single_subject_4700_wf/anat_preproc_wf/brain_extraction_wf/atropos_wf/13_add_gm_wm".
200813-23:16:12,714 nipype.workflow INFO:
	 [Node] Running "13_add_gm_wm" ("niworkflows.interfaces.ants.ImageMath"), a CommandLine Interface with command:
ImageMath 3 09_relabel_wm_maths.nii.gz addtozero /work/fmriprep_wf/single_subject_4700_wf/anat_preproc_wf/brain_extraction_wf/atropos_wf/09_relabel_wm/09_relabel_wm.nii.gz /work/fmriprep_wf/single_subject_4700_wf/anat_preproc_wf/brain_extraction_wf/atropos_wf/12_relabel_gm/12_relabel_gm.nii.gz
200813-23:16:12,716 nipype.workflow INFO:
	 [Node] Running "25_depad_gm" ("niworkflows.interfaces.ants.ImageMath"), a CommandLine Interface with command:
ImageMath 3 12_relabel_gm_maths.nii.gz PadImage /work/fmriprep_wf/single_subject_4700_wf/anat_preproc_wf/brain_extraction_wf/atropos_wf/12_relabel_gm/12_relabel_gm.nii.gz -10
200813-23:16:14,263 nipype.workflow INFO:
	 [Node] Finished "fmriprep_wf.single_subject_4700_wf.anat_preproc_wf.brain_extraction_wf.atropos_wf.25_depad_gm".
200813-23:16:15,626 nipype.workflow INFO:
	 [Node] Setting-up "fmriprep_wf.single_subject_4700_wf.anat_preproc_wf.brain_extraction_wf.atropos_wf.merge_tpms" in "/work/fmriprep_wf/single_subject_4700_wf/anat_preproc_wf/brain_extraction_wf/atropos_wf/merge_tpms".
200813-23:16:16,737 nipype.workflow INFO:
	 [Node] Running "merge_tpms" ("nipype.interfaces.utility.base.Merge")
200813-23:16:16,792 nipype.workflow INFO:
	 [Node] Finished "fmriprep_wf.single_subject_4700_wf.anat_preproc_wf.brain_extraction_wf.atropos_wf.merge_tpms".
200813-23:16:18,703 nipype.workflow INFO:
	 [Node] Finished "fmriprep_wf.single_subject_4700_wf.anat_preproc_wf.brain_extraction_wf.atropos_wf.13_add_gm_wm".
200813-23:16:19,634 nipype.workflow INFO:
	 [Node] Setting-up "fmriprep_wf.single_subject_4700_wf.anat_preproc_wf.brain_extraction_wf.atropos_wf.14_sel_labels2" in "/work/fmriprep_wf/single_subject_4700_wf/anat_preproc_wf/brain_extraction_wf/atropos_wf/14_sel_labels2".
200813-23:16:20,669 nipype.workflow INFO:
	 [Node] Setting-up "fmriprep_wf.single_subject_4700_wf.anat_preproc_wf.brain_extraction_wf.atropos_wf.24_depad_segm" in "/work/fmriprep_wf/single_subject_4700_wf/anat_preproc_wf/brain_extraction_wf/atropos_wf/24_depad_segm".
200813-23:16:20,685 nipype.workflow INFO:
	 [Node] Running "24_depad_segm" ("niworkflows.interfaces.ants.ImageMath"), a CommandLine Interface with command:
ImageMath 3 09_relabel_wm_maths_maths.nii.gz PadImage /work/fmriprep_wf/single_subject_4700_wf/anat_preproc_wf/brain_extraction_wf/atropos_wf/13_add_gm_wm/09_relabel_wm_maths.nii.gz -10
200813-23:16:20,729 nipype.workflow INFO:
	 [Node] Running "14_sel_labels2" ("nipype.interfaces.utility.wrappers.Function")
200813-23:16:21,23 nipype.workflow INFO:
	 [Node] Finished "fmriprep_wf.single_subject_4700_wf.anat_preproc_wf.brain_extraction_wf.atropos_wf.14_sel_labels2".
200813-23:16:21,642 nipype.workflow INFO:
	 [Node] Setting-up "fmriprep_wf.single_subject_4700_wf.anat_preproc_wf.brain_extraction_wf.atropos_wf.15_add_7" in "/work/fmriprep_wf/single_subject_4700_wf/anat_preproc_wf/brain_extraction_wf/atropos_wf/15_add_7".
200813-23:16:21,658 nipype.workflow INFO:
	 [Node] Running "15_add_7" ("niworkflows.interfaces.ants.ImageMath"), a CommandLine Interface with command:
ImageMath 3 09_relabel_wm_maths_class-03_maths.nii.gz addtozero /work/fmriprep_wf/single_subject_4700_wf/anat_preproc_wf/brain_extraction_wf/atropos_wf/14_sel_labels2/09_relabel_wm_maths_class-03.nii.gz /work/fmriprep_wf/single_subject_4700_wf/anat_preproc_wf/brain_extraction_wf/atropos_wf/14_sel_labels2/09_relabel_wm_maths_class-02.nii.gz
200813-23:16:22,170 nipype.workflow INFO:
	 [Node] Finished "fmriprep_wf.single_subject_4700_wf.anat_preproc_wf.brain_extraction_wf.atropos_wf.24_depad_segm".
200813-23:16:26,705 nipype.workflow INFO:
	 [Node] Finished "fmriprep_wf.single_subject_4700_wf.anat_preproc_wf.brain_extraction_wf.atropos_wf.15_add_7".
200813-23:16:27,657 nipype.workflow INFO:
	 [Node] Setting-up "fmriprep_wf.single_subject_4700_wf.anat_preproc_wf.brain_extraction_wf.atropos_wf.16_me_7" in "/work/fmriprep_wf/single_subject_4700_wf/anat_preproc_wf/brain_extraction_wf/atropos_wf/16_me_7".
200813-23:16:27,671 nipype.workflow INFO:
	 [Node] Running "16_me_7" ("niworkflows.interfaces.ants.ImageMath"), a CommandLine Interface with command:
ImageMath 3 09_relabel_wm_maths_class-03_maths_maths.nii.gz ME /work/fmriprep_wf/single_subject_4700_wf/anat_preproc_wf/brain_extraction_wf/atropos_wf/15_add_7/09_relabel_wm_maths_class-03_maths.nii.gz 2
200813-23:16:31,876 nipype.workflow INFO:
	 [Node] Finished "fmriprep_wf.single_subject_4700_wf.anat_preproc_wf.brain_extraction_wf.atropos_wf.16_me_7".
200813-23:16:33,670 nipype.workflow INFO:
	 [Node] Setting-up "fmriprep_wf.single_subject_4700_wf.anat_preproc_wf.brain_extraction_wf.atropos_wf.17_comp_7" in "/work/fmriprep_wf/single_subject_4700_wf/anat_preproc_wf/brain_extraction_wf/atropos_wf/17_comp_7".
200813-23:16:33,684 nipype.workflow INFO:
	 [Node] Running "17_comp_7" ("niworkflows.interfaces.ants.ImageMath"), a CommandLine Interface with command:
ImageMath 3 09_relabel_wm_maths_class-03_maths_maths_maths.nii.gz GetLargestComponent /work/fmriprep_wf/single_subject_4700_wf/anat_preproc_wf/brain_extraction_wf/atropos_wf/16_me_7/09_relabel_wm_maths_class-03_maths_maths.nii.gz
200813-23:16:35,925 nipype.workflow INFO:
	 [Node] Finished "fmriprep_wf.single_subject_4700_wf.anat_preproc_wf.brain_extraction_wf.atropos_wf.17_comp_7".
200813-23:16:37,671 nipype.workflow INFO:
	 [Node] Setting-up "fmriprep_wf.single_subject_4700_wf.anat_preproc_wf.brain_extraction_wf.atropos_wf.18_md_7" in "/work/fmriprep_wf/single_subject_4700_wf/anat_preproc_wf/brain_extraction_wf/atropos_wf/18_md_7".
200813-23:16:37,903 nipype.workflow INFO:
	 [Node] Running "18_md_7" ("niworkflows.interfaces.ants.ImageMath"), a CommandLine Interface with command:
ImageMath 3 09_relabel_wm_maths_class-03_maths_maths_maths_maths.nii.gz MD /work/fmriprep_wf/single_subject_4700_wf/anat_preproc_wf/brain_extraction_wf/atropos_wf/17_comp_7/09_relabel_wm_maths_class-03_maths_maths_maths.nii.gz 4
200813-23:16:40,50 nipype.workflow INFO:
	 [Node] Finished "fmriprep_wf.single_subject_4700_wf.anat_preproc_wf.brain_extraction_wf.atropos_wf.18_md_7".
200813-23:16:41,684 nipype.workflow INFO:
	 [Node] Setting-up "fmriprep_wf.single_subject_4700_wf.anat_preproc_wf.brain_extraction_wf.atropos_wf.19_fill_7" in "/work/fmriprep_wf/single_subject_4700_wf/anat_preproc_wf/brain_extraction_wf/atropos_wf/19_fill_7".
200813-23:16:41,700 nipype.workflow INFO:
	 [Node] Running "19_fill_7" ("niworkflows.interfaces.ants.ImageMath"), a CommandLine Interface with command:
ImageMath 3 09_relabel_wm_maths_class-03_maths_maths_maths_maths_maths.nii.gz FillHoles /work/fmriprep_wf/single_subject_4700_wf/anat_preproc_wf/brain_extraction_wf/atropos_wf/18_md_7/09_relabel_wm_maths_class-03_maths_maths_maths_maths.nii.gz 2
200813-23:17:16,577 nipype.workflow INFO:
	 [Node] Finished "fmriprep_wf.single_subject_4700_wf.anat_preproc_wf.brain_extraction_wf.atropos_wf.19_fill_7".
200813-23:17:17,777 nipype.workflow INFO:
	 [Node] Setting-up "fmriprep_wf.single_subject_4700_wf.anat_preproc_wf.brain_extraction_wf.atropos_wf.20_add_7_2" in "/work/fmriprep_wf/single_subject_4700_wf/anat_preproc_wf/brain_extraction_wf/atropos_wf/20_add_7_2".
200813-23:17:17,824 nipype.workflow INFO:
	 [Node] Running "20_add_7_2" ("niworkflows.interfaces.ants.ImageMath"), a CommandLine Interface with command:
ImageMath 3 09_relabel_wm_maths_class-03_maths_maths_maths_maths_maths_maths.nii.gz addtozero /work/fmriprep_wf/single_subject_4700_wf/anat_preproc_wf/brain_extraction_wf/atropos_wf/19_fill_7/09_relabel_wm_maths_class-03_maths_maths_maths_maths_maths.nii.gz /work/fmriprep_wf/single_subject_4700_wf/anat_preproc_wf/brain_extraction_wf/atropos_wf/03_pad_mask/tpl-OASIS30ANTs_res-01_label-brain_probseg_trans_resampled_maths.nii.gz
200813-23:17:23,0 nipype.workflow INFO:
	 [Node] Finished "fmriprep_wf.single_subject_4700_wf.anat_preproc_wf.brain_extraction_wf.atropos_wf.20_add_7_2".
200813-23:17:23,796 nipype.workflow INFO:
	 [Node] Setting-up "fmriprep_wf.single_subject_4700_wf.anat_preproc_wf.brain_extraction_wf.atropos_wf.21_md_7_2" in "/work/fmriprep_wf/single_subject_4700_wf/anat_preproc_wf/brain_extraction_wf/atropos_wf/21_md_7_2".
200813-23:17:23,812 nipype.workflow INFO:
	 [Node] Running "21_md_7_2" ("niworkflows.interfaces.ants.ImageMath"), a CommandLine Interface with command:
ImageMath 3 09_relabel_wm_maths_class-03_maths_maths_maths_maths_maths_maths_maths.nii.gz MD /work/fmriprep_wf/single_subject_4700_wf/anat_preproc_wf/brain_extraction_wf/atropos_wf/20_add_7_2/09_relabel_wm_maths_class-03_maths_maths_maths_maths_maths_maths.nii.gz 5
200813-23:17:26,176 nipype.workflow INFO:
	 [Node] Finished "fmriprep_wf.single_subject_4700_wf.anat_preproc_wf.brain_extraction_wf.atropos_wf.21_md_7_2".
200813-23:17:27,792 nipype.workflow INFO:
	 [Node] Setting-up "fmriprep_wf.single_subject_4700_wf.anat_preproc_wf.brain_extraction_wf.atropos_wf.22_me_7_2" in "/work/fmriprep_wf/single_subject_4700_wf/anat_preproc_wf/brain_extraction_wf/atropos_wf/22_me_7_2".
200813-23:17:27,960 nipype.workflow INFO:
	 [Node] Running "22_me_7_2" ("niworkflows.interfaces.ants.ImageMath"), a CommandLine Interface with command:
ImageMath 3 09_relabel_wm_maths_class-03_maths_maths_maths_maths_maths_maths_maths_maths.nii.gz ME /work/fmriprep_wf/single_subject_4700_wf/anat_preproc_wf/brain_extraction_wf/atropos_wf/21_md_7_2/09_relabel_wm_maths_class-03_maths_maths_maths_maths_maths_maths_maths.nii.gz 5
200813-23:17:42,0 nipype.workflow INFO:
	 [Node] Finished "fmriprep_wf.single_subject_4700_wf.anat_preproc_wf.brain_extraction_wf.atropos_wf.22_me_7_2".
200813-23:17:44,758 nipype.workflow INFO:
	 [Node] Setting-up "fmriprep_wf.single_subject_4700_wf.anat_preproc_wf.brain_extraction_wf.atropos_wf.23_depad_mask" in "/work/fmriprep_wf/single_subject_4700_wf/anat_preproc_wf/brain_extraction_wf/atropos_wf/23_depad_mask".
200813-23:17:44,772 nipype.workflow INFO:
	 [Node] Running "23_depad_mask" ("niworkflows.interfaces.ants.ImageMath"), a CommandLine Interface with command:
ImageMath 3 09_relabel_wm_maths_class-03_maths_maths_maths_maths_maths_maths_maths_maths_maths.nii.gz PadImage /work/fmriprep_wf/single_subject_4700_wf/anat_preproc_wf/brain_extraction_wf/atropos_wf/22_me_7_2/09_relabel_wm_maths_class-03_maths_maths_maths_maths_maths_maths_maths_maths.nii.gz -10
200813-23:17:45,889 nipype.workflow INFO:
	 [Node] Finished "fmriprep_wf.single_subject_4700_wf.anat_preproc_wf.brain_extraction_wf.atropos_wf.23_depad_mask".
200813-23:17:47,836 nipype.workflow INFO:
	 [Node] Setting-up "fmriprep_wf.single_subject_4700_wf.anat_preproc_wf.brain_extraction_wf.atropos_wf.msk_conform" in "/work/fmriprep_wf/single_subject_4700_wf/anat_preproc_wf/brain_extraction_wf/atropos_wf/msk_conform".
200813-23:17:47,851 nipype.workflow INFO:
	 [Node] Running "msk_conform" ("nipype.interfaces.utility.wrappers.Function")
200813-23:17:48,69 nipype.workflow INFO:
	 [Node] Finished "fmriprep_wf.single_subject_4700_wf.anat_preproc_wf.brain_extraction_wf.atropos_wf.msk_conform".
200813-23:17:53,858 nipype.workflow INFO:
	 [Node] Setting-up "fmriprep_wf.single_subject_4700_wf.anat_preproc_wf.brain_extraction_wf.inu_n4_final" in "/work/fmriprep_wf/single_subject_4700_wf/anat_preproc_wf/brain_extraction_wf/inu_n4_final".
200813-23:17:53,880 nipype.workflow INFO:
	 [Node] Setting-up "_inu_n4_final0" in "/work/fmriprep_wf/single_subject_4700_wf/anat_preproc_wf/brain_extraction_wf/inu_n4_final/mapflow/_inu_n4_final0".
200813-23:17:53,892 nipype.workflow INFO:
	 [Node] Running "_inu_n4_final0" ("nipype.interfaces.ants.segmentation.N4BiasFieldCorrection"), a CommandLine Interface with command:
N4BiasFieldCorrection --bspline-fitting [ 200 ] -d 3 --input-image /data/sub-4700/ses-1/anat/sub-4700_run-1_T1w.nii.gz --convergence [ 50x50x50x50x50, 1e-07 ] --output [ sub-4700_run-1_T1w_corrected.nii.gz, sub-4700_run-1_T1w_bias.nii.gz ] -r --shrink-factor 4 --weight-image /work/fmriprep_wf/single_subject_4700_wf/anat_preproc_wf/brain_extraction_wf/atropos_wf/copy_xform/09_relabel_wm_maths_xform.nii.gz
200813-23:18:32,324 nipype.workflow INFO:
	 [Node] Finished "_inu_n4_final0".
200813-23:18:32,332 nipype.workflow INFO:
	 [Node] Finished "fmriprep_wf.single_subject_4700_wf.anat_preproc_wf.brain_extraction_wf.inu_n4_final".
200813-23:18:33,904 nipype.workflow INFO:
	 [Node] Setting-up "fmriprep_wf.single_subject_4700_wf.anat_preproc_wf.brain_extraction_wf.apply_mask" in "/work/fmriprep_wf/single_subject_4700_wf/anat_preproc_wf/brain_extraction_wf/apply_mask".
200813-23:18:33,922 nipype.workflow INFO:
	 [Node] Setting-up "_apply_mask0" in "/work/fmriprep_wf/single_subject_4700_wf/anat_preproc_wf/brain_extraction_wf/apply_mask/mapflow/_apply_mask0".
200813-23:18:34,18 nipype.workflow INFO:
	 [Node] Running "_apply_mask0" ("nipype.interfaces.fsl.maths.ApplyMask"), a CommandLine Interface with command:
fslmaths /work/fmriprep_wf/single_subject_4700_wf/anat_preproc_wf/brain_extraction_wf/inu_n4_final/mapflow/_inu_n4_final0/sub-4700_run-1_T1w_corrected.nii.gz -mas /work/fmriprep_wf/single_subject_4700_wf/anat_preproc_wf/brain_extraction_wf/atropos_wf/copy_xform/09_relabel_wm_mask_xform.nii.gz /work/fmriprep_wf/single_subject_4700_wf/anat_preproc_wf/brain_extraction_wf/apply_mask/mapflow/_apply_mask0/sub-4700_run-1_T1w_corrected_masked.nii.gz
200813-23:18:35,630 nipype.workflow INFO:
	 [Node] Finished "_apply_mask0".
200813-23:18:35,638 nipype.workflow INFO:
	 [Node] Finished "fmriprep_wf.single_subject_4700_wf.anat_preproc_wf.brain_extraction_wf.apply_mask".
200813-23:18:41,735 nipype.workflow INFO:
	 [Node] Setting-up "fmriprep_wf.single_subject_4700_wf.anat_preproc_wf.anat_norm_wf.trunc_mov" in "/work/fmriprep_wf/single_subject_4700_wf/anat_preproc_wf/anat_norm_wf/_template_MNI152NLin2009cAsym/trunc_mov".
200813-23:18:41,741 nipype.workflow INFO:
	 [Node] Setting-up "fmriprep_wf.single_subject_4700_wf.anat_preproc_wf.anat_norm_wf.trunc_mov" in "/work/fmriprep_wf/single_subject_4700_wf/anat_preproc_wf/anat_norm_wf/_template_MNI152NLin6Asym/trunc_mov".
200813-23:18:41,754 nipype.workflow INFO:
	 [Node] Running "trunc_mov" ("niworkflows.interfaces.ants.ImageMath"), a CommandLine Interface with command:
ImageMath 3 sub-4700_run-1_T1w_corrected_xform_maths.nii.gz TruncateImageIntensity /work/fmriprep_wf/single_subject_4700_wf/anat_preproc_wf/brain_extraction_wf/copy_xform/sub-4700_run-1_T1w_corrected_xform.nii.gz 0.01 0.999 256
200813-23:18:41,788 nipype.workflow INFO:
	 [Node] Running "trunc_mov" ("niworkflows.interfaces.ants.ImageMath"), a CommandLine Interface with command:
ImageMath 3 sub-4700_run-1_T1w_corrected_xform_maths.nii.gz TruncateImageIntensity /work/fmriprep_wf/single_subject_4700_wf/anat_preproc_wf/brain_extraction_wf/copy_xform/sub-4700_run-1_T1w_corrected_xform.nii.gz 0.01 0.999 256
200813-23:18:45,204 nipype.workflow INFO:
	 [Node] Setting-up "fmriprep_wf.single_subject_4700_wf.anat_preproc_wf.surface_recon_wf.skull_strip_extern" in "/work/fmriprep_wf/single_subject_4700_wf/anat_preproc_wf/surface_recon_wf/skull_strip_extern".
200813-23:18:45,245 nipype.workflow INFO:
	 [Node] Running "skull_strip_extern" ("niworkflows.interfaces.freesurfer.FSInjectBrainExtracted")
200813-23:18:47,23 nipype.workflow INFO:
	 [Node] Finished "fmriprep_wf.single_subject_4700_wf.anat_preproc_wf.surface_recon_wf.skull_strip_extern".
200813-23:18:47,344 nipype.workflow INFO:
	 [Node] Finished "fmriprep_wf.single_subject_4700_wf.anat_preproc_wf.anat_norm_wf.trunc_mov".
200813-23:18:47,374 nipype.workflow INFO:
	 [Node] Finished "fmriprep_wf.single_subject_4700_wf.anat_preproc_wf.anat_norm_wf.trunc_mov".
200813-23:18:47,443 nipype.workflow INFO:
	 [Node] Setting-up "fmriprep_wf.single_subject_4700_wf.anat_preproc_wf.surface_recon_wf.autorecon_resume_wf.autorecon2_vol" in "/work/fmriprep_wf/single_subject_4700_wf/anat_preproc_wf/surface_recon_wf/autorecon_resume_wf/autorecon2_vol".
200813-23:18:47,790 nipype.interface INFO:
	 resume recon-all : recon-all -autorecon2-volonly -openmp 8 -subjid sub-4700 -sd /fsdir 
200813-23:18:47,793 nipype.workflow INFO:
	 [Node] Running "autorecon2_vol" ("smriprep.interfaces.freesurfer.ReconAll"), a CommandLine Interface with command:
recon-all -autorecon2-volonly -openmp 8 -subjid sub-4700 -sd /fsdir 
200813-23:18:47,795 nipype.interface INFO:
	 resume recon-all : recon-all -autorecon2-volonly -openmp 8 -subjid sub-4700 -sd /fsdir 
200814-02:22:24,791 nipype.workflow INFO:
	 [Node] Finished "fmriprep_wf.single_subject_4700_wf.anat_preproc_wf.surface_recon_wf.autorecon_resume_wf.autorecon2_vol".
200814-02:22:36,569 nipype.workflow INFO:
	 [Node] Setting-up "_autorecon_surfs1" in "/work/fmriprep_wf/single_subject_4700_wf/anat_preproc_wf/surface_recon_wf/autorecon_resume_wf/autorecon_surfs/mapflow/_autorecon_surfs1".
200814-02:22:36,573 nipype.workflow INFO:
	 [Node] Setting-up "_autorecon_surfs0" in "/work/fmriprep_wf/single_subject_4700_wf/anat_preproc_wf/surface_recon_wf/autorecon_resume_wf/autorecon_surfs/mapflow/_autorecon_surfs0".
200814-02:22:36,589 nipype.interface INFO:
	 resume recon-all : recon-all -autorecon-hemi lh -noparcstats -noparcstats2 -noparcstats3 -nohyporelabel -nobalabels -openmp 8 -subjid sub-4700 -sd /fsdir 
200814-02:22:36,590 nipype.workflow INFO:
	 [Node] Running "_autorecon_surfs0" ("smriprep.interfaces.freesurfer.ReconAll"), a CommandLine Interface with command:
recon-all -autorecon-hemi lh -noparcstats -noparcstats2 -noparcstats3 -nohyporelabel -nobalabels -openmp 8 -subjid sub-4700 -sd /fsdir 
200814-02:22:36,593 nipype.interface INFO:
	 resume recon-all : recon-all -autorecon-hemi lh -noparcstats -noparcstats2 -noparcstats3 -nohyporelabel -nobalabels -openmp 8 -subjid sub-4700 -sd /fsdir 
200814-02:22:36,623 nipype.interface INFO:
	 resume recon-all : recon-all -autorecon-hemi rh -noparcstats -noparcstats2 -noparcstats3 -nohyporelabel -nobalabels -openmp 8 -subjid sub-4700 -sd /fsdir 
200814-02:22:36,625 nipype.workflow INFO:
	 [Node] Running "_autorecon_surfs1" ("smriprep.interfaces.freesurfer.ReconAll"), a CommandLine Interface with command:
recon-all -autorecon-hemi rh -noparcstats -noparcstats2 -noparcstats3 -nohyporelabel -nobalabels -openmp 8 -subjid sub-4700 -sd /fsdir 
200814-02:22:36,627 nipype.interface INFO:
	 resume recon-all : recon-all -autorecon-hemi rh -noparcstats -noparcstats2 -noparcstats3 -nohyporelabel -nobalabels -openmp 8 -subjid sub-4700 -sd /fsdir 
