/home/vincentq/scratch/HC_BIDS***/home/vincentq/scratch/HC_fmriprep_anat_20.1.1***/home/vincentq/scratch/src/HC_fmriprep_preopt.list******/home/vincentq/scratch/container_images/fmriprep_v20.1.1.simg***HC
Processing: sub-0073
Running task 6
Commandline: singularity run -B /home/vincentq:/home/fmriprep --home /home/fmriprep --cleanenv -B /home/vincentq/scratch/HC_BIDS:/data:ro -B /home/vincentq/scratch/HC_fmriprep_anat_20.1.1:/output -B /home/vincentq/scratch/src:/codes -B /home/vincentq/scratch/templateflow:/templateflow -B /home/vincentq/scratch/HC_fmriprep_anat_work:/work -B /home/vincentq/scratch/HC_fmriprep_anat_20.1.1/freesurfer-6.0.1:/fsdir /home/vincentq/scratch/container_images/fmriprep_v20.1.1.simg /data /output participant --participant-label 0073 -w /work --output-spaces MNI152NLin2009cAsym:res-2 anat fsnative fsaverage5 --anat-only --bids-filter-file /codes/pre_opt.json --fs-subjects-dir /fsdir --fs-license-file /home/fmriprep/.freesurfer/license.txt --cifti-out 91k --return-all-components --write-graph --skip_bids_validation --notrack --resource-monitor
200815-06:44:01,463 nipype.workflow IMPORTANT:
	 
    Running fMRIPREP version 20.1.1:
      * BIDS dataset path: /data.
      * Participant list: ['0073'].
      * Run identifier: 20200815-064217_62858e18-2a53-43b6-a91c-60a401628c49.
      * Output spaces: MNI152NLin2009cAsym:res-2 anat fsnative fsaverage:den-10k.
      * Pre-run FreeSurfer's SUBJECTS_DIR: /fsdir.
200815-06:46:43,6 nipype.workflow INFO:
	 fMRIPrep workflow graph with 155 nodes built successfully.
200815-06:47:09,164 nipype.workflow IMPORTANT:
	 fMRIPrep started!
200815-06:47:19,455 nipype.workflow INFO:
	 [Node] Setting-up "fmriprep_wf.single_subject_0073_wf.anat_preproc_wf.brain_extraction_wf.lap_tmpl" in "/work/fmriprep_wf/single_subject_0073_wf/anat_preproc_wf/brain_extraction_wf/lap_tmpl".
200815-06:47:19,469 nipype.workflow INFO:
	 [Node] Running "lap_tmpl" ("niworkflows.interfaces.ants.ImageMath"), a CommandLine Interface with command:
ImageMath 3 tpl-OASIS30ANTs_res-01_T1w_maths.nii.gz Laplacian /templateflow/tpl-OASIS30ANTs/tpl-OASIS30ANTs_res-01_T1w.nii.gz 1.5 1
200815-06:47:19,546 nipype.workflow INFO:
	 [Node] Setting-up "fmriprep_wf.single_subject_0073_wf.anat_preproc_wf.brain_extraction_wf.res_tmpl" in "/work/fmriprep_wf/single_subject_0073_wf/anat_preproc_wf/brain_extraction_wf/res_tmpl".
200815-06:47:19,624 nipype.workflow INFO:
	 [Node] Running "res_tmpl" ("niworkflows.interfaces.ants.ResampleImageBySpacing"), a CommandLine Interface with command:
ResampleImageBySpacing 3 /templateflow/tpl-OASIS30ANTs/tpl-OASIS30ANTs_res-01_T1w.nii.gz tpl-OASIS30ANTs_res-01_T1w_resampled.nii.gz 4 4 4 1
200815-06:47:19,697 nipype.workflow INFO:
	 [Node] Setting-up "fmriprep_wf.single_subject_0073_wf.bidssrc" in "/work/fmriprep_wf/single_subject_0073_wf/bidssrc".
200815-06:47:20,117 nipype.workflow INFO:
	 [Node] Running "bidssrc" ("niworkflows.interfaces.bids.BIDSDataGrabber")
200815-06:47:20,123 nipype.interface INFO:
	 No "bold" images found for sub-0073
200815-06:47:20,123 nipype.interface INFO:
	 No "t2w" images found for sub-0073
200815-06:47:20,124 nipype.interface INFO:
	 No "flair" images found for sub-0073
200815-06:47:20,124 nipype.interface INFO:
	 No "sbref" images found for sub-0073
200815-06:47:20,124 nipype.interface INFO:
	 No "roi" images found for sub-0073
200815-06:47:20,137 nipype.workflow INFO:
	 [Node] Finished "fmriprep_wf.single_subject_0073_wf.bidssrc".
200815-06:47:22,983 nipype.workflow INFO:
	 [Node] Finished "fmriprep_wf.single_subject_0073_wf.anat_preproc_wf.brain_extraction_wf.res_tmpl".
200815-06:47:23,730 nipype.workflow INFO:
	 [Node] Setting-up "fmriprep_wf.single_subject_0073_wf.anat_preproc_wf.anat_template_wf.t1w_ref_dimensions" in "/work/fmriprep_wf/single_subject_0073_wf/anat_preproc_wf/anat_template_wf/t1w_ref_dimensions".
200815-06:47:24,451 nipype.workflow INFO:
	 [Node] Running "t1w_ref_dimensions" ("niworkflows.interfaces.images.TemplateDimensions")
200815-06:47:25,400 nipype.workflow INFO:
	 [Node] Setting-up "fmriprep_wf.single_subject_0073_wf.bids_info" in "/work/fmriprep_wf/single_subject_0073_wf/bids_info".
200815-06:47:25,785 nipype.workflow INFO:
	 [Node] Running "bids_info" ("niworkflows.interfaces.bids.BIDSInfo")
200815-06:47:25,974 nipype.workflow INFO:
	 [Node] Finished "fmriprep_wf.single_subject_0073_wf.anat_preproc_wf.anat_template_wf.t1w_ref_dimensions".
200815-06:47:25,988 nipype.workflow INFO:
	 [Node] Finished "fmriprep_wf.single_subject_0073_wf.bids_info".
200815-06:47:27,624 nipype.workflow INFO:
	 [Node] Setting-up "fmriprep_wf.single_subject_0073_wf.anat_preproc_wf.anat_derivatives_wf.raw_sources" in "/work/fmriprep_wf/single_subject_0073_wf/anat_preproc_wf/anat_derivatives_wf/raw_sources".
200815-06:47:28,753 nipype.workflow INFO:
	 [Node] Running "raw_sources" ("nipype.interfaces.utility.wrappers.Function")
200815-06:47:28,777 nipype.workflow INFO:
	 [Node] Finished "fmriprep_wf.single_subject_0073_wf.anat_preproc_wf.anat_derivatives_wf.raw_sources".
200815-06:47:31,599 nipype.workflow INFO:
	 [Node] Setting-up "_t1w_conform0" in "/work/fmriprep_wf/single_subject_0073_wf/anat_preproc_wf/anat_template_wf/t1w_conform/mapflow/_t1w_conform0".
200815-06:47:31,599 nipype.workflow INFO:
	 [Node] Setting-up "_t1w_conform1" in "/work/fmriprep_wf/single_subject_0073_wf/anat_preproc_wf/anat_template_wf/t1w_conform/mapflow/_t1w_conform1".
200815-06:47:31,634 nipype.workflow INFO:
	 [Node] Running "_t1w_conform0" ("niworkflows.interfaces.images.Conform")
200815-06:47:31,663 nipype.workflow INFO:
	 [Node] Running "_t1w_conform1" ("niworkflows.interfaces.images.Conform")
200815-06:47:31,743 nipype.workflow INFO:
	 [Node] Finished "_t1w_conform1".
200815-06:47:32,613 nipype.workflow INFO:
	 [Node] Finished "_t1w_conform0".
200815-06:47:33,631 nipype.workflow INFO:
	 [Node] Setting-up "fmriprep_wf.single_subject_0073_wf.anat_preproc_wf.anat_template_wf.t1w_conform" in "/work/fmriprep_wf/single_subject_0073_wf/anat_preproc_wf/anat_template_wf/t1w_conform".
200815-06:47:33,644 nipype.workflow INFO:
	 [Node] Setting-up "_t1w_conform0" in "/work/fmriprep_wf/single_subject_0073_wf/anat_preproc_wf/anat_template_wf/t1w_conform/mapflow/_t1w_conform0".
200815-06:47:33,647 nipype.workflow INFO:
	 [Node] Cached "_t1w_conform0" - collecting precomputed outputs
200815-06:47:33,647 nipype.workflow INFO:
	 [Node] "_t1w_conform0" found cached.
200815-06:47:33,649 nipype.workflow INFO:
	 [Node] Setting-up "_t1w_conform1" in "/work/fmriprep_wf/single_subject_0073_wf/anat_preproc_wf/anat_template_wf/t1w_conform/mapflow/_t1w_conform1".
200815-06:47:33,651 nipype.workflow INFO:
	 [Node] Cached "_t1w_conform1" - collecting precomputed outputs
200815-06:47:33,651 nipype.workflow INFO:
	 [Node] "_t1w_conform1" found cached.
200815-06:47:33,658 nipype.workflow INFO:
	 [Node] Finished "fmriprep_wf.single_subject_0073_wf.anat_preproc_wf.anat_template_wf.t1w_conform".
200815-06:47:34,931 nipype.workflow INFO:
	 [Node] Finished "fmriprep_wf.single_subject_0073_wf.anat_preproc_wf.brain_extraction_wf.lap_tmpl".
200815-06:47:35,627 nipype.workflow INFO:
	 [Node] Setting-up "fmriprep_wf.single_subject_0073_wf.anat_preproc_wf.brain_extraction_wf.mrg_tmpl" in "/work/fmriprep_wf/single_subject_0073_wf/anat_preproc_wf/brain_extraction_wf/mrg_tmpl".
200815-06:47:36,675 nipype.workflow INFO:
	 [Node] Running "mrg_tmpl" ("nipype.interfaces.utility.base.Merge")
200815-06:47:36,711 nipype.workflow INFO:
	 [Node] Finished "fmriprep_wf.single_subject_0073_wf.anat_preproc_wf.brain_extraction_wf.mrg_tmpl".
200815-06:47:37,632 nipype.workflow INFO:
	 [Node] Setting-up "_n4_correct1" in "/work/fmriprep_wf/single_subject_0073_wf/anat_preproc_wf/anat_template_wf/n4_correct/mapflow/_n4_correct1".
200815-06:47:37,731 nipype.workflow INFO:
	 [Node] Setting-up "_n4_correct0" in "/work/fmriprep_wf/single_subject_0073_wf/anat_preproc_wf/anat_template_wf/n4_correct/mapflow/_n4_correct0".
200815-06:47:37,784 nipype.workflow INFO:
	 [Node] Setting-up "_t1w_conform_xfm0" in "/work/fmriprep_wf/single_subject_0073_wf/anat_preproc_wf/anat_template_wf/t1w_conform_xfm/mapflow/_t1w_conform_xfm0".
200815-06:47:37,799 nipype.workflow INFO:
	 [Node] Running "_t1w_conform_xfm0" ("niworkflows.interfaces.freesurfer.PatchedLTAConvert"), a CommandLine Interface with command:
lta_convert --inlta identity.nofile --outlta /work/fmriprep_wf/single_subject_0073_wf/anat_preproc_wf/anat_template_wf/t1w_conform_xfm/mapflow/_t1w_conform_xfm0/out.lta --src /data/sub-0073/ses-1/anat/sub-0073_run-1_T1w.nii.gz --trg /work/fmriprep_wf/single_subject_0073_wf/anat_preproc_wf/anat_template_wf/t1w_conform/mapflow/_t1w_conform0/sub-0073_run-1_T1w_ras.nii.gz
200815-06:47:37,800 nipype.workflow INFO:
	 [Node] Running "_n4_correct1" ("nipype.interfaces.ants.segmentation.N4BiasFieldCorrection"), a CommandLine Interface with command:
N4BiasFieldCorrection -d 3 --input-image /data/sub-0073/ses-1/anat/sub-0073_run-2_T1w.nii.gz --output sub-0073_run-2_T1w_corrected.nii.gz
200815-06:47:37,805 nipype.workflow INFO:
	 [Node] Running "_n4_correct0" ("nipype.interfaces.ants.segmentation.N4BiasFieldCorrection"), a CommandLine Interface with command:
N4BiasFieldCorrection -d 3 --input-image /work/fmriprep_wf/single_subject_0073_wf/anat_preproc_wf/anat_template_wf/t1w_conform/mapflow/_t1w_conform0/sub-0073_run-1_T1w_ras.nii.gz --output sub-0073_run-1_T1w_ras_corrected.nii.gz
200815-06:47:37,858 nipype.workflow INFO:
	 [Node] Setting-up "_t1w_conform_xfm1" in "/work/fmriprep_wf/single_subject_0073_wf/anat_preproc_wf/anat_template_wf/t1w_conform_xfm/mapflow/_t1w_conform_xfm1".
200815-06:47:37,880 nipype.workflow INFO:
	 [Node] Running "_t1w_conform_xfm1" ("niworkflows.interfaces.freesurfer.PatchedLTAConvert"), a CommandLine Interface with command:
lta_convert --inlta identity.nofile --outlta /work/fmriprep_wf/single_subject_0073_wf/anat_preproc_wf/anat_template_wf/t1w_conform_xfm/mapflow/_t1w_conform_xfm1/out.lta --src /data/sub-0073/ses-1/anat/sub-0073_run-2_T1w.nii.gz --trg /data/sub-0073/ses-1/anat/sub-0073_run-2_T1w.nii.gz
200815-06:47:38,115 nipype.workflow INFO:
	 [Node] Finished "_t1w_conform_xfm1".
200815-06:47:38,133 nipype.workflow INFO:
	 [Node] Finished "_t1w_conform_xfm0".
200815-06:47:40,758 nipype.workflow INFO:
	 [Node] Setting-up "fmriprep_wf.single_subject_0073_wf.anat_preproc_wf.anat_template_wf.t1w_conform_xfm" in "/work/fmriprep_wf/single_subject_0073_wf/anat_preproc_wf/anat_template_wf/t1w_conform_xfm".
200815-06:47:40,951 nipype.workflow INFO:
	 [Node] Setting-up "_t1w_conform_xfm0" in "/work/fmriprep_wf/single_subject_0073_wf/anat_preproc_wf/anat_template_wf/t1w_conform_xfm/mapflow/_t1w_conform_xfm0".
200815-06:47:40,955 nipype.workflow INFO:
	 [Node] Cached "_t1w_conform_xfm0" - collecting precomputed outputs
200815-06:47:40,955 nipype.workflow INFO:
	 [Node] "_t1w_conform_xfm0" found cached.
200815-06:47:40,957 nipype.workflow INFO:
	 [Node] Setting-up "_t1w_conform_xfm1" in "/work/fmriprep_wf/single_subject_0073_wf/anat_preproc_wf/anat_template_wf/t1w_conform_xfm/mapflow/_t1w_conform_xfm1".
200815-06:47:40,960 nipype.workflow INFO:
	 [Node] Cached "_t1w_conform_xfm1" - collecting precomputed outputs
200815-06:47:40,960 nipype.workflow INFO:
	 [Node] "_t1w_conform_xfm1" found cached.
200815-06:47:40,967 nipype.workflow INFO:
	 [Node] Finished "fmriprep_wf.single_subject_0073_wf.anat_preproc_wf.anat_template_wf.t1w_conform_xfm".
200815-06:52:40,592 nipype.workflow INFO:
	 [Node] Finished "_n4_correct0".
200815-06:52:43,688 nipype.workflow INFO:
	 [Node] Finished "_n4_correct1".
200815-06:52:44,272 nipype.workflow INFO:
	 [Node] Setting-up "fmriprep_wf.single_subject_0073_wf.anat_preproc_wf.anat_template_wf.n4_correct" in "/work/fmriprep_wf/single_subject_0073_wf/anat_preproc_wf/anat_template_wf/n4_correct".
200815-06:52:44,286 nipype.workflow INFO:
	 [Node] Setting-up "_n4_correct0" in "/work/fmriprep_wf/single_subject_0073_wf/anat_preproc_wf/anat_template_wf/n4_correct/mapflow/_n4_correct0".
200815-06:52:44,290 nipype.workflow INFO:
	 [Node] Cached "_n4_correct0" - collecting precomputed outputs
200815-06:52:44,290 nipype.workflow INFO:
	 [Node] "_n4_correct0" found cached.
200815-06:52:44,292 nipype.workflow INFO:
	 [Node] Setting-up "_n4_correct1" in "/work/fmriprep_wf/single_subject_0073_wf/anat_preproc_wf/anat_template_wf/n4_correct/mapflow/_n4_correct1".
200815-06:52:44,295 nipype.workflow INFO:
	 [Node] Cached "_n4_correct1" - collecting precomputed outputs
200815-06:52:44,295 nipype.workflow INFO:
	 [Node] "_n4_correct1" found cached.
200815-06:52:44,302 nipype.workflow INFO:
	 [Node] Finished "fmriprep_wf.single_subject_0073_wf.anat_preproc_wf.anat_template_wf.n4_correct".
200815-06:52:47,339 nipype.workflow INFO:
	 [Node] Setting-up "fmriprep_wf.single_subject_0073_wf.anat_preproc_wf.anat_template_wf.t1w_merge" in "/work/fmriprep_wf/single_subject_0073_wf/anat_preproc_wf/anat_template_wf/t1w_merge".
200815-06:52:47,370 nipype.workflow INFO:
	 [Node] Running "t1w_merge" ("niworkflows.interfaces.freesurfer.StructuralReference"), a CommandLine Interface with command:
mri_robust_template --satit --fixtp --mov /work/fmriprep_wf/single_subject_0073_wf/anat_preproc_wf/anat_template_wf/n4_correct/mapflow/_n4_correct0/sub-0073_run-1_T1w_ras_corrected.nii.gz /work/fmriprep_wf/single_subject_0073_wf/anat_preproc_wf/anat_template_wf/n4_correct/mapflow/_n4_correct1/sub-0073_run-2_T1w_corrected.nii.gz --inittp 1 --iscale --noit --template sub-0073_run-1_T1w_ras_template.nii.gz --subsample 200 --lta /work/fmriprep_wf/single_subject_0073_wf/anat_preproc_wf/anat_template_wf/t1w_merge/tp1.lta /work/fmriprep_wf/single_subject_0073_wf/anat_preproc_wf/anat_template_wf/t1w_merge/tp2.lta
200815-06:54:11,164 nipype.workflow INFO:
	 [Node] Finished "fmriprep_wf.single_subject_0073_wf.anat_preproc_wf.anat_template_wf.t1w_merge".
200815-06:54:12,294 nipype.workflow INFO:
	 [Node] Setting-up "fmriprep_wf.single_subject_0073_wf.anat_preproc_wf.anat_template_wf.t1w_reorient" in "/work/fmriprep_wf/single_subject_0073_wf/anat_preproc_wf/anat_template_wf/t1w_reorient".
200815-06:54:13,471 nipype.workflow INFO:
	 [Node] Running "t1w_reorient" ("nipype.interfaces.image.Reorient")
200815-06:54:13,516 nipype.workflow INFO:
	 [Node] Finished "fmriprep_wf.single_subject_0073_wf.anat_preproc_wf.anat_template_wf.t1w_reorient".
200815-06:54:16,295 nipype.workflow INFO:
	 [Node] Setting-up "fmriprep_wf.single_subject_0073_wf.anat_preproc_wf.surface_recon_wf.fov_check" in "/work/fmriprep_wf/single_subject_0073_wf/anat_preproc_wf/surface_recon_wf/fov_check".
200815-06:54:17,371 nipype.workflow INFO:
	 [Node] Setting-up "fmriprep_wf.single_subject_0073_wf.anat_preproc_wf.brain_extraction_wf.truncate_images" in "/work/fmriprep_wf/single_subject_0073_wf/anat_preproc_wf/brain_extraction_wf/truncate_images".
200815-06:54:17,383 nipype.workflow INFO:
	 [Node] Running "fov_check" ("nipype.interfaces.utility.wrappers.Function")
200815-06:54:17,386 nipype.workflow INFO:
	 [Node] Setting-up "_truncate_images0" in "/work/fmriprep_wf/single_subject_0073_wf/anat_preproc_wf/brain_extraction_wf/truncate_images/mapflow/_truncate_images0".
200815-06:54:17,434 nipype.workflow INFO:
	 [Node] Running "_truncate_images0" ("niworkflows.interfaces.ants.ImageMath"), a CommandLine Interface with command:
ImageMath 3 sub-0073_run-1_T1w_ras_template_maths.nii.gz TruncateImageIntensity /work/fmriprep_wf/single_subject_0073_wf/anat_preproc_wf/anat_template_wf/t1w_merge/sub-0073_run-1_T1w_ras_template.nii.gz 0.01 0.999 256
200815-06:54:17,447 nipype.workflow INFO:
	 [Node] Setting-up "fmriprep_wf.single_subject_0073_wf.anat_preproc_wf.surface_recon_wf.recon_config" in "/work/fmriprep_wf/single_subject_0073_wf/anat_preproc_wf/surface_recon_wf/recon_config".
200815-06:54:17,697 nipype.workflow INFO:
	 [Node] Running "recon_config" ("niworkflows.interfaces.freesurfer.FSDetectInputs")
200815-06:54:17,734 nipype.workflow INFO:
	 [Node] Finished "fmriprep_wf.single_subject_0073_wf.anat_preproc_wf.surface_recon_wf.recon_config".
200815-06:54:17,873 nipype.workflow INFO:
	 [Node] Finished "fmriprep_wf.single_subject_0073_wf.anat_preproc_wf.surface_recon_wf.fov_check".
200815-06:54:19,527 nipype.workflow INFO:
	 [Node] Setting-up "fmriprep_wf.single_subject_0073_wf.anat_preproc_wf.surface_recon_wf.autorecon1" in "/work/fmriprep_wf/single_subject_0073_wf/anat_preproc_wf/surface_recon_wf/autorecon1".
200815-06:54:19,710 nipype.workflow INFO:
	 [Node] Running "autorecon1" ("smriprep.interfaces.freesurfer.ReconAll"), a CommandLine Interface with command:
recon-all -autorecon1 -i /work/fmriprep_wf/single_subject_0073_wf/anat_preproc_wf/anat_template_wf/t1w_merge/sub-0073_run-1_T1w_ras_template.nii.gz -noskullstrip -openmp 8 -subjid sub-0073 -sd /fsdir
200815-06:54:22,661 nipype.workflow INFO:
	 [Node] Finished "_truncate_images0".
200815-06:54:22,669 nipype.workflow INFO:
	 [Node] Finished "fmriprep_wf.single_subject_0073_wf.anat_preproc_wf.brain_extraction_wf.truncate_images".
200815-06:54:24,421 nipype.workflow INFO:
	 [Node] Setting-up "fmriprep_wf.single_subject_0073_wf.anat_preproc_wf.brain_extraction_wf.inu_n4" in "/work/fmriprep_wf/single_subject_0073_wf/anat_preproc_wf/brain_extraction_wf/inu_n4".
200815-06:54:24,436 nipype.workflow INFO:
	 [Node] Setting-up "_inu_n40" in "/work/fmriprep_wf/single_subject_0073_wf/anat_preproc_wf/brain_extraction_wf/inu_n4/mapflow/_inu_n40".
200815-06:54:24,467 nipype.workflow INFO:
	 [Node] Running "_inu_n40" ("nipype.interfaces.ants.segmentation.N4BiasFieldCorrection"), a CommandLine Interface with command:
N4BiasFieldCorrection --bspline-fitting [ 200 ] -d 3 --input-image /work/fmriprep_wf/single_subject_0073_wf/anat_preproc_wf/brain_extraction_wf/truncate_images/mapflow/_truncate_images0/sub-0073_run-1_T1w_ras_template_maths.nii.gz --convergence [ 50x50x50x50, 1e-07 ] --output sub-0073_run-1_T1w_ras_template_maths_corrected.nii.gz --shrink-factor 4
200815-06:55:59,787 nipype.workflow INFO:
	 [Node] Finished "_inu_n40".
200815-06:55:59,795 nipype.workflow INFO:
	 [Node] Finished "fmriprep_wf.single_subject_0073_wf.anat_preproc_wf.brain_extraction_wf.inu_n4".
200815-06:56:01,526 nipype.workflow INFO:
	 [Node] Setting-up "fmriprep_wf.single_subject_0073_wf.anat_preproc_wf.brain_extraction_wf.res_target" in "/work/fmriprep_wf/single_subject_0073_wf/anat_preproc_wf/brain_extraction_wf/res_target".
200815-06:56:01,526 nipype.workflow INFO:
	 [Node] Setting-up "fmriprep_wf.single_subject_0073_wf.anat_preproc_wf.brain_extraction_wf.lap_target" in "/work/fmriprep_wf/single_subject_0073_wf/anat_preproc_wf/brain_extraction_wf/lap_target".
200815-06:56:01,540 nipype.workflow INFO:
	 [Node] Running "lap_target" ("niworkflows.interfaces.ants.ImageMath"), a CommandLine Interface with command:
ImageMath 3 sub-0073_run-1_T1w_ras_template_maths_corrected_maths.nii.gz Laplacian /work/fmriprep_wf/single_subject_0073_wf/anat_preproc_wf/brain_extraction_wf/inu_n4/mapflow/_inu_n40/sub-0073_run-1_T1w_ras_template_maths_corrected.nii.gz 1.5 1
200815-06:56:01,544 nipype.workflow INFO:
	 [Node] Running "res_target" ("niworkflows.interfaces.ants.ResampleImageBySpacing"), a CommandLine Interface with command:
ResampleImageBySpacing 3 /work/fmriprep_wf/single_subject_0073_wf/anat_preproc_wf/brain_extraction_wf/inu_n4/mapflow/_inu_n40/sub-0073_run-1_T1w_ras_template_maths_corrected.nii.gz sub-0073_run-1_T1w_ras_template_maths_corrected_resampled.nii.gz 4 4 4 1
200815-06:56:03,653 nipype.workflow INFO:
	 [Node] Finished "fmriprep_wf.single_subject_0073_wf.anat_preproc_wf.brain_extraction_wf.res_target".
200815-06:56:05,530 nipype.workflow INFO:
	 [Node] Setting-up "fmriprep_wf.single_subject_0073_wf.anat_preproc_wf.brain_extraction_wf.init_aff" in "/work/fmriprep_wf/single_subject_0073_wf/anat_preproc_wf/brain_extraction_wf/init_aff".
200815-06:56:05,563 nipype.workflow INFO:
	 [Node] Running "init_aff" ("niworkflows.interfaces.ants.AI"), a CommandLine Interface with command:
antsAI -c [10,0.000001,10] -d 3 -x /templateflow/tpl-OASIS30ANTs/tpl-OASIS30ANTs_res-01_desc-BrainCerebellumExtraction_mask.nii.gz -m Mattes[/work/fmriprep_wf/single_subject_0073_wf/anat_preproc_wf/brain_extraction_wf/res_tmpl/tpl-OASIS30ANTs_res-01_T1w_resampled.nii.gz,/work/fmriprep_wf/single_subject_0073_wf/anat_preproc_wf/brain_extraction_wf/res_target/sub-0073_run-1_T1w_ras_template_maths_corrected_resampled.nii.gz,32,Regular,0.250000] -o initialization.mat -p 0 -s [15.000000,0.100000] -t Affine[0.100000] -v 1
200815-06:56:08,674 nipype.workflow INFO:
	 [Node] Finished "fmriprep_wf.single_subject_0073_wf.anat_preproc_wf.brain_extraction_wf.init_aff".
200815-06:56:11,371 nipype.workflow INFO:
	 [Node] Finished "fmriprep_wf.single_subject_0073_wf.anat_preproc_wf.brain_extraction_wf.lap_target".
200815-06:56:12,427 nipype.workflow INFO:
	 [Node] Setting-up "fmriprep_wf.single_subject_0073_wf.anat_preproc_wf.brain_extraction_wf.mrg_target" in "/work/fmriprep_wf/single_subject_0073_wf/anat_preproc_wf/brain_extraction_wf/mrg_target".
200815-06:56:13,538 nipype.workflow INFO:
	 [Node] Running "mrg_target" ("nipype.interfaces.utility.base.Merge")
200815-06:56:13,552 nipype.workflow INFO:
	 [Node] Finished "fmriprep_wf.single_subject_0073_wf.anat_preproc_wf.brain_extraction_wf.mrg_target".
200815-06:56:15,526 nipype.workflow INFO:
	 [Node] Setting-up "fmriprep_wf.single_subject_0073_wf.anat_preproc_wf.brain_extraction_wf.norm" in "/work/fmriprep_wf/single_subject_0073_wf/anat_preproc_wf/brain_extraction_wf/norm".
200815-06:56:15,557 nipype.workflow INFO:
	 [Node] Running "norm" ("niworkflows.interfaces.fixes.FixHeaderRegistration"), a CommandLine Interface with command:
antsRegistration --collapse-output-transforms 1 --dimensionality 3 --float 1 --initial-moving-transform [ /work/fmriprep_wf/single_subject_0073_wf/anat_preproc_wf/brain_extraction_wf/init_aff/initialization.mat, 0 ] --initialize-transforms-per-stage 0 --interpolation LanczosWindowedSinc --output [ anat_to_template, anat_to_template_Warped.nii.gz ] --transform Rigid[ 0.1 ] --metric MI[ /templateflow/tpl-OASIS30ANTs/tpl-OASIS30ANTs_res-01_T1w.nii.gz, /work/fmriprep_wf/single_subject_0073_wf/anat_preproc_wf/brain_extraction_wf/inu_n4/mapflow/_inu_n40/sub-0073_run-1_T1w_ras_template_maths_corrected.nii.gz, 1, 32, Regular, 0.25 ] --convergence [ 1000x500x250x100, 1e-08, 10 ] --smoothing-sigmas 4.0x2.0x1.0x0.0vox --shrink-factors 8x4x2x1 --use-histogram-matching 1 --masks [ /templateflow/tpl-OASIS30ANTs/tpl-OASIS30ANTs_res-01_desc-BrainCerebellumExtraction_mask.nii.gz, NULL ] --transform Affine[ 0.1 ] --metric MI[ /templateflow/tpl-OASIS30ANTs/tpl-OASIS30ANTs_res-01_T1w.nii.gz, /work/fmriprep_wf/single_subject_0073_wf/anat_preproc_wf/brain_extraction_wf/inu_n4/mapflow/_inu_n40/sub-0073_run-1_T1w_ras_template_maths_corrected.nii.gz, 1, 32, Regular, 0.25 ] --convergence [ 1000x500x250x100, 1e-08, 10 ] --smoothing-sigmas 4.0x2.0x1.0x0.0vox --shrink-factors 8x4x2x1 --use-histogram-matching 1 --masks [ /templateflow/tpl-OASIS30ANTs/tpl-OASIS30ANTs_res-01_desc-BrainCerebellumExtraction_mask.nii.gz, NULL ] --transform SyN[ 0.1, 3.0, 0.0 ] --metric CC[ /templateflow/tpl-OASIS30ANTs/tpl-OASIS30ANTs_res-01_T1w.nii.gz, /work/fmriprep_wf/single_subject_0073_wf/anat_preproc_wf/brain_extraction_wf/inu_n4/mapflow/_inu_n40/sub-0073_run-1_T1w_ras_template_maths_corrected.nii.gz, 0.5, 4, None, 1 ] --metric CC[ /work/fmriprep_wf/single_subject_0073_wf/anat_preproc_wf/brain_extraction_wf/lap_tmpl/tpl-OASIS30ANTs_res-01_T1w_maths.nii.gz, /work/fmriprep_wf/single_subject_0073_wf/anat_preproc_wf/brain_extraction_wf/lap_target/sub-0073_run-1_T1w_ras_template_maths_corrected_maths.nii.gz, 0.5, 4, None, 1 ] --convergence [ 50x10x0, 1e-09, 15 ] --smoothing-sigmas 2.0x1.0x0.0vox --shrink-factors 4x2x1 --use-histogram-matching 1 --masks [ /templateflow/tpl-OASIS30ANTs/tpl-OASIS30ANTs_res-01_desc-BrainCerebellumExtraction_mask.nii.gz, NULL ] -v --winsorize-image-intensities [ 0.025, 0.975 ]  --write-composite-transform 0
200815-06:58:26,80 nipype.workflow WARNING:
	 Storing result file without outputs
200815-06:58:26,190 nipype.workflow WARNING:
	 [Node] Error on "fmriprep_wf.single_subject_0073_wf.anat_preproc_wf.surface_recon_wf.autorecon1" (/work/fmriprep_wf/single_subject_0073_wf/anat_preproc_wf/surface_recon_wf/autorecon1)
200815-06:58:26,497 nipype.workflow ERROR:
	 Node autorecon1 failed to run on host blg5819.int.ets1.calculquebec.ca.
200815-06:58:26,500 nipype.workflow ERROR:
	 Saving crash info to /output/fmriprep/sub-0073/log/20200815-064217_62858e18-2a53-43b6-a91c-60a401628c49/crash-20200815-065826-vincentq-autorecon1-d2a9f210-6fea-433d-90af-05de2cb1e157.txt
Traceback (most recent call last):
  File "/usr/local/miniconda/lib/python3.7/site-packages/nipype/pipeline/plugins/multiproc.py", line 67, in run_node
    result["result"] = node.run(updatehash=updatehash)
  File "/usr/local/miniconda/lib/python3.7/site-packages/nipype/pipeline/engine/nodes.py", line 516, in run
    result = self._run_interface(execute=True)
  File "/usr/local/miniconda/lib/python3.7/site-packages/nipype/pipeline/engine/nodes.py", line 635, in _run_interface
    return self._run_command(execute)
  File "/usr/local/miniconda/lib/python3.7/site-packages/nipype/pipeline/engine/nodes.py", line 741, in _run_command
    result = self._interface.run(cwd=outdir)
  File "/usr/local/miniconda/lib/python3.7/site-packages/nipype/interfaces/base/core.py", line 397, in run
    runtime = self._run_interface(runtime)
  File "/usr/local/miniconda/lib/python3.7/site-packages/nipype/interfaces/base/core.py", line 792, in _run_interface
    self.raise_exception(runtime)
  File "/usr/local/miniconda/lib/python3.7/site-packages/nipype/interfaces/base/core.py", line 723, in raise_exception
    ).format(**runtime.dictcopy())
RuntimeError: Command:
recon-all -autorecon1 -i /work/fmriprep_wf/single_subject_0073_wf/anat_preproc_wf/anat_template_wf/t1w_merge/sub-0073_run-1_T1w_ras_template.nii.gz -noskullstrip -openmp 8 -subjid sub-0073 -sd /fsdir
Standard output:
Subject Stamp: freesurfer-Linux-centos6_x86_64-stable-pub-v6.0.1-f53a55a
Current Stamp: freesurfer-Linux-centos6_x86_64-stable-pub-v6.0.1-f53a55a
INFO: SUBJECTS_DIR is /fsdir
Actual FREESURFER_HOME /opt/freesurfer
Linux blg5819.int.ets1.calculquebec.ca 3.10.0-1062.12.1.el7.x86_64 #1 SMP Tue Feb 4 23:02:59 UTC 2020 x86_64 x86_64 x86_64 GNU/Linux
'/opt/freesurfer/bin/recon-all' -> '/fsdir/sub-0073/scripts/recon-all.local-copy'
/fsdir/sub-0073

 mri_convert /work/fmriprep_wf/single_subject_0073_wf/anat_preproc_wf/anat_template_wf/t1w_merge/sub-0073_run-1_T1w_ras_template.nii.gz /fsdir/sub-0073/mri/orig/001.mgz 

mri_convert.bin /work/fmriprep_wf/single_subject_0073_wf/anat_preproc_wf/anat_template_wf/t1w_merge/sub-0073_run-1_T1w_ras_template.nii.gz /fsdir/sub-0073/mri/orig/001.mgz 
$Id: mri_convert.c,v 1.226 2016/02/26 16:15:24 mreuter Exp $
reading from /work/fmriprep_wf/single_subject_0073_wf/anat_preproc_wf/anat_template_wf/t1w_merge/sub-0073_run-1_T1w_ras_template.nii.gz...
TR=1000.00, TE=0.00, TI=0.00, flip angle=0.00
i_ras = (1, 0, 0)
j_ras = (0, 1, 0)
k_ras = (0, 0, 1)
writing to /fsdir/sub-0073/mri/orig/001.mgz...
#--------------------------------------------
#@# MotionCor Sat Aug 15 06:54:30 UTC 2020
Found 1 runs
/fsdir/sub-0073/mri/orig/001.mgz
Checking for (invalid) multi-frame inputs...
WARNING: only one run found. This is OK, but motion
correction cannot be performed on one run, so I'll
copy the run to rawavg and continue.

 cp /fsdir/sub-0073/mri/orig/001.mgz /fsdir/sub-0073/mri/rawavg.mgz 

/fsdir/sub-0073

 mri_convert /fsdir/sub-0073/mri/rawavg.mgz /fsdir/sub-0073/mri/orig.mgz --conform 

mri_convert.bin /fsdir/sub-0073/mri/rawavg.mgz /fsdir/sub-0073/mri/orig.mgz --conform 
$Id: mri_convert.c,v 1.226 2016/02/26 16:15:24 mreuter Exp $
reading from /fsdir/sub-0073/mri/rawavg.mgz...
TR=1000.00, TE=0.00, TI=0.00, flip angle=0.00
i_ras = (1, 0, 0)
j_ras = (0, 1, 0)
k_ras = (0, 0, 1)
changing data type from float to uchar (noscale = 0)...
MRIchangeType: Building histogram 
Reslicing using trilinear interpolation 
writing to /fsdir/sub-0073/mri/orig.mgz...

 mri_add_xform_to_header -c /fsdir/sub-0073/mri/transforms/talairach.xfm /fsdir/sub-0073/mri/orig.mgz /fsdir/sub-0073/mri/orig.mgz 

INFO: extension is mgz
#--------------------------------------------
#@# Talairach Sat Aug 15 06:54:40 UTC 2020
/fsdir/sub-0073/mri

 mri_nu_correct.mni --no-rescale --i orig.mgz --o orig_nu.mgz --n 1 --proto-iters 1000 --distance 50 

/fsdir/sub-0073/mri
/opt/freesurfer/bin/mri_nu_correct.mni
--no-rescale --i orig.mgz --o orig_nu.mgz --n 1 --proto-iters 1000 --distance 50
nIters 1
$Id: mri_nu_correct.mni,v 1.27 2016/02/26 16:19:49 mreuter Exp $
Linux blg5819.int.ets1.calculquebec.ca 3.10.0-1062.12.1.el7.x86_64 #1 SMP Tue Feb 4 23:02:59 UTC 2020 x86_64 x86_64 x86_64 GNU/Linux
Sat Aug 15 06:54:41 UTC 2020
Program nu_correct, built from:
Package MNI N3, version 1.12.0, compiled by nicks@terrier (x86_64-unknown-linux-gnu) on 2015-06-19 at 01:25:34
/usr/bin/bc
tmpdir is ./tmp.mri_nu_correct.mni.247066
/fsdir/sub-0073/mri
mri_convert orig.mgz ./tmp.mri_nu_correct.mni.247066/nu0.mnc -odt float
mri_convert.bin orig.mgz ./tmp.mri_nu_correct.mni.247066/nu0.mnc -odt float 
$Id: mri_convert.c,v 1.226 2016/02/26 16:15:24 mreuter Exp $
reading from orig.mgz...
TR=1000.00, TE=0.00, TI=0.00, flip angle=0.00
i_ras = (-1, 0, 0)
j_ras = (0, 0, -1)
k_ras = (0, 1, 0)
changing data type from uchar to float (noscale = 0)...
writing to ./tmp.mri_nu_correct.mni.247066/nu0.mnc...
 
--------------------------------------------------------
Iteration 1 Sat Aug 15 06:54:42 UTC 2020
nu_correct -clobber ./tmp.mri_nu_correct.mni.247066/nu0.mnc ./tmp.mri_nu_correct.mni.247066/nu1.mnc -tmpdir ./tmp.mri_nu_correct.mni.247066/0/ -iterations 1000 -distance 50
[vincentq@blg5819.int.ets1.calculquebec.ca:/fsdir/sub-0073/mri/] [2020-08-15 06:54:43] running:
  /opt/freesurfer/mni/bin/nu_estimate_np_and_em -parzen -log -sharpen 0.15 0.01 -iterations 1000 -stop 0.001 -shrink 4 -auto_mask -nonotify -b_spline 1.0e-7 -distance 50 -quiet -execute -clobber -nokeeptmp -tmpdir ./tmp.mri_nu_correct.mni.247066/0/ ./tmp.mri_nu_correct.mni.247066/nu0.mnc ./tmp.mri_nu_correct.mni.247066/nu1.imp

Processing:.................................................................Done
Processing:.................................................................Done
Processing:.................................................................Done
Processing:.................................................................Done
Processing:.................................................................Done
Processing:.................................................................Done
Processing:.................................................................Done
Processing:.................................................................Done
Processing:.................................................................Done
Processing:.................................................................Done
Processing:.................................................................Done
Processing:.................................................................Done
Processing:.................................................................Done
Processing:.................................................................Done
Processing:.................................................................Done
Processing:.................................................................Done
Processing:.................................................................Done
Processing:.................................................................Done
Processing:.................................................................Done
Processing:.................................................................Done
Processing:.................................................................Done
Processing:.................................................................Done
Processing:.................................................................Done
Processing:.................................................................Done
Processing:.................................................................Done
Processing:.................................................................Done
Processing:.................................................................Done
Processing:.................................................................Done
Processing:.................................................................Done
Processing:.................................................................Done
Processing:.................................................................Done
Processing:.................................................................Done
Processing:.................................................................Done
Processing:.................................................................Done
Processing:.................................................................Done
Processing:.................................................................Done
Processing:.................................................................Done
Processing:.................................................................Done
Processing:.................................................................Done
Processing:.................................................................Done
Processing:.................................................................Done
Processing:.................................................................Done
Processing:.................................................................Done
Processing:.................................................................Done
Processing:.................................................................Done
Processing:.................................................................Done
Processing:.................................................................Done
Number of iterations: 47 
CV of field change: 0.000987663
 
 
 
mri_convert ./tmp.mri_nu_correct.mni.247066/nu1.mnc orig_nu.mgz --like orig.mgz --conform
mri_convert.bin ./tmp.mri_nu_correct.mni.247066/nu1.mnc orig_nu.mgz --like orig.mgz --conform 
$Id: mri_convert.c,v 1.226 2016/02/26 16:15:24 mreuter Exp $
reading from ./tmp.mri_nu_correct.mni.247066/nu1.mnc...
TR=0.00, TE=0.00, TI=0.00, flip angle=0.00
i_ras = (-1, 0, 0)
j_ras = (0, 0, -1)
k_ras = (0, 1, 0)
INFO: transform src into the like-volume: orig.mgz
changing data type from float to uchar (noscale = 0)...
MRIchangeType: Building histogram 
writing to orig_nu.mgz...
 
 
Sat Aug 15 06:55:55 UTC 2020
mri_nu_correct.mni done

 talairach_avi --i orig_nu.mgz --xfm transforms/talairach.auto.xfm 

talairach_avi log file is transforms/talairach_avi.log...
Started at Sat Aug 15 06:55:55 UTC 2020
Ended   at Sat Aug 15 06:56:30 UTC 2020
talairach_avi done

 cp transforms/talairach.auto.xfm transforms/talairach.xfm 

#--------------------------------------------
#@# Talairach Failure Detection Sat Aug 15 06:56:32 UTC 2020
/fsdir/sub-0073/mri

 talairach_afd -T 0.005 -xfm transforms/talairach.xfm 

ERROR: talairach_afd: Talairach Transform: transforms/talairach.xfm ***FAILED*** (p=0.0000, pval=0.0000 < threshold=0.0050)

Manual Talairach alignment may be necessary, or
include the -notal-check flag to skip this test,
making sure the -notal-check flag follows -all
or -autorecon1 in the command string.
See:

http://surfer.nmr.mgh.harvard.edu/fswiki/FsTutorial/Talairach

INFO: Retrying Talairach align using 3T-based atlas...

#--------------------------------------------
#@# Talairach Sat Aug 15 06:56:33 UTC 2020
/fsdir/sub-0073/mri

 mri_nu_correct.mni --no-rescale --i orig.mgz --o orig_nu.mgz --n 1 --proto-iters 1000 --distance 50 

/fsdir/sub-0073/mri
/opt/freesurfer/bin/mri_nu_correct.mni
--no-rescale --i orig.mgz --o orig_nu.mgz --n 1 --proto-iters 1000 --distance 50
nIters 1
$Id: mri_nu_correct.mni,v 1.27 2016/02/26 16:19:49 mreuter Exp $
Linux blg5819.int.ets1.calculquebec.ca 3.10.0-1062.12.1.el7.x86_64 #1 SMP Tue Feb 4 23:02:59 UTC 2020 x86_64 x86_64 x86_64 GNU/Linux
Sat Aug 15 06:56:33 UTC 2020
Program nu_correct, built from:
Package MNI N3, version 1.12.0, compiled by nicks@terrier (x86_64-unknown-linux-gnu) on 2015-06-19 at 01:25:34
/usr/bin/bc
tmpdir is ./tmp.mri_nu_correct.mni.4322
/fsdir/sub-0073/mri
mri_convert orig.mgz ./tmp.mri_nu_correct.mni.4322/nu0.mnc -odt float
mri_convert.bin orig.mgz ./tmp.mri_nu_correct.mni.4322/nu0.mnc -odt float 
$Id: mri_convert.c,v 1.226 2016/02/26 16:15:24 mreuter Exp $
reading from orig.mgz...
TR=1000.00, TE=0.00, TI=0.00, flip angle=0.00
i_ras = (-1, 0, 0)
j_ras = (0, 0, -1)
k_ras = (0, 1, 0)
changing data type from uchar to float (noscale = 0)...
writing to ./tmp.mri_nu_correct.mni.4322/nu0.mnc...
 
--------------------------------------------------------
Iteration 1 Sat Aug 15 06:56:35 UTC 2020
nu_correct -clobber ./tmp.mri_nu_correct.mni.4322/nu0.mnc ./tmp.mri_nu_correct.mni.4322/nu1.mnc -tmpdir ./tmp.mri_nu_correct.mni.4322/0/ -iterations 1000 -distance 50
[vincentq@blg5819.int.ets1.calculquebec.ca:/fsdir/sub-0073/mri/] [2020-08-15 06:56:35] running:
  /opt/freesurfer/mni/bin/nu_estimate_np_and_em -parzen -log -sharpen 0.15 0.01 -iterations 1000 -stop 0.001 -shrink 4 -auto_mask -nonotify -b_spline 1.0e-7 -distance 50 -quiet -execute -clobber -nokeeptmp -tmpdir ./tmp.mri_nu_correct.mni.4322/0/ ./tmp.mri_nu_correct.mni.4322/nu0.mnc ./tmp.mri_nu_correct.mni.4322/nu1.imp

Processing:.................................................................Done
Processing:.................................................................Done
Processing:.................................................................Done
Processing:.................................................................Done
Processing:.................................................................Done
Processing:.................................................................Done
Processing:.................................................................Done
Processing:.................................................................Done
Processing:.................................................................Done
Processing:.................................................................Done
Processing:.................................................................Done
Processing:.................................................................Done
Processing:.................................................................Done
Processing:.................................................................Done
Processing:.................................................................Done
Processing:.................................................................Done
Processing:.................................................................Done
Processing:.................................................................Done
Processing:.................................................................Done
Processing:.................................................................Done
Processing:.................................................................Done
Processing:.................................................................Done
Processing:.................................................................Done
Processing:.................................................................Done
Processing:.................................................................Done
Processing:.................................................................Done
Processing:.................................................................Done
Processing:.................................................................Done
Processing:.................................................................Done
Processing:.................................................................Done
Processing:.................................................................Done
Processing:.................................................................Done
Processing:.................................................................Done
Processing:.................................................................Done
Processing:.................................................................Done
Processing:.................................................................Done
Processing:.................................................................Done
Processing:.................................................................Done
Processing:.................................................................Done
Processing:.................................................................Done
Processing:.................................................................Done
Processing:.................................................................Done
Processing:.................................................................Done
Processing:.................................................................Done
Processing:.................................................................Done
Processing:.................................................................Done
Processing:.................................................................Done
Number of iterations: 47 
CV of field change: 0.000987663
 
 
 
mri_convert ./tmp.mri_nu_correct.mni.4322/nu1.mnc orig_nu.mgz --like orig.mgz --conform
mri_convert.bin ./tmp.mri_nu_correct.mni.4322/nu1.mnc orig_nu.mgz --like orig.mgz --conform 
$Id: mri_convert.c,v 1.226 2016/02/26 16:15:24 mreuter Exp $
reading from ./tmp.mri_nu_correct.mni.4322/nu1.mnc...
TR=0.00, TE=0.00, TI=0.00, flip angle=0.00
i_ras = (-1, 0, 0)
j_ras = (0, 0, -1)
k_ras = (0, 1, 0)
INFO: transform src into the like-volume: orig.mgz
changing data type from float to uchar (noscale = 0)...
MRIchangeType: Building histogram 
writing to orig_nu.mgz...
 
 
Sat Aug 15 06:58:07 UTC 2020
mri_nu_correct.mni done

 talairach_avi --i orig_nu.mgz --xfm transforms/talairach.auto.xfm --atlas 3T18yoSchwartzReactN32_as_orig 

talairach_avi log file is transforms/talairach_avi.log...
ERROR: mpr2mni305 failed, see transforms/talairach_avi.log
Linux blg5819.int.ets1.calculquebec.ca 3.10.0-1062.12.1.el7.x86_64 #1 SMP Tue Feb 4 23:02:59 UTC 2020 x86_64 x86_64 x86_64 GNU/Linux

recon-all -s sub-0073 exited with ERRORS at Sat Aug 15 06:58:25 UTC 2020

For more details, see the log file /fsdir/sub-0073/scripts/recon-all.log
To report a problem, see http://surfer.nmr.mgh.harvard.edu/fswiki/BugReporting

Standard error:

Return code: 1

200815-07:10:56,978 nipype.workflow INFO:
	 [Node] Finished "fmriprep_wf.single_subject_0073_wf.anat_preproc_wf.brain_extraction_wf.norm".
200815-07:10:58,572 nipype.workflow INFO:
	 [Node] Setting-up "fmriprep_wf.single_subject_0073_wf.anat_preproc_wf.brain_extraction_wf.map_brainmask" in "/work/fmriprep_wf/single_subject_0073_wf/anat_preproc_wf/brain_extraction_wf/map_brainmask".
200815-07:10:58,610 nipype.workflow INFO:
	 [Node] Running "map_brainmask" ("niworkflows.interfaces.fixes.FixHeaderApplyTransforms"), a CommandLine Interface with command:
antsApplyTransforms --default-value 0 --float 1 --input /templateflow/tpl-OASIS30ANTs/tpl-OASIS30ANTs_res-01_label-brain_probseg.nii.gz --interpolation Gaussian --output tpl-OASIS30ANTs_res-01_label-brain_probseg_trans.nii.gz --reference-image /work/fmriprep_wf/single_subject_0073_wf/anat_preproc_wf/anat_template_wf/t1w_merge/sub-0073_run-1_T1w_ras_template.nii.gz --transform [ /work/fmriprep_wf/single_subject_0073_wf/anat_preproc_wf/brain_extraction_wf/norm/anat_to_template0GenericAffine.mat, 1 ] --transform [ /work/fmriprep_wf/single_subject_0073_wf/anat_preproc_wf/brain_extraction_wf/norm/anat_to_template1InverseWarp.nii.gz, 0 ]
200815-07:11:26,13 nipype.workflow INFO:
	 [Node] Finished "fmriprep_wf.single_subject_0073_wf.anat_preproc_wf.brain_extraction_wf.map_brainmask".
200815-07:11:28,619 nipype.workflow INFO:
	 [Node] Setting-up "fmriprep_wf.single_subject_0073_wf.anat_preproc_wf.brain_extraction_wf.thr_brainmask" in "/work/fmriprep_wf/single_subject_0073_wf/anat_preproc_wf/brain_extraction_wf/thr_brainmask".
200815-07:11:28,704 nipype.workflow INFO:
	 [Node] Running "thr_brainmask" ("niworkflows.interfaces.ants.ThresholdImage"), a CommandLine Interface with command:
ThresholdImage 3 /work/fmriprep_wf/single_subject_0073_wf/anat_preproc_wf/brain_extraction_wf/map_brainmask/tpl-OASIS30ANTs_res-01_label-brain_probseg_trans.nii.gz tpl-OASIS30ANTs_res-01_label-brain_probseg_trans_resampled.nii.gz 0.500000 1.000000 1.000000 0.000000
200815-07:11:30,14 nipype.workflow INFO:
	 [Node] Finished "fmriprep_wf.single_subject_0073_wf.anat_preproc_wf.brain_extraction_wf.thr_brainmask".
200815-07:11:32,646 nipype.workflow INFO:
	 [Node] Setting-up "fmriprep_wf.single_subject_0073_wf.anat_preproc_wf.brain_extraction_wf.dil_brainmask" in "/work/fmriprep_wf/single_subject_0073_wf/anat_preproc_wf/brain_extraction_wf/dil_brainmask".
200815-07:11:32,646 nipype.workflow INFO:
	 [Node] Setting-up "fmriprep_wf.single_subject_0073_wf.anat_preproc_wf.brain_extraction_wf.atropos_wf.03_pad_mask" in "/work/fmriprep_wf/single_subject_0073_wf/anat_preproc_wf/brain_extraction_wf/atropos_wf/03_pad_mask".
200815-07:11:32,661 nipype.workflow INFO:
	 [Node] Running "dil_brainmask" ("niworkflows.interfaces.ants.ImageMath"), a CommandLine Interface with command:
ImageMath 3 tpl-OASIS30ANTs_res-01_label-brain_probseg_trans_resampled_maths.nii.gz MD /work/fmriprep_wf/single_subject_0073_wf/anat_preproc_wf/brain_extraction_wf/thr_brainmask/tpl-OASIS30ANTs_res-01_label-brain_probseg_trans_resampled.nii.gz 2
200815-07:11:32,717 nipype.workflow INFO:
	 [Node] Running "03_pad_mask" ("niworkflows.interfaces.ants.ImageMath"), a CommandLine Interface with command:
ImageMath 3 tpl-OASIS30ANTs_res-01_label-brain_probseg_trans_resampled_maths.nii.gz PadImage /work/fmriprep_wf/single_subject_0073_wf/anat_preproc_wf/brain_extraction_wf/thr_brainmask/tpl-OASIS30ANTs_res-01_label-brain_probseg_trans_resampled.nii.gz 10
200815-07:11:34,201 nipype.workflow INFO:
	 [Node] Finished "fmriprep_wf.single_subject_0073_wf.anat_preproc_wf.brain_extraction_wf.atropos_wf.03_pad_mask".
200815-07:11:34,488 nipype.workflow INFO:
	 [Node] Finished "fmriprep_wf.single_subject_0073_wf.anat_preproc_wf.brain_extraction_wf.dil_brainmask".
200815-07:11:36,631 nipype.workflow INFO:
	 [Node] Setting-up "fmriprep_wf.single_subject_0073_wf.anat_preproc_wf.brain_extraction_wf.get_brainmask" in "/work/fmriprep_wf/single_subject_0073_wf/anat_preproc_wf/brain_extraction_wf/get_brainmask".
200815-07:11:36,653 nipype.workflow INFO:
	 [Node] Running "get_brainmask" ("niworkflows.interfaces.ants.ImageMath"), a CommandLine Interface with command:
ImageMath 3 tpl-OASIS30ANTs_res-01_label-brain_probseg_trans_resampled_maths_maths.nii.gz GetLargestComponent /work/fmriprep_wf/single_subject_0073_wf/anat_preproc_wf/brain_extraction_wf/dil_brainmask/tpl-OASIS30ANTs_res-01_label-brain_probseg_trans_resampled_maths.nii.gz
200815-07:11:38,467 nipype.workflow INFO:
	 [Node] Finished "fmriprep_wf.single_subject_0073_wf.anat_preproc_wf.brain_extraction_wf.get_brainmask".
200815-07:11:39,690 nipype.workflow INFO:
	 [Node] Setting-up "fmriprep_wf.single_subject_0073_wf.anat_preproc_wf.brain_extraction_wf.atropos_wf.01_atropos" in "/work/fmriprep_wf/single_subject_0073_wf/anat_preproc_wf/brain_extraction_wf/atropos_wf/01_atropos".
200815-07:11:40,662 nipype.workflow INFO:
	 [Node] Running "01_atropos" ("nipype.interfaces.ants.segmentation.Atropos"), a CommandLine Interface with command:
Atropos --image-dimensionality 3 --initialization KMeans[3] --intensity-image /work/fmriprep_wf/single_subject_0073_wf/anat_preproc_wf/brain_extraction_wf/inu_n4/mapflow/_inu_n40/sub-0073_run-1_T1w_ras_template_maths_corrected.nii.gz --likelihood-model Gaussian --mask-image /work/fmriprep_wf/single_subject_0073_wf/anat_preproc_wf/brain_extraction_wf/get_brainmask/tpl-OASIS30ANTs_res-01_label-brain_probseg_trans_resampled_maths_maths.nii.gz --mrf [0.1,1x1x1] --convergence [3,0] --output [sub-0073_run-1_T1w_ras_template_maths_corrected_labeled.nii.gz] --use-random-seed 1
200815-07:12:26,302 nipype.workflow INFO:
	 [Node] Finished "fmriprep_wf.single_subject_0073_wf.anat_preproc_wf.brain_extraction_wf.atropos_wf.01_atropos".
200815-07:12:28,748 nipype.workflow INFO:
	 [Node] Setting-up "fmriprep_wf.single_subject_0073_wf.anat_preproc_wf.brain_extraction_wf.atropos_wf.02_pad_segm" in "/work/fmriprep_wf/single_subject_0073_wf/anat_preproc_wf/brain_extraction_wf/atropos_wf/02_pad_segm".
200815-07:12:28,818 nipype.workflow INFO:
	 [Node] Running "02_pad_segm" ("niworkflows.interfaces.ants.ImageMath"), a CommandLine Interface with command:
ImageMath 3 sub-0073_run-1_T1w_ras_template_maths_corrected_labeled_maths.nii.gz PadImage /work/fmriprep_wf/single_subject_0073_wf/anat_preproc_wf/brain_extraction_wf/atropos_wf/01_atropos/sub-0073_run-1_T1w_ras_template_maths_corrected_labeled.nii.gz 10
200815-07:12:30,549 nipype.workflow INFO:
	 [Node] Finished "fmriprep_wf.single_subject_0073_wf.anat_preproc_wf.brain_extraction_wf.atropos_wf.02_pad_segm".
200815-07:12:31,720 nipype.workflow INFO:
	 [Node] Setting-up "fmriprep_wf.single_subject_0073_wf.anat_preproc_wf.brain_extraction_wf.atropos_wf.04_sel_labels" in "/work/fmriprep_wf/single_subject_0073_wf/anat_preproc_wf/brain_extraction_wf/atropos_wf/04_sel_labels".
200815-07:12:32,770 nipype.workflow INFO:
	 [Node] Running "04_sel_labels" ("nipype.interfaces.utility.wrappers.Function")
200815-07:12:33,205 nipype.workflow INFO:
	 [Node] Finished "fmriprep_wf.single_subject_0073_wf.anat_preproc_wf.brain_extraction_wf.atropos_wf.04_sel_labels".
200815-07:12:34,802 nipype.workflow INFO:
	 [Node] Setting-up "fmriprep_wf.single_subject_0073_wf.anat_preproc_wf.brain_extraction_wf.atropos_wf.05_get_wm" in "/work/fmriprep_wf/single_subject_0073_wf/anat_preproc_wf/brain_extraction_wf/atropos_wf/05_get_wm".
200815-07:12:34,803 nipype.workflow INFO:
	 [Node] Setting-up "fmriprep_wf.single_subject_0073_wf.anat_preproc_wf.brain_extraction_wf.atropos_wf.10_me_csf" in "/work/fmriprep_wf/single_subject_0073_wf/anat_preproc_wf/brain_extraction_wf/atropos_wf/10_me_csf".
200815-07:12:34,803 nipype.workflow INFO:
	 [Node] Setting-up "fmriprep_wf.single_subject_0073_wf.anat_preproc_wf.brain_extraction_wf.atropos_wf.06_get_gm" in "/work/fmriprep_wf/single_subject_0073_wf/anat_preproc_wf/brain_extraction_wf/atropos_wf/06_get_gm".
200815-07:12:34,803 nipype.workflow INFO:
	 [Node] Setting-up "fmriprep_wf.single_subject_0073_wf.anat_preproc_wf.brain_extraction_wf.atropos_wf.27_depad_csf" in "/work/fmriprep_wf/single_subject_0073_wf/anat_preproc_wf/brain_extraction_wf/atropos_wf/27_depad_csf".
200815-07:12:34,819 nipype.workflow INFO:
	 [Node] Running "10_me_csf" ("niworkflows.interfaces.ants.ImageMath"), a CommandLine Interface with command:
ImageMath 3 sub-0073_run-1_T1w_ras_template_maths_corrected_labeled_maths_class-01_maths.nii.gz ME /work/fmriprep_wf/single_subject_0073_wf/anat_preproc_wf/brain_extraction_wf/atropos_wf/04_sel_labels/sub-0073_run-1_T1w_ras_template_maths_corrected_labeled_maths_class-01.nii.gz 10
200815-07:12:34,834 nipype.workflow INFO:
	 [Node] Running "05_get_wm" ("niworkflows.interfaces.ants.ImageMath"), a CommandLine Interface with command:
ImageMath 3 sub-0073_run-1_T1w_ras_template_maths_corrected_labeled_maths_class-03_maths.nii.gz GetLargestComponent /work/fmriprep_wf/single_subject_0073_wf/anat_preproc_wf/brain_extraction_wf/atropos_wf/04_sel_labels/sub-0073_run-1_T1w_ras_template_maths_corrected_labeled_maths_class-03.nii.gz
200815-07:12:34,857 nipype.workflow INFO:
	 [Node] Running "06_get_gm" ("niworkflows.interfaces.ants.ImageMath"), a CommandLine Interface with command:
ImageMath 3 sub-0073_run-1_T1w_ras_template_maths_corrected_labeled_maths_class-02_maths.nii.gz GetLargestComponent /work/fmriprep_wf/single_subject_0073_wf/anat_preproc_wf/brain_extraction_wf/atropos_wf/04_sel_labels/sub-0073_run-1_T1w_ras_template_maths_corrected_labeled_maths_class-02.nii.gz
200815-07:12:34,867 nipype.workflow INFO:
	 [Node] Running "27_depad_csf" ("niworkflows.interfaces.ants.ImageMath"), a CommandLine Interface with command:
ImageMath 3 sub-0073_run-1_T1w_ras_template_maths_corrected_labeled_maths_class-01_maths.nii.gz PadImage /work/fmriprep_wf/single_subject_0073_wf/anat_preproc_wf/brain_extraction_wf/atropos_wf/04_sel_labels/sub-0073_run-1_T1w_ras_template_maths_corrected_labeled_maths_class-01.nii.gz -10
200815-07:12:36,92 nipype.workflow INFO:
	 [Node] Finished "fmriprep_wf.single_subject_0073_wf.anat_preproc_wf.brain_extraction_wf.atropos_wf.27_depad_csf".
200815-07:12:36,908 nipype.workflow INFO:
	 [Node] Finished "fmriprep_wf.single_subject_0073_wf.anat_preproc_wf.brain_extraction_wf.atropos_wf.06_get_gm".
200815-07:12:36,971 nipype.workflow INFO:
	 [Node] Finished "fmriprep_wf.single_subject_0073_wf.anat_preproc_wf.brain_extraction_wf.atropos_wf.05_get_wm".
200815-07:12:37,827 nipype.workflow INFO:
	 [Node] Setting-up "fmriprep_wf.single_subject_0073_wf.anat_preproc_wf.brain_extraction_wf.atropos_wf.09_relabel_wm" in "/work/fmriprep_wf/single_subject_0073_wf/anat_preproc_wf/brain_extraction_wf/atropos_wf/09_relabel_wm".
200815-07:12:38,792 nipype.workflow INFO:
	 [Node] Setting-up "fmriprep_wf.single_subject_0073_wf.anat_preproc_wf.brain_extraction_wf.atropos_wf.07_fill_gm" in "/work/fmriprep_wf/single_subject_0073_wf/anat_preproc_wf/brain_extraction_wf/atropos_wf/07_fill_gm".
200815-07:12:38,808 nipype.workflow INFO:
	 [Node] Running "07_fill_gm" ("niworkflows.interfaces.ants.ImageMath"), a CommandLine Interface with command:
ImageMath 3 sub-0073_run-1_T1w_ras_template_maths_corrected_labeled_maths_class-02_maths_maths.nii.gz FillHoles /work/fmriprep_wf/single_subject_0073_wf/anat_preproc_wf/brain_extraction_wf/atropos_wf/06_get_gm/sub-0073_run-1_T1w_ras_template_maths_corrected_labeled_maths_class-02_maths.nii.gz 2
200815-07:12:38,838 nipype.workflow INFO:
	 [Node] Running "09_relabel_wm" ("nipype.interfaces.ants.utils.MultiplyImages"), a CommandLine Interface with command:
MultiplyImages 3 /work/fmriprep_wf/single_subject_0073_wf/anat_preproc_wf/brain_extraction_wf/atropos_wf/05_get_wm/sub-0073_run-1_T1w_ras_template_maths_corrected_labeled_maths_class-03_maths.nii.gz 3.0 09_relabel_wm.nii.gz
200815-07:12:40,91 nipype.workflow INFO:
	 [Node] Finished "fmriprep_wf.single_subject_0073_wf.anat_preproc_wf.brain_extraction_wf.atropos_wf.09_relabel_wm".
200815-07:12:40,506 nipype.workflow INFO:
	 [Node] Finished "fmriprep_wf.single_subject_0073_wf.anat_preproc_wf.brain_extraction_wf.atropos_wf.10_me_csf".
200815-07:12:42,784 nipype.workflow INFO:
	 [Node] Setting-up "fmriprep_wf.single_subject_0073_wf.anat_preproc_wf.brain_extraction_wf.atropos_wf.26_depad_wm" in "/work/fmriprep_wf/single_subject_0073_wf/anat_preproc_wf/brain_extraction_wf/atropos_wf/26_depad_wm".
200815-07:12:42,884 nipype.workflow INFO:
	 [Node] Running "26_depad_wm" ("niworkflows.interfaces.ants.ImageMath"), a CommandLine Interface with command:
ImageMath 3 09_relabel_wm_maths.nii.gz PadImage /work/fmriprep_wf/single_subject_0073_wf/anat_preproc_wf/brain_extraction_wf/atropos_wf/09_relabel_wm/09_relabel_wm.nii.gz -10
200815-07:12:44,334 nipype.workflow INFO:
	 [Node] Finished "fmriprep_wf.single_subject_0073_wf.anat_preproc_wf.brain_extraction_wf.atropos_wf.26_depad_wm".
200815-07:12:48,645 nipype.workflow INFO:
	 [Node] Finished "fmriprep_wf.single_subject_0073_wf.anat_preproc_wf.brain_extraction_wf.atropos_wf.07_fill_gm".
200815-07:12:49,839 nipype.workflow INFO:
	 [Node] Setting-up "fmriprep_wf.single_subject_0073_wf.anat_preproc_wf.brain_extraction_wf.atropos_wf.08_mult_gm" in "/work/fmriprep_wf/single_subject_0073_wf/anat_preproc_wf/brain_extraction_wf/atropos_wf/08_mult_gm".
200815-07:12:50,807 nipype.workflow INFO:
	 [Node] Running "08_mult_gm" ("nipype.interfaces.ants.utils.MultiplyImages"), a CommandLine Interface with command:
MultiplyImages 3 /work/fmriprep_wf/single_subject_0073_wf/anat_preproc_wf/brain_extraction_wf/atropos_wf/06_get_gm/sub-0073_run-1_T1w_ras_template_maths_corrected_labeled_maths_class-02_maths.nii.gz /work/fmriprep_wf/single_subject_0073_wf/anat_preproc_wf/brain_extraction_wf/atropos_wf/07_fill_gm/sub-0073_run-1_T1w_ras_template_maths_corrected_labeled_maths_class-02_maths_maths.nii.gz 08_mult_gm.nii.gz
200815-07:12:52,216 nipype.workflow INFO:
	 [Node] Finished "fmriprep_wf.single_subject_0073_wf.anat_preproc_wf.brain_extraction_wf.atropos_wf.08_mult_gm".
200815-07:12:53,759 nipype.workflow INFO:
	 [Node] Setting-up "fmriprep_wf.single_subject_0073_wf.anat_preproc_wf.brain_extraction_wf.atropos_wf.11_add_gm" in "/work/fmriprep_wf/single_subject_0073_wf/anat_preproc_wf/brain_extraction_wf/atropos_wf/11_add_gm".
200815-07:12:53,799 nipype.workflow INFO:
	 [Node] Running "11_add_gm" ("niworkflows.interfaces.ants.ImageMath"), a CommandLine Interface with command:
ImageMath 3 08_mult_gm_maths.nii.gz addtozero /work/fmriprep_wf/single_subject_0073_wf/anat_preproc_wf/brain_extraction_wf/atropos_wf/08_mult_gm/08_mult_gm.nii.gz /work/fmriprep_wf/single_subject_0073_wf/anat_preproc_wf/brain_extraction_wf/atropos_wf/10_me_csf/sub-0073_run-1_T1w_ras_template_maths_corrected_labeled_maths_class-01_maths.nii.gz
200815-07:12:59,338 nipype.workflow INFO:
	 [Node] Finished "fmriprep_wf.single_subject_0073_wf.anat_preproc_wf.brain_extraction_wf.atropos_wf.11_add_gm".
200815-07:12:59,769 nipype.workflow INFO:
	 [Node] Setting-up "fmriprep_wf.single_subject_0073_wf.anat_preproc_wf.brain_extraction_wf.atropos_wf.12_relabel_gm" in "/work/fmriprep_wf/single_subject_0073_wf/anat_preproc_wf/brain_extraction_wf/atropos_wf/12_relabel_gm".
200815-07:12:59,788 nipype.workflow INFO:
	 [Node] Running "12_relabel_gm" ("nipype.interfaces.ants.utils.MultiplyImages"), a CommandLine Interface with command:
MultiplyImages 3 /work/fmriprep_wf/single_subject_0073_wf/anat_preproc_wf/brain_extraction_wf/atropos_wf/11_add_gm/08_mult_gm_maths.nii.gz 2.0 12_relabel_gm.nii.gz
200815-07:13:00,884 nipype.workflow INFO:
	 [Node] Finished "fmriprep_wf.single_subject_0073_wf.anat_preproc_wf.brain_extraction_wf.atropos_wf.12_relabel_gm".
200815-07:13:01,780 nipype.workflow INFO:
	 [Node] Setting-up "fmriprep_wf.single_subject_0073_wf.anat_preproc_wf.brain_extraction_wf.atropos_wf.25_depad_gm" in "/work/fmriprep_wf/single_subject_0073_wf/anat_preproc_wf/brain_extraction_wf/atropos_wf/25_depad_gm".
200815-07:13:01,780 nipype.workflow INFO:
	 [Node] Setting-up "fmriprep_wf.single_subject_0073_wf.anat_preproc_wf.brain_extraction_wf.atropos_wf.13_add_gm_wm" in "/work/fmriprep_wf/single_subject_0073_wf/anat_preproc_wf/brain_extraction_wf/atropos_wf/13_add_gm_wm".
200815-07:13:01,794 nipype.workflow INFO:
	 [Node] Running "25_depad_gm" ("niworkflows.interfaces.ants.ImageMath"), a CommandLine Interface with command:
ImageMath 3 12_relabel_gm_maths.nii.gz PadImage /work/fmriprep_wf/single_subject_0073_wf/anat_preproc_wf/brain_extraction_wf/atropos_wf/12_relabel_gm/12_relabel_gm.nii.gz -10
200815-07:13:01,797 nipype.workflow INFO:
	 [Node] Running "13_add_gm_wm" ("niworkflows.interfaces.ants.ImageMath"), a CommandLine Interface with command:
ImageMath 3 09_relabel_wm_maths.nii.gz addtozero /work/fmriprep_wf/single_subject_0073_wf/anat_preproc_wf/brain_extraction_wf/atropos_wf/09_relabel_wm/09_relabel_wm.nii.gz /work/fmriprep_wf/single_subject_0073_wf/anat_preproc_wf/brain_extraction_wf/atropos_wf/12_relabel_gm/12_relabel_gm.nii.gz
200815-07:13:03,331 nipype.workflow INFO:
	 [Node] Finished "fmriprep_wf.single_subject_0073_wf.anat_preproc_wf.brain_extraction_wf.atropos_wf.25_depad_gm".
200815-07:13:03,775 nipype.workflow INFO:
	 [Node] Setting-up "fmriprep_wf.single_subject_0073_wf.anat_preproc_wf.brain_extraction_wf.atropos_wf.merge_tpms" in "/work/fmriprep_wf/single_subject_0073_wf/anat_preproc_wf/brain_extraction_wf/atropos_wf/merge_tpms".
200815-07:13:04,57 nipype.workflow INFO:
	 [Node] Running "merge_tpms" ("nipype.interfaces.utility.base.Merge")
200815-07:13:04,70 nipype.workflow INFO:
	 [Node] Finished "fmriprep_wf.single_subject_0073_wf.anat_preproc_wf.brain_extraction_wf.atropos_wf.merge_tpms".
200815-07:13:07,558 nipype.workflow INFO:
	 [Node] Finished "fmriprep_wf.single_subject_0073_wf.anat_preproc_wf.brain_extraction_wf.atropos_wf.13_add_gm_wm".
200815-07:13:07,786 nipype.workflow INFO:
	 [Node] Setting-up "fmriprep_wf.single_subject_0073_wf.anat_preproc_wf.brain_extraction_wf.atropos_wf.24_depad_segm" in "/work/fmriprep_wf/single_subject_0073_wf/anat_preproc_wf/brain_extraction_wf/atropos_wf/24_depad_segm".
200815-07:13:07,786 nipype.workflow INFO:
	 [Node] Setting-up "fmriprep_wf.single_subject_0073_wf.anat_preproc_wf.brain_extraction_wf.atropos_wf.14_sel_labels2" in "/work/fmriprep_wf/single_subject_0073_wf/anat_preproc_wf/brain_extraction_wf/atropos_wf/14_sel_labels2".
200815-07:13:07,872 nipype.workflow INFO:
	 [Node] Running "24_depad_segm" ("niworkflows.interfaces.ants.ImageMath"), a CommandLine Interface with command:
ImageMath 3 09_relabel_wm_maths_maths.nii.gz PadImage /work/fmriprep_wf/single_subject_0073_wf/anat_preproc_wf/brain_extraction_wf/atropos_wf/13_add_gm_wm/09_relabel_wm_maths.nii.gz -10
200815-07:13:08,0 nipype.workflow INFO:
	 [Node] Running "14_sel_labels2" ("nipype.interfaces.utility.wrappers.Function")
200815-07:13:08,496 nipype.workflow INFO:
	 [Node] Finished "fmriprep_wf.single_subject_0073_wf.anat_preproc_wf.brain_extraction_wf.atropos_wf.14_sel_labels2".
200815-07:13:09,793 nipype.workflow INFO:
	 [Node] Setting-up "fmriprep_wf.single_subject_0073_wf.anat_preproc_wf.brain_extraction_wf.atropos_wf.15_add_7" in "/work/fmriprep_wf/single_subject_0073_wf/anat_preproc_wf/brain_extraction_wf/atropos_wf/15_add_7".
200815-07:13:28,424 nipype.workflow INFO:
	 [Node] Finished "fmriprep_wf.single_subject_0073_wf.anat_preproc_wf.brain_extraction_wf.atropos_wf.24_depad_segm".
200815-07:13:28,499 nipype.workflow INFO:
	 [Node] Running "15_add_7" ("niworkflows.interfaces.ants.ImageMath"), a CommandLine Interface with command:
ImageMath 3 09_relabel_wm_maths_class-03_maths.nii.gz addtozero /work/fmriprep_wf/single_subject_0073_wf/anat_preproc_wf/brain_extraction_wf/atropos_wf/14_sel_labels2/09_relabel_wm_maths_class-03.nii.gz /work/fmriprep_wf/single_subject_0073_wf/anat_preproc_wf/brain_extraction_wf/atropos_wf/14_sel_labels2/09_relabel_wm_maths_class-02.nii.gz
200815-07:13:47,882 nipype.workflow INFO:
	 [Node] Finished "fmriprep_wf.single_subject_0073_wf.anat_preproc_wf.brain_extraction_wf.atropos_wf.15_add_7".
200815-07:13:49,855 nipype.workflow INFO:
	 [Node] Setting-up "fmriprep_wf.single_subject_0073_wf.anat_preproc_wf.brain_extraction_wf.atropos_wf.16_me_7" in "/work/fmriprep_wf/single_subject_0073_wf/anat_preproc_wf/brain_extraction_wf/atropos_wf/16_me_7".
200815-07:13:53,188 nipype.workflow INFO:
	 [Node] Running "16_me_7" ("niworkflows.interfaces.ants.ImageMath"), a CommandLine Interface with command:
ImageMath 3 09_relabel_wm_maths_class-03_maths_maths.nii.gz ME /work/fmriprep_wf/single_subject_0073_wf/anat_preproc_wf/brain_extraction_wf/atropos_wf/15_add_7/09_relabel_wm_maths_class-03_maths.nii.gz 2
200815-07:13:57,596 nipype.workflow INFO:
	 [Node] Finished "fmriprep_wf.single_subject_0073_wf.anat_preproc_wf.brain_extraction_wf.atropos_wf.16_me_7".
200815-07:13:58,805 nipype.workflow INFO:
	 [Node] Setting-up "fmriprep_wf.single_subject_0073_wf.anat_preproc_wf.brain_extraction_wf.atropos_wf.17_comp_7" in "/work/fmriprep_wf/single_subject_0073_wf/anat_preproc_wf/brain_extraction_wf/atropos_wf/17_comp_7".
200815-07:13:58,820 nipype.workflow INFO:
	 [Node] Running "17_comp_7" ("niworkflows.interfaces.ants.ImageMath"), a CommandLine Interface with command:
ImageMath 3 09_relabel_wm_maths_class-03_maths_maths_maths.nii.gz GetLargestComponent /work/fmriprep_wf/single_subject_0073_wf/anat_preproc_wf/brain_extraction_wf/atropos_wf/16_me_7/09_relabel_wm_maths_class-03_maths_maths.nii.gz
200815-07:14:00,784 nipype.workflow INFO:
	 [Node] Finished "fmriprep_wf.single_subject_0073_wf.anat_preproc_wf.brain_extraction_wf.atropos_wf.17_comp_7".
200815-07:14:01,867 nipype.workflow INFO:
	 [Node] Setting-up "fmriprep_wf.single_subject_0073_wf.anat_preproc_wf.brain_extraction_wf.atropos_wf.18_md_7" in "/work/fmriprep_wf/single_subject_0073_wf/anat_preproc_wf/brain_extraction_wf/atropos_wf/18_md_7".
200815-07:14:01,893 nipype.workflow INFO:
	 [Node] Running "18_md_7" ("niworkflows.interfaces.ants.ImageMath"), a CommandLine Interface with command:
ImageMath 3 09_relabel_wm_maths_class-03_maths_maths_maths_maths.nii.gz MD /work/fmriprep_wf/single_subject_0073_wf/anat_preproc_wf/brain_extraction_wf/atropos_wf/17_comp_7/09_relabel_wm_maths_class-03_maths_maths_maths.nii.gz 4
200815-07:14:03,975 nipype.workflow INFO:
	 [Node] Finished "fmriprep_wf.single_subject_0073_wf.anat_preproc_wf.brain_extraction_wf.atropos_wf.18_md_7".
200815-07:14:06,830 nipype.workflow INFO:
	 [Node] Setting-up "fmriprep_wf.single_subject_0073_wf.anat_preproc_wf.brain_extraction_wf.atropos_wf.19_fill_7" in "/work/fmriprep_wf/single_subject_0073_wf/anat_preproc_wf/brain_extraction_wf/atropos_wf/19_fill_7".
200815-07:14:06,844 nipype.workflow INFO:
	 [Node] Running "19_fill_7" ("niworkflows.interfaces.ants.ImageMath"), a CommandLine Interface with command:
ImageMath 3 09_relabel_wm_maths_class-03_maths_maths_maths_maths_maths.nii.gz FillHoles /work/fmriprep_wf/single_subject_0073_wf/anat_preproc_wf/brain_extraction_wf/atropos_wf/18_md_7/09_relabel_wm_maths_class-03_maths_maths_maths_maths.nii.gz 2
200815-07:14:16,534 nipype.workflow INFO:
	 [Node] Finished "fmriprep_wf.single_subject_0073_wf.anat_preproc_wf.brain_extraction_wf.atropos_wf.19_fill_7".
200815-07:14:17,890 nipype.workflow INFO:
	 [Node] Setting-up "fmriprep_wf.single_subject_0073_wf.anat_preproc_wf.brain_extraction_wf.atropos_wf.20_add_7_2" in "/work/fmriprep_wf/single_subject_0073_wf/anat_preproc_wf/brain_extraction_wf/atropos_wf/20_add_7_2".
200815-07:14:17,905 nipype.workflow INFO:
	 [Node] Running "20_add_7_2" ("niworkflows.interfaces.ants.ImageMath"), a CommandLine Interface with command:
ImageMath 3 09_relabel_wm_maths_class-03_maths_maths_maths_maths_maths_maths.nii.gz addtozero /work/fmriprep_wf/single_subject_0073_wf/anat_preproc_wf/brain_extraction_wf/atropos_wf/19_fill_7/09_relabel_wm_maths_class-03_maths_maths_maths_maths_maths.nii.gz /work/fmriprep_wf/single_subject_0073_wf/anat_preproc_wf/brain_extraction_wf/atropos_wf/03_pad_mask/tpl-OASIS30ANTs_res-01_label-brain_probseg_trans_resampled_maths.nii.gz
200815-07:14:23,329 nipype.workflow INFO:
	 [Node] Finished "fmriprep_wf.single_subject_0073_wf.anat_preproc_wf.brain_extraction_wf.atropos_wf.20_add_7_2".
200815-07:14:23,896 nipype.workflow INFO:
	 [Node] Setting-up "fmriprep_wf.single_subject_0073_wf.anat_preproc_wf.brain_extraction_wf.atropos_wf.21_md_7_2" in "/work/fmriprep_wf/single_subject_0073_wf/anat_preproc_wf/brain_extraction_wf/atropos_wf/21_md_7_2".
200815-07:14:23,911 nipype.workflow INFO:
	 [Node] Running "21_md_7_2" ("niworkflows.interfaces.ants.ImageMath"), a CommandLine Interface with command:
ImageMath 3 09_relabel_wm_maths_class-03_maths_maths_maths_maths_maths_maths_maths.nii.gz MD /work/fmriprep_wf/single_subject_0073_wf/anat_preproc_wf/brain_extraction_wf/atropos_wf/20_add_7_2/09_relabel_wm_maths_class-03_maths_maths_maths_maths_maths_maths.nii.gz 5
200815-07:14:26,128 nipype.workflow INFO:
	 [Node] Finished "fmriprep_wf.single_subject_0073_wf.anat_preproc_wf.brain_extraction_wf.atropos_wf.21_md_7_2".
200815-07:14:27,900 nipype.workflow INFO:
	 [Node] Setting-up "fmriprep_wf.single_subject_0073_wf.anat_preproc_wf.brain_extraction_wf.atropos_wf.22_me_7_2" in "/work/fmriprep_wf/single_subject_0073_wf/anat_preproc_wf/brain_extraction_wf/atropos_wf/22_me_7_2".
200815-07:14:27,914 nipype.workflow INFO:
	 [Node] Running "22_me_7_2" ("niworkflows.interfaces.ants.ImageMath"), a CommandLine Interface with command:
ImageMath 3 09_relabel_wm_maths_class-03_maths_maths_maths_maths_maths_maths_maths_maths.nii.gz ME /work/fmriprep_wf/single_subject_0073_wf/anat_preproc_wf/brain_extraction_wf/atropos_wf/21_md_7_2/09_relabel_wm_maths_class-03_maths_maths_maths_maths_maths_maths_maths.nii.gz 5
200815-07:14:32,467 nipype.workflow INFO:
	 [Node] Finished "fmriprep_wf.single_subject_0073_wf.anat_preproc_wf.brain_extraction_wf.atropos_wf.22_me_7_2".
200815-07:14:33,908 nipype.workflow INFO:
	 [Node] Setting-up "fmriprep_wf.single_subject_0073_wf.anat_preproc_wf.brain_extraction_wf.atropos_wf.23_depad_mask" in "/work/fmriprep_wf/single_subject_0073_wf/anat_preproc_wf/brain_extraction_wf/atropos_wf/23_depad_mask".
200815-07:14:33,922 nipype.workflow INFO:
	 [Node] Running "23_depad_mask" ("niworkflows.interfaces.ants.ImageMath"), a CommandLine Interface with command:
ImageMath 3 09_relabel_wm_maths_class-03_maths_maths_maths_maths_maths_maths_maths_maths_maths.nii.gz PadImage /work/fmriprep_wf/single_subject_0073_wf/anat_preproc_wf/brain_extraction_wf/atropos_wf/22_me_7_2/09_relabel_wm_maths_class-03_maths_maths_maths_maths_maths_maths_maths_maths.nii.gz -10
200815-07:14:35,236 nipype.workflow INFO:
	 [Node] Finished "fmriprep_wf.single_subject_0073_wf.anat_preproc_wf.brain_extraction_wf.atropos_wf.23_depad_mask".
200815-07:14:35,905 nipype.workflow INFO:
	 [Node] Setting-up "fmriprep_wf.single_subject_0073_wf.anat_preproc_wf.brain_extraction_wf.atropos_wf.msk_conform" in "/work/fmriprep_wf/single_subject_0073_wf/anat_preproc_wf/brain_extraction_wf/atropos_wf/msk_conform".
200815-07:14:35,921 nipype.workflow INFO:
	 [Node] Running "msk_conform" ("nipype.interfaces.utility.wrappers.Function")
200815-07:14:36,146 nipype.workflow INFO:
	 [Node] Finished "fmriprep_wf.single_subject_0073_wf.anat_preproc_wf.brain_extraction_wf.atropos_wf.msk_conform".
200815-07:14:41,916 nipype.workflow INFO:
	 [Node] Setting-up "fmriprep_wf.single_subject_0073_wf.anat_preproc_wf.brain_extraction_wf.inu_n4_final" in "/work/fmriprep_wf/single_subject_0073_wf/anat_preproc_wf/brain_extraction_wf/inu_n4_final".
200815-07:14:41,931 nipype.workflow INFO:
	 [Node] Setting-up "_inu_n4_final0" in "/work/fmriprep_wf/single_subject_0073_wf/anat_preproc_wf/brain_extraction_wf/inu_n4_final/mapflow/_inu_n4_final0".
200815-07:14:41,943 nipype.workflow INFO:
	 [Node] Running "_inu_n4_final0" ("nipype.interfaces.ants.segmentation.N4BiasFieldCorrection"), a CommandLine Interface with command:
N4BiasFieldCorrection --bspline-fitting [ 200 ] -d 3 --input-image /work/fmriprep_wf/single_subject_0073_wf/anat_preproc_wf/anat_template_wf/t1w_merge/sub-0073_run-1_T1w_ras_template.nii.gz --convergence [ 50x50x50x50x50, 1e-07 ] --output [ sub-0073_run-1_T1w_ras_template_corrected.nii.gz, sub-0073_run-1_T1w_ras_template_bias.nii.gz ] -r --shrink-factor 4 --weight-image /work/fmriprep_wf/single_subject_0073_wf/anat_preproc_wf/brain_extraction_wf/atropos_wf/copy_xform/09_relabel_wm_maths_xform.nii.gz
200815-07:15:20,227 nipype.workflow INFO:
	 [Node] Finished "_inu_n4_final0".
200815-07:15:20,234 nipype.workflow INFO:
	 [Node] Finished "fmriprep_wf.single_subject_0073_wf.anat_preproc_wf.brain_extraction_wf.inu_n4_final".
200815-07:15:21,969 nipype.workflow INFO:
	 [Node] Setting-up "fmriprep_wf.single_subject_0073_wf.anat_preproc_wf.brain_extraction_wf.apply_mask" in "/work/fmriprep_wf/single_subject_0073_wf/anat_preproc_wf/brain_extraction_wf/apply_mask".
200815-07:15:21,982 nipype.workflow INFO:
	 [Node] Setting-up "_apply_mask0" in "/work/fmriprep_wf/single_subject_0073_wf/anat_preproc_wf/brain_extraction_wf/apply_mask/mapflow/_apply_mask0".
200815-07:15:21,994 nipype.workflow INFO:
	 [Node] Running "_apply_mask0" ("nipype.interfaces.fsl.maths.ApplyMask"), a CommandLine Interface with command:
fslmaths /work/fmriprep_wf/single_subject_0073_wf/anat_preproc_wf/brain_extraction_wf/inu_n4_final/mapflow/_inu_n4_final0/sub-0073_run-1_T1w_ras_template_corrected.nii.gz -mas /work/fmriprep_wf/single_subject_0073_wf/anat_preproc_wf/brain_extraction_wf/atropos_wf/copy_xform/09_relabel_wm_mask_xform.nii.gz /work/fmriprep_wf/single_subject_0073_wf/anat_preproc_wf/brain_extraction_wf/apply_mask/mapflow/_apply_mask0/sub-0073_run-1_T1w_ras_template_corrected_masked.nii.gz
200815-07:15:24,136 nipype.workflow INFO:
	 [Node] Finished "_apply_mask0".
200815-07:15:24,142 nipype.workflow INFO:
	 [Node] Finished "fmriprep_wf.single_subject_0073_wf.anat_preproc_wf.brain_extraction_wf.apply_mask".
200815-07:15:33,172 nipype.workflow INFO:
	 [Node] Setting-up "fmriprep_wf.single_subject_0073_wf.anat_preproc_wf.anat_norm_wf.trunc_mov" in "/work/fmriprep_wf/single_subject_0073_wf/anat_preproc_wf/anat_norm_wf/_template_MNI152NLin2009cAsym/trunc_mov".
200815-07:15:33,173 nipype.workflow INFO:
	 [Node] Setting-up "fmriprep_wf.single_subject_0073_wf.anat_preproc_wf.anat_norm_wf.trunc_mov" in "/work/fmriprep_wf/single_subject_0073_wf/anat_preproc_wf/anat_norm_wf/_template_MNI152NLin6Asym/trunc_mov".
200815-07:15:33,185 nipype.workflow INFO:
	 [Node] Running "trunc_mov" ("niworkflows.interfaces.ants.ImageMath"), a CommandLine Interface with command:
ImageMath 3 sub-0073_run-1_T1w_ras_template_corrected_xform_maths.nii.gz TruncateImageIntensity /work/fmriprep_wf/single_subject_0073_wf/anat_preproc_wf/brain_extraction_wf/copy_xform/sub-0073_run-1_T1w_ras_template_corrected_xform.nii.gz 0.01 0.999 256
200815-07:15:33,187 nipype.workflow INFO:
	 [Node] Running "trunc_mov" ("niworkflows.interfaces.ants.ImageMath"), a CommandLine Interface with command:
ImageMath 3 sub-0073_run-1_T1w_ras_template_corrected_xform_maths.nii.gz TruncateImageIntensity /work/fmriprep_wf/single_subject_0073_wf/anat_preproc_wf/brain_extraction_wf/copy_xform/sub-0073_run-1_T1w_ras_template_corrected_xform.nii.gz 0.01 0.999 256
200815-07:15:38,224 nipype.workflow INFO:
	 [Node] Finished "fmriprep_wf.single_subject_0073_wf.anat_preproc_wf.anat_norm_wf.trunc_mov".
200815-07:15:38,247 nipype.workflow INFO:
	 [Node] Finished "fmriprep_wf.single_subject_0073_wf.anat_preproc_wf.anat_norm_wf.trunc_mov".
200815-07:15:48,585 nipype.workflow ERROR:
	 could not run node: fmriprep_wf.single_subject_0073_wf.anat_preproc_wf.surface_recon_wf.autorecon1
200815-07:15:48,586 nipype.workflow CRITICAL:
	 fMRIPrep failed: Workflow did not execute cleanly. Check log for details
200815-07:15:49,816 cli ERROR:
	 Preprocessing did not finish successfully. Errors occurred while processing data from participants: 0073 (1). Check the HTML reports for details.
Finished tasks 6 with exit code 1
