cp: cannot create regular file 'fmriprep_home_1120/.freesurfer/license.txt': No such file or directory
find: ‘/home/vincentq/scratch/ET_fmriprep_anat_20.1.1/freesurfer-6.0.1/sub-1120/’: No such file or directory
usage: fmriprep [-h] [--version] [--skip_bids_validation]
                [--participant-label PARTICIPANT_LABEL [PARTICIPANT_LABEL ...]]
                [-t TASK_ID] [--echo-idx ECHO_IDX] [--bids-filter-file FILE]
                [--anat-derivatives PATH] [--nprocs NPROCS]
                [--omp-nthreads OMP_NTHREADS] [--mem MEMORY_GB] [--low-mem]
                [--use-plugin FILE] [--anat-only] [--boilerplate_only]
                [--md-only-boilerplate] [--error-on-aroma-warnings] [-v]
                [--ignore {fieldmaps,slicetiming,sbref} [{fieldmaps,slicetiming,sbref} ...]]
                [--longitudinal]
                [--output-spaces [OUTPUT_SPACES [OUTPUT_SPACES ...]]]
                [--bold2t1w-init {register,header}] [--bold2t1w-dof {6,9,12}]
                [--force-bbr] [--force-no-bbr] [--medial-surface-nan]
                [--dummy-scans DUMMY_SCANS] [--random-seed RANDOM_SEED]
                [--use-aroma]
                [--aroma-melodic-dimensionality AROMA_MELODIC_DIM]
                [--return-all-components]
                [--fd-spike-threshold REGRESSORS_FD_TH]
                [--dvars-spike-threshold REGRESSORS_DVARS_TH]
                [--skull-strip-template SKULL_STRIP_TEMPLATE]
                [--skull-strip-fixed-seed]
                [--skull-strip-t1w {auto,skip,force}] [--fmap-bspline]
                [--fmap-no-demean] [--use-syn-sdc] [--force-syn]
                [--fs-license-file FILE] [--fs-subjects-dir PATH]
                [--no-submm-recon] [--cifti-output [{91k,170k}] |
                --fs-no-reconall] [-w WORK_DIR] [--clean-workdir]
                [--resource-monitor] [--reports-only] [--run-uuid RUN_UUID]
                [--write-graph] [--stop-on-first-crash] [--notrack] [--sloppy]
                bids_dir output_dir {participant}
fmriprep: error: Path does not exist: </home/fmriprep/.freesurfer/license.txt>.
